{"/workspace/frontend/src/components/auth/Login.tsx": {"path":"/workspace/frontend/src/components/auth/Login.tsx","statementMap":{"0":{"start":{"line":9,"column":16},"end":{"line":9,"column":null}},"1":{"start":{"line":1,"column":25},"end":{"line":1,"column":null}},"2":{"start":{"line":2,"column":26},"end":{"line":2,"column":null}},"3":{"start":{"line":3,"column":23},"end":{"line":3,"column":null}},"4":{"start":{"line":4,"column":22},"end":{"line":4,"column":null}},"5":{"start":{"line":5,"column":69},"end":{"line":5,"column":null}},"6":{"start":{"line":6,"column":24},"end":{"line":6,"column":null}},"7":{"start":{"line":10,"column":28},"end":{"line":10,"column":null}},"8":{"start":{"line":11,"column":34},"end":{"line":11,"column":null}},"9":{"start":{"line":12,"column":28},"end":{"line":12,"column":null}},"10":{"start":{"line":13,"column":36},"end":{"line":13,"column":null}},"11":{"start":{"line":14,"column":20},"end":{"line":14,"column":null}},"12":{"start":{"line":15,"column":17},"end":{"line":15,"column":null}},"13":{"start":{"line":17,"column":23},"end":{"line":31,"column":null}},"14":{"start":{"line":18,"column":4},"end":{"line":18,"column":null}},"15":{"start":{"line":19,"column":4},"end":{"line":19,"column":null}},"16":{"start":{"line":20,"column":4},"end":{"line":20,"column":null}},"17":{"start":{"line":22,"column":4},"end":{"line":30,"column":null}},"18":{"start":{"line":23,"column":6},"end":{"line":23,"column":null}},"19":{"start":{"line":24,"column":6},"end":{"line":24,"column":null}},"20":{"start":{"line":26,"column":6},"end":{"line":26,"column":null}},"21":{"start":{"line":27,"column":6},"end":{"line":27,"column":null}},"22":{"start":{"line":29,"column":6},"end":{"line":29,"column":null}},"23":{"start":{"line":54,"column":33},"end":{"line":54,"column":null}},"24":{"start":{"line":67,"column":33},"end":{"line":67,"column":null}}},"fnMap":{"0":{"name":"Login","decl":{"start":{"line":9,"column":16},"end":{"line":9,"column":null}},"loc":{"start":{"line":9,"column":16},"end":{"line":82,"column":null}}},"1":{"name":"(anonymous_2)","decl":{"start":{"line":17,"column":23},"end":{"line":17,"column":30}},"loc":{"start":{"line":17,"column":30},"end":{"line":31,"column":null}}},"2":{"name":"(anonymous_3)","decl":{"start":{"line":54,"column":26},"end":{"line":54,"column":27}},"loc":{"start":{"line":54,"column":33},"end":{"line":54,"column":null}}},"3":{"name":"(anonymous_4)","decl":{"start":{"line":67,"column":26},"end":{"line":67,"column":27}},"loc":{"start":{"line":67,"column":33},"end":{"line":67,"column":null}}}},"branchMap":{"0":{"loc":{"start":{"line":41,"column":13},"end":{"line":41,"column":null}},"type":"binary-expr","locations":[{"start":{"line":41,"column":13},"end":{"line":41,"column":null}}]},"1":{"loc":{"start":{"line":75,"column":15},"end":{"line":75,"column":null}},"type":"cond-expr","locations":[{"start":{"line":75,"column":27},"end":{"line":75,"column":39}},{"start":{"line":75,"column":39},"end":{"line":75,"column":null}}]}},"s":{"0":0,"1":0,"2":0,"3":0,"4":0,"5":0,"6":0,"7":0,"8":0,"9":0,"10":0,"11":0,"12":0,"13":0,"14":0,"15":0,"16":0,"17":0,"18":0,"19":0,"20":0,"21":0,"22":0,"23":0,"24":0},"f":{"0":0,"1":0,"2":0,"3":0},"b":{"0":[0],"1":[0,0]}}
,"/workspace/frontend/src/components/auth/ProtectedRoute.tsx": {"path":"/workspace/frontend/src/components/auth/ProtectedRoute.tsx","statementMap":{"0":{"start":{"line":15,"column":13},"end":{"line":15,"column":27}},"1":{"start":{"line":72,"column":13},"end":{"line":72,"column":21}},"2":{"start":{"line":3,"column":33},"end":{"line":3,"column":null}},"3":{"start":{"line":4,"column":26},"end":{"line":4,"column":null}},"4":{"start":{"line":5,"column":24},"end":{"line":5,"column":null}},"5":{"start":{"line":6,"column":24},"end":{"line":6,"column":null}},"6":{"start":{"line":15,"column":61},"end":{"line":69,"column":null}},"7":{"start":{"line":20,"column":30},"end":{"line":20,"column":null}},"8":{"start":{"line":21,"column":17},"end":{"line":21,"column":null}},"9":{"start":{"line":23,"column":2},"end":{"line":28,"column":null}},"10":{"start":{"line":24,"column":4},"end":{"line":27,"column":null}},"11":{"start":{"line":26,"column":6},"end":{"line":26,"column":null}},"12":{"start":{"line":31,"column":2},"end":{"line":39,"column":null}},"13":{"start":{"line":42,"column":2},"end":{"line":44,"column":null}},"14":{"start":{"line":43,"column":4},"end":{"line":43,"column":null}},"15":{"start":{"line":47,"column":2},"end":{"line":66,"column":null}},"16":{"start":{"line":58,"column":27},"end":{"line":58,"column":null}},"17":{"start":{"line":72,"column":24},"end":{"line":87,"column":null}},"18":{"start":{"line":76,"column":33},"end":{"line":82,"column":null}},"19":{"start":{"line":84,"column":2},"end":{"line":84,"column":null}},"20":{"start":{"line":86,"column":2},"end":{"line":86,"column":null}}},"fnMap":{"0":{"name":"(anonymous_6)","decl":{"start":{"line":15,"column":61},"end":{"line":15,"column":62}},"loc":{"start":{"line":19,"column":1},"end":{"line":69,"column":null}}},"1":{"name":"(anonymous_7)","decl":{"start":{"line":23,"column":12},"end":{"line":23,"column":null}},"loc":{"start":{"line":23,"column":12},"end":{"line":28,"column":5}}},"2":{"name":"(anonymous_8)","decl":{"start":{"line":58,"column":21},"end":{"line":58,"column":27}},"loc":{"start":{"line":58,"column":27},"end":{"line":58,"column":null}}},"3":{"name":"(anonymous_9)","decl":{"start":{"line":72,"column":24},"end":{"line":72,"column":null}},"loc":{"start":{"line":74,"column":2},"end":{"line":87,"column":null}}},"4":{"name":"(anonymous_10)","decl":{"start":{"line":76,"column":33},"end":{"line":76,"column":34}},"loc":{"start":{"line":76,"column":34},"end":{"line":82,"column":null}}}},"branchMap":{"0":{"loc":{"start":{"line":24,"column":4},"end":{"line":27,"column":null}},"type":"if","locations":[{"start":{"line":24,"column":4},"end":{"line":27,"column":null}}]},"1":{"loc":{"start":{"line":24,"column":8},"end":{"line":24,"column":29}},"type":"binary-expr","locations":[{"start":{"line":24,"column":8},"end":{"line":24,"column":22}},{"start":{"line":24,"column":22},"end":{"line":24,"column":29}}]},"2":{"loc":{"start":{"line":31,"column":2},"end":{"line":39,"column":null}},"type":"if","locations":[{"start":{"line":31,"column":2},"end":{"line":39,"column":null}}]},"3":{"loc":{"start":{"line":33,"column":6},"end":{"line":33,"column":null}},"type":"binary-expr","locations":[{"start":{"line":33,"column":6},"end":{"line":33,"column":null}}]},"4":{"loc":{"start":{"line":42,"column":2},"end":{"line":44,"column":null}},"type":"if","locations":[{"start":{"line":42,"column":2},"end":{"line":44,"column":null}}]},"5":{"loc":{"start":{"line":47,"column":2},"end":{"line":66,"column":null}},"type":"if","locations":[{"start":{"line":47,"column":2},"end":{"line":66,"column":null}}]},"6":{"loc":{"start":{"line":47,"column":6},"end":{"line":47,"column":50}},"type":"binary-expr","locations":[{"start":{"line":47,"column":6},"end":{"line":47,"column":22}},{"start":{"line":47,"column":22},"end":{"line":47,"column":50}}]},"7":{"loc":{"start":{"line":84,"column":51},"end":{"line":84,"column":90}},"type":"binary-expr","locations":[{"start":{"line":84,"column":51},"end":{"line":84,"column":72}},{"start":{"line":84,"column":76},"end":{"line":84,"column":90}}]}},"s":{"0":0,"1":0,"2":0,"3":0,"4":0,"5":0,"6":0,"7":0,"8":0,"9":0,"10":0,"11":0,"12":0,"13":0,"14":0,"15":0,"16":0,"17":0,"18":0,"19":0,"20":0},"f":{"0":0,"1":0,"2":0,"3":0,"4":0},"b":{"0":[0],"1":[0,0],"2":[0],"3":[0],"4":[0],"5":[0],"6":[0,0],"7":[0,0]}}
,"/workspace/frontend/src/components/auth/Register.tsx": {"path":"/workspace/frontend/src/components/auth/Register.tsx","statementMap":{"0":{"start":{"line":16,"column":13},"end":{"line":16,"column":49}},"1":{"start":{"line":3,"column":32},"end":{"line":3,"column":null}},"2":{"start":{"line":4,"column":26},"end":{"line":4,"column":null}},"3":{"start":{"line":5,"column":17},"end":{"line":5,"column":null}},"4":{"start":{"line":6,"column":23},"end":{"line":6,"column":null}},"5":{"start":{"line":7,"column":22},"end":{"line":7,"column":null}},"6":{"start":{"line":8,"column":58},"end":{"line":8,"column":null}},"7":{"start":{"line":9,"column":24},"end":{"line":9,"column":null}},"8":{"start":{"line":16,"column":49},"end":{"line":186,"column":null}},"9":{"start":{"line":17,"column":34},"end":{"line":22,"column":null}},"10":{"start":{"line":23,"column":48},"end":{"line":23,"column":null}},"11":{"start":{"line":24,"column":36},"end":{"line":24,"column":null}},"12":{"start":{"line":25,"column":28},"end":{"line":25,"column":null}},"13":{"start":{"line":27,"column":23},"end":{"line":27,"column":null}},"14":{"start":{"line":28,"column":17},"end":{"line":28,"column":null}},"15":{"start":{"line":30,"column":23},"end":{"line":74,"column":null}},"16":{"start":{"line":31,"column":4},"end":{"line":31,"column":null}},"17":{"start":{"line":32,"column":4},"end":{"line":32,"column":null}},"18":{"start":{"line":33,"column":4},"end":{"line":33,"column":null}},"19":{"start":{"line":36,"column":4},"end":{"line":40,"column":null}},"20":{"start":{"line":37,"column":6},"end":{"line":37,"column":null}},"21":{"start":{"line":38,"column":6},"end":{"line":38,"column":null}},"22":{"start":{"line":39,"column":6},"end":{"line":39,"column":null}},"23":{"start":{"line":43,"column":4},"end":{"line":47,"column":null}},"24":{"start":{"line":44,"column":6},"end":{"line":44,"column":null}},"25":{"start":{"line":45,"column":6},"end":{"line":45,"column":null}},"26":{"start":{"line":46,"column":6},"end":{"line":46,"column":null}},"27":{"start":{"line":49,"column":4},"end":{"line":73,"column":null}},"28":{"start":{"line":51,"column":6},"end":{"line":55,"column":null}},"29":{"start":{"line":52,"column":8},"end":{"line":52,"column":null}},"30":{"start":{"line":53,"column":8},"end":{"line":53,"column":null}},"31":{"start":{"line":54,"column":8},"end":{"line":54,"column":null}},"32":{"start":{"line":57,"column":6},"end":{"line":62,"column":null}},"33":{"start":{"line":64,"column":6},"end":{"line":68,"column":null}},"34":{"start":{"line":65,"column":8},"end":{"line":65,"column":null}},"35":{"start":{"line":67,"column":8},"end":{"line":67,"column":null}},"36":{"start":{"line":70,"column":6},"end":{"line":70,"column":null}},"37":{"start":{"line":72,"column":6},"end":{"line":72,"column":null}},"38":{"start":{"line":76,"column":23},"end":{"line":82,"column":null}},"39":{"start":{"line":77,"column":28},"end":{"line":77,"column":36}},"40":{"start":{"line":78,"column":4},"end":{"line":81,"column":null}},"41":{"start":{"line":78,"column":25},"end":{"line":81,"column":null}},"42":{"start":{"line":149,"column":27},"end":{"line":149,"column":null}}},"fnMap":{"0":{"name":"(anonymous_5)","decl":{"start":{"line":16,"column":49},"end":{"line":16,"column":50}},"loc":{"start":{"line":16,"column":63},"end":{"line":186,"column":null}}},"1":{"name":"(anonymous_6)","decl":{"start":{"line":30,"column":23},"end":{"line":30,"column":30}},"loc":{"start":{"line":30,"column":30},"end":{"line":74,"column":null}}},"2":{"name":"(anonymous_7)","decl":{"start":{"line":76,"column":23},"end":{"line":76,"column":24}},"loc":{"start":{"line":76,"column":24},"end":{"line":82,"column":null}}},"3":{"name":"(anonymous_8)","decl":{"start":{"line":78,"column":16},"end":{"line":78,"column":25}},"loc":{"start":{"line":78,"column":25},"end":{"line":81,"column":null}}},"4":{"name":"(anonymous_9)","decl":{"start":{"line":149,"column":22},"end":{"line":149,"column":27}},"loc":{"start":{"line":149,"column":27},"end":{"line":149,"column":null}}}},"branchMap":{"0":{"loc":{"start":{"line":36,"column":4},"end":{"line":40,"column":null}},"type":"if","locations":[{"start":{"line":36,"column":4},"end":{"line":40,"column":null}}]},"1":{"loc":{"start":{"line":43,"column":4},"end":{"line":47,"column":null}},"type":"if","locations":[{"start":{"line":43,"column":4},"end":{"line":47,"column":null}}]},"2":{"loc":{"start":{"line":51,"column":6},"end":{"line":55,"column":null}},"type":"if","locations":[{"start":{"line":51,"column":6},"end":{"line":55,"column":null}}]},"3":{"loc":{"start":{"line":51,"column":10},"end":{"line":51,"column":53}},"type":"binary-expr","locations":[{"start":{"line":51,"column":10},"end":{"line":51,"column":30}},{"start":{"line":51,"column":34},"end":{"line":51,"column":53}}]},"4":{"loc":{"start":{"line":64,"column":6},"end":{"line":68,"column":null}},"type":"if","locations":[{"start":{"line":64,"column":6},"end":{"line":68,"column":null}},{"start":{"line":66,"column":13},"end":{"line":68,"column":null}}]},"5":{"loc":{"start":{"line":70,"column":15},"end":{"line":70,"column":null}},"type":"binary-expr","locations":[{"start":{"line":70,"column":15},"end":{"line":70,"column":26}},{"start":{"line":70,"column":30},"end":{"line":70,"column":null}}]},"6":{"loc":{"start":{"line":155,"column":11},"end":{"line":155,"column":null}},"type":"binary-expr","locations":[{"start":{"line":155,"column":11},"end":{"line":155,"column":null}}]},"7":{"loc":{"start":{"line":168,"column":13},"end":{"line":168,"column":null}},"type":"cond-expr","locations":[{"start":{"line":168,"column":25},"end":{"line":168,"column":44}},{"start":{"line":168,"column":44},"end":{"line":168,"column":null}}]}},"s":{"0":0,"1":0,"2":0,"3":0,"4":0,"5":0,"6":0,"7":0,"8":0,"9":0,"10":0,"11":0,"12":0,"13":0,"14":0,"15":0,"16":0,"17":0,"18":0,"19":0,"20":0,"21":0,"22":0,"23":0,"24":0,"25":0,"26":0,"27":0,"28":0,"29":0,"30":0,"31":0,"32":0,"33":0,"34":0,"35":0,"36":0,"37":0,"38":0,"39":0,"40":0,"41":0,"42":0},"f":{"0":0,"1":0,"2":0,"3":0,"4":0},"b":{"0":[0],"1":[0],"2":[0],"3":[0,0],"4":[0,0],"5":[0,0],"6":[0],"7":[0,0]}}
,"/workspace/frontend/src/components/auth/index.ts": {"path":"/workspace/frontend/src/components/auth/index.ts","statementMap":{"0":{"start":{"line":1,"column":9},"end":{"line":1,"column":22}},"1":{"start":{"line":3,"column":9},"end":{"line":3,"column":25}},"2":{"start":{"line":2,"column":9},"end":{"line":2,"column":25}},"3":{"start":{"line":3,"column":25},"end":{"line":3,"column":41}},"4":{"start":{"line":1,"column":22},"end":{"line":1,"column":null}},"5":{"start":{"line":2,"column":25},"end":{"line":2,"column":null}},"6":{"start":{"line":3,"column":41},"end":{"line":3,"column":null}}},"fnMap":{},"branchMap":{},"s":{"0":0,"1":0,"2":0,"3":0,"4":0,"5":0,"6":0},"f":{},"b":{}}
,"/workspace/frontend/src/components/channels/AddChannelModal.tsx": {"path":"/workspace/frontend/src/components/channels/AddChannelModal.tsx","statementMap":{"0":{"start":{"line":101,"column":13},"end":{"line":101,"column":63}},"1":{"start":{"line":1,"column":43},"end":{"line":1,"column":null}},"2":{"start":{"line":2,"column":36},"end":{"line":2,"column":null}},"3":{"start":{"line":3,"column":28},"end":{"line":3,"column":null}},"4":{"start":{"line":4,"column":19},"end":{"line":4,"column":null}},"5":{"start":{"line":5,"column":23},"end":{"line":5,"column":null}},"6":{"start":{"line":13,"column":7},"end":{"line":13,"column":null}},"7":{"start":{"line":14,"column":22},"end":{"line":14,"column":null}},"8":{"start":{"line":15,"column":25},"end":{"line":15,"column":null}},"9":{"start":{"line":16,"column":22},"end":{"line":16,"column":null}},"10":{"start":{"line":17,"column":78},"end":{"line":17,"column":null}},"11":{"start":{"line":18,"column":73},"end":{"line":18,"column":null}},"12":{"start":{"line":22,"column":27},"end":{"line":65,"column":null}},"13":{"start":{"line":68,"column":28},"end":{"line":90,"column":null}},"14":{"start":{"line":69,"column":21},"end":{"line":78,"column":null}},"15":{"start":{"line":73,"column":21},"end":{"line":73,"column":52}},"16":{"start":{"line":74,"column":6},"end":{"line":74,"column":null}},"17":{"start":{"line":81,"column":25},"end":{"line":87,"column":null}},"18":{"start":{"line":89,"column":2},"end":{"line":89,"column":null}},"19":{"start":{"line":101,"column":63},"end":{"line":378,"column":null}},"20":{"start":{"line":102,"column":42},"end":{"line":102,"column":null}},"21":{"start":{"line":111,"column":6},"end":{"line":120,"column":null}},"22":{"start":{"line":122,"column":22},"end":{"line":122,"column":null}},"23":{"start":{"line":125,"column":2},"end":{"line":136,"column":null}},"24":{"start":{"line":126,"column":4},"end":{"line":135,"column":null}},"25":{"start":{"line":127,"column":6},"end":{"line":133,"column":null}},"26":{"start":{"line":134,"column":6},"end":{"line":134,"column":null}},"27":{"start":{"line":139,"column":2},"end":{"line":143,"column":null}},"28":{"start":{"line":140,"column":4},"end":{"line":142,"column":null}},"29":{"start":{"line":141,"column":6},"end":{"line":141,"column":null}},"30":{"start":{"line":145,"column":19},"end":{"line":148,"column":null}},"31":{"start":{"line":146,"column":4},"end":{"line":146,"column":null}},"32":{"start":{"line":147,"column":4},"end":{"line":147,"column":15}},"33":{"start":{"line":150,"column":24},"end":{"line":150,"column":56}},"34":{"start":{"line":151,"column":24},"end":{"line":151,"column":42}},"35":{"start":{"line":174,"column":20},"end":{"line":174,"column":null}},"36":{"start":{"line":175,"column":20},"end":{"line":175,"column":41}},"37":{"start":{"line":182,"column":37},"end":{"line":182,"column":48}},"38":{"start":{"line":183,"column":24},"end":{"line":184,"column":48}}},"fnMap":{"0":{"name":"(anonymous_4)","decl":{"start":{"line":68,"column":28},"end":{"line":68,"column":29}},"loc":{"start":{"line":68,"column":29},"end":{"line":90,"column":null}}},"1":{"name":"(anonymous_5)","decl":{"start":{"line":72,"column":65},"end":{"line":72,"column":null}},"loc":{"start":{"line":72,"column":65},"end":{"line":75,"column":7}}},"2":{"name":"(anonymous_6)","decl":{"start":{"line":101,"column":63},"end":{"line":101,"column":64}},"loc":{"start":{"line":101,"column":90},"end":{"line":378,"column":null}}},"3":{"name":"(anonymous_7)","decl":{"start":{"line":125,"column":12},"end":{"line":125,"column":null}},"loc":{"start":{"line":125,"column":12},"end":{"line":136,"column":5}}},"4":{"name":"(anonymous_8)","decl":{"start":{"line":139,"column":12},"end":{"line":139,"column":null}},"loc":{"start":{"line":139,"column":12},"end":{"line":143,"column":5}}},"5":{"name":"(anonymous_9)","decl":{"start":{"line":145,"column":19},"end":{"line":145,"column":26}},"loc":{"start":{"line":145,"column":26},"end":{"line":148,"column":null}}},"6":{"name":"(anonymous_11)","decl":{"start":{"line":173,"column":61},"end":{"line":173,"column":62}},"loc":{"start":{"line":173,"column":62},"end":{"line":176,"column":null}}},"7":{"name":"(anonymous_12)","decl":{"start":{"line":181,"column":62},"end":{"line":181,"column":63}},"loc":{"start":{"line":181,"column":76},"end":{"line":191,"column":null}}}},"branchMap":{"0":{"loc":{"start":{"line":126,"column":4},"end":{"line":135,"column":null}},"type":"if","locations":[{"start":{"line":126,"column":4},"end":{"line":135,"column":null}}]},"1":{"loc":{"start":{"line":140,"column":4},"end":{"line":142,"column":null}},"type":"if","locations":[{"start":{"line":140,"column":4},"end":{"line":142,"column":null}}]},"2":{"loc":{"start":{"line":140,"column":8},"end":{"line":140,"column":53}},"type":"binary-expr","locations":[{"start":{"line":140,"column":8},"end":{"line":140,"column":23}},{"start":{"line":140,"column":23},"end":{"line":140,"column":53}}]},"3":{"loc":{"start":{"line":196,"column":15},"end":{"line":196,"column":26}},"type":"binary-expr","locations":[{"start":{"line":196,"column":15},"end":{"line":196,"column":26}}]},"4":{"loc":{"start":{"line":223,"column":15},"end":{"line":223,"column":26}},"type":"binary-expr","locations":[{"start":{"line":223,"column":15},"end":{"line":223,"column":26}}]},"5":{"loc":{"start":{"line":244,"column":15},"end":{"line":244,"column":25}},"type":"binary-expr","locations":[{"start":{"line":244,"column":15},"end":{"line":244,"column":25}}]},"6":{"loc":{"start":{"line":267,"column":15},"end":{"line":267,"column":33}},"type":"binary-expr","locations":[{"start":{"line":267,"column":15},"end":{"line":267,"column":33}}]},"7":{"loc":{"start":{"line":274,"column":11},"end":{"line":274,"column":null}},"type":"binary-expr","locations":[{"start":{"line":274,"column":11},"end":{"line":274,"column":null}}]},"8":{"loc":{"start":{"line":300,"column":11},"end":{"line":300,"column":null}},"type":"binary-expr","locations":[{"start":{"line":300,"column":11},"end":{"line":300,"column":null}}]},"9":{"loc":{"start":{"line":370,"column":15},"end":{"line":370,"column":31}},"type":"binary-expr","locations":[{"start":{"line":370,"column":15},"end":{"line":370,"column":31}}]}},"s":{"0":0,"1":0,"2":0,"3":0,"4":0,"5":0,"6":0,"7":0,"8":0,"9":0,"10":0,"11":0,"12":0,"13":0,"14":0,"15":0,"16":0,"17":0,"18":0,"19":0,"20":0,"21":0,"22":0,"23":0,"24":0,"25":0,"26":0,"27":0,"28":0,"29":0,"30":0,"31":0,"32":0,"33":0,"34":0,"35":0,"36":0,"37":0,"38":0},"f":{"0":0,"1":0,"2":0,"3":0,"4":0,"5":0,"6":0,"7":0},"b":{"0":[0],"1":[0],"2":[0,0],"3":[0],"4":[0],"5":[0],"6":[0],"7":[0],"8":[0],"9":[0]}}
,"/workspace/frontend/src/components/channels/ChannelActions.tsx": {"path":"/workspace/frontend/src/components/channels/ChannelActions.tsx","statementMap":{"0":{"start":{"line":20,"column":16},"end":{"line":20,"column":31}},"1":{"start":{"line":1,"column":32},"end":{"line":1,"column":null}},"2":{"start":{"line":2,"column":23},"end":{"line":2,"column":null}},"3":{"start":{"line":10,"column":7},"end":{"line":10,"column":null}},"4":{"start":{"line":26,"column":42},"end":{"line":26,"column":null}},"5":{"start":{"line":27,"column":38},"end":{"line":27,"column":null}},"6":{"start":{"line":29,"column":23},"end":{"line":46,"column":null}},"7":{"start":{"line":30,"column":4},"end":{"line":45,"column":null}},"8":{"start":{"line":31,"column":6},"end":{"line":41,"column":null}},"9":{"start":{"line":33,"column":10},"end":{"line":33,"column":null}},"10":{"start":{"line":34,"column":10},"end":{"line":34,"column":null}},"11":{"start":{"line":36,"column":10},"end":{"line":36,"column":null}},"12":{"start":{"line":37,"column":10},"end":{"line":37,"column":null}},"13":{"start":{"line":39,"column":10},"end":{"line":39,"column":null}},"14":{"start":{"line":40,"column":10},"end":{"line":40,"column":null}},"15":{"start":{"line":42,"column":6},"end":{"line":42,"column":null}},"16":{"start":{"line":44,"column":6},"end":{"line":44,"column":null}},"17":{"start":{"line":56,"column":14},"end":{"line":56,"column":null}},"18":{"start":{"line":57,"column":14},"end":{"line":57,"column":null}},"19":{"start":{"line":77,"column":29},"end":{"line":77,"column":null}},"20":{"start":{"line":96,"column":12},"end":{"line":96,"column":null}},"21":{"start":{"line":97,"column":12},"end":{"line":97,"column":null}},"22":{"start":{"line":109,"column":12},"end":{"line":109,"column":null}},"23":{"start":{"line":110,"column":12},"end":{"line":110,"column":null}}},"fnMap":{"0":{"name":"ChannelActions","decl":{"start":{"line":20,"column":16},"end":{"line":20,"column":31}},"loc":{"start":{"line":25,"column":22},"end":{"line":118,"column":null}}},"1":{"name":"(anonymous_5)","decl":{"start":{"line":29,"column":23},"end":{"line":29,"column":null}},"loc":{"start":{"line":29,"column":23},"end":{"line":46,"column":null}}},"2":{"name":"(anonymous_6)","decl":{"start":{"line":55,"column":21},"end":{"line":55,"column":null}},"loc":{"start":{"line":55,"column":21},"end":{"line":58,"column":null}}},"3":{"name":"(anonymous_7)","decl":{"start":{"line":77,"column":23},"end":{"line":77,"column":29}},"loc":{"start":{"line":77,"column":29},"end":{"line":77,"column":null}}},"4":{"name":"(anonymous_8)","decl":{"start":{"line":95,"column":19},"end":{"line":95,"column":null}},"loc":{"start":{"line":95,"column":19},"end":{"line":98,"column":null}}},"5":{"name":"(anonymous_9)","decl":{"start":{"line":108,"column":19},"end":{"line":108,"column":null}},"loc":{"start":{"line":108,"column":19},"end":{"line":111,"column":null}}}},"branchMap":{"0":{"loc":{"start":{"line":31,"column":6},"end":{"line":41,"column":null}},"type":"switch","locations":[{"start":{"line":32,"column":8},"end":{"line":34,"column":null}},{"start":{"line":35,"column":8},"end":{"line":37,"column":null}},{"start":{"line":38,"column":8},"end":{"line":40,"column":null}}]},"1":{"loc":{"start":{"line":68,"column":15},"end":{"line":68,"column":null}},"type":"binary-expr","locations":[{"start":{"line":68,"column":15},"end":{"line":68,"column":42}},{"start":{"line":68,"column":42},"end":{"line":68,"column":null}}]},"2":{"loc":{"start":{"line":69,"column":15},"end":{"line":69,"column":null}},"type":"binary-expr","locations":[{"start":{"line":69,"column":15},"end":{"line":69,"column":44}},{"start":{"line":69,"column":44},"end":{"line":69,"column":null}}]},"3":{"loc":{"start":{"line":70,"column":15},"end":{"line":70,"column":null}},"type":"binary-expr","locations":[{"start":{"line":70,"column":15},"end":{"line":70,"column":46}},{"start":{"line":70,"column":46},"end":{"line":70,"column":null}}]},"4":{"loc":{"start":{"line":91,"column":7},"end":{"line":91,"column":null}},"type":"binary-expr","locations":[{"start":{"line":91,"column":7},"end":{"line":91,"column":null}}]},"5":{"loc":{"start":{"line":104,"column":7},"end":{"line":104,"column":null}},"type":"binary-expr","locations":[{"start":{"line":104,"column":7},"end":{"line":104,"column":null}}]}},"s":{"0":0,"1":0,"2":0,"3":0,"4":0,"5":0,"6":0,"7":0,"8":0,"9":0,"10":0,"11":0,"12":0,"13":0,"14":0,"15":0,"16":0,"17":0,"18":0,"19":0,"20":0,"21":0,"22":0,"23":0},"f":{"0":0,"1":0,"2":0,"3":0,"4":0,"5":0},"b":{"0":[0,0,0],"1":[0,0],"2":[0,0],"3":[0,0],"4":[0],"5":[0]}}
,"/workspace/frontend/src/components/channels/ChannelCard.tsx": {"path":"/workspace/frontend/src/components/channels/ChannelCard.tsx","statementMap":{"0":{"start":{"line":87,"column":9},"end":{"line":87,"column":null}},"1":{"start":{"line":3,"column":18},"end":{"line":3,"column":null}},"2":{"start":{"line":4,"column":34},"end":{"line":4,"column":null}},"3":{"start":{"line":5,"column":22},"end":{"line":5,"column":null}},"4":{"start":{"line":6,"column":23},"end":{"line":6,"column":null}},"5":{"start":{"line":7,"column":27},"end":{"line":7,"column":null}},"6":{"start":{"line":15,"column":48},"end":{"line":85,"column":null}},"7":{"start":{"line":16,"column":20},"end":{"line":16,"column":null}},"8":{"start":{"line":17,"column":27},"end":{"line":17,"column":null}},"9":{"start":{"line":19,"column":25},"end":{"line":30,"column":null}},"10":{"start":{"line":20,"column":4},"end":{"line":29,"column":null}},"11":{"start":{"line":77,"column":27},"end":{"line":77,"column":null}}},"fnMap":{"0":{"name":"(anonymous_2)","decl":{"start":{"line":15,"column":48},"end":{"line":15,"column":49}},"loc":{"start":{"line":15,"column":73},"end":{"line":85,"column":null}}},"1":{"name":"(anonymous_3)","decl":{"start":{"line":19,"column":25},"end":{"line":19,"column":null}},"loc":{"start":{"line":19,"column":25},"end":{"line":30,"column":null}}},"2":{"name":"(anonymous_4)","decl":{"start":{"line":77,"column":21},"end":{"line":77,"column":27}},"loc":{"start":{"line":77,"column":27},"end":{"line":77,"column":null}}}},"branchMap":{"0":{"loc":{"start":{"line":16,"column":20},"end":{"line":16,"column":null}},"type":"binary-expr","locations":[{"start":{"line":16,"column":20},"end":{"line":16,"column":38}},{"start":{"line":16,"column":42},"end":{"line":16,"column":57}},{"start":{"line":16,"column":61},"end":{"line":16,"column":null}}]},"1":{"loc":{"start":{"line":17,"column":27},"end":{"line":17,"column":null}},"type":"binary-expr","locations":[{"start":{"line":17,"column":27},"end":{"line":17,"column":52}},{"start":{"line":17,"column":56},"end":{"line":17,"column":null}}]},"2":{"loc":{"start":{"line":55,"column":15},"end":{"line":55,"column":49}},"type":"binary-expr","locations":[{"start":{"line":55,"column":15},"end":{"line":55,"column":47}},{"start":{"line":55,"column":47},"end":{"line":55,"column":49}}]}},"s":{"0":0,"1":0,"2":0,"3":0,"4":0,"5":0,"6":0,"7":0,"8":0,"9":0,"10":0,"11":0},"f":{"0":0,"1":0,"2":0},"b":{"0":[0,0,0],"1":[0,0],"2":[0,0]}}
,"/workspace/frontend/src/components/channels/ChannelsFilter.tsx": {"path":"/workspace/frontend/src/components/channels/ChannelsFilter.tsx","statementMap":{"0":{"start":{"line":218,"column":9},"end":{"line":218,"column":null}},"1":{"start":{"line":3,"column":32},"end":{"line":3,"column":null}},"2":{"start":{"line":4,"column":34},"end":{"line":4,"column":null}},"3":{"start":{"line":5,"column":22},"end":{"line":5,"column":null}},"4":{"start":{"line":6,"column":23},"end":{"line":6,"column":null}},"5":{"start":{"line":7,"column":22},"end":{"line":7,"column":null}},"6":{"start":{"line":16,"column":54},"end":{"line":216,"column":null}},"7":{"start":{"line":21,"column":38},"end":{"line":21,"column":null}},"8":{"start":{"line":23,"column":29},"end":{"line":28,"column":null}},"9":{"start":{"line":24,"column":4},"end":{"line":27,"column":null}},"10":{"start":{"line":30,"column":24},"end":{"line":34,"column":null}},"11":{"start":{"line":36,"column":25},"end":{"line":41,"column":null}},"12":{"start":{"line":43,"column":23},"end":{"line":48,"column":null}},"13":{"start":{"line":50,"column":29},"end":{"line":52,"column":10}},"14":{"start":{"line":51,"column":13},"end":{"line":51,"column":null}},"15":{"start":{"line":78,"column":29},"end":{"line":78,"column":null}},"16":{"start":{"line":90,"column":27},"end":{"line":90,"column":null}},"17":{"start":{"line":104,"column":18},"end":{"line":105,"column":null}},"18":{"start":{"line":107,"column":22},"end":{"line":111,"column":null}},"19":{"start":{"line":133,"column":18},"end":{"line":134,"column":null}},"20":{"start":{"line":136,"column":22},"end":{"line":140,"column":null}},"21":{"start":{"line":162,"column":18},"end":{"line":163,"column":null}},"22":{"start":{"line":165,"column":22},"end":{"line":169,"column":null}},"23":{"start":{"line":194,"column":20},"end":{"line":194,"column":null}},"24":{"start":{"line":206,"column":20},"end":{"line":206,"column":null}}},"fnMap":{"0":{"name":"(anonymous_4)","decl":{"start":{"line":16,"column":54},"end":{"line":16,"column":55}},"loc":{"start":{"line":20,"column":1},"end":{"line":216,"column":null}}},"1":{"name":"(anonymous_5)","decl":{"start":{"line":23,"column":29},"end":{"line":23,"column":30}},"loc":{"start":{"line":23,"column":57},"end":{"line":28,"column":null}}},"2":{"name":"(anonymous_6)","decl":{"start":{"line":51,"column":4},"end":{"line":51,"column":13}},"loc":{"start":{"line":51,"column":13},"end":{"line":51,"column":null}}},"3":{"name":"(anonymous_7)","decl":{"start":{"line":78,"column":23},"end":{"line":78,"column":29}},"loc":{"start":{"line":78,"column":29},"end":{"line":78,"column":null}}},"4":{"name":"(anonymous_8)","decl":{"start":{"line":90,"column":22},"end":{"line":90,"column":27}},"loc":{"start":{"line":90,"column":27},"end":{"line":90,"column":null}}},"5":{"name":"(anonymous_9)","decl":{"start":{"line":103,"column":35},"end":{"line":103,"column":null}},"loc":{"start":{"line":104,"column":18},"end":{"line":105,"column":null}}},"6":{"name":"(anonymous_10)","decl":{"start":{"line":106,"column":29},"end":{"line":106,"column":null}},"loc":{"start":{"line":107,"column":22},"end":{"line":111,"column":null}}},"7":{"name":"(anonymous_11)","decl":{"start":{"line":132,"column":36},"end":{"line":132,"column":null}},"loc":{"start":{"line":133,"column":18},"end":{"line":134,"column":null}}},"8":{"name":"(anonymous_12)","decl":{"start":{"line":135,"column":29},"end":{"line":135,"column":null}},"loc":{"start":{"line":136,"column":22},"end":{"line":140,"column":null}}},"9":{"name":"(anonymous_13)","decl":{"start":{"line":161,"column":34},"end":{"line":161,"column":null}},"loc":{"start":{"line":162,"column":18},"end":{"line":163,"column":null}}},"10":{"name":"(anonymous_14)","decl":{"start":{"line":164,"column":29},"end":{"line":164,"column":null}},"loc":{"start":{"line":165,"column":22},"end":{"line":169,"column":null}}},"11":{"name":"(anonymous_15)","decl":{"start":{"line":193,"column":28},"end":{"line":193,"column":null}},"loc":{"start":{"line":194,"column":20},"end":{"line":194,"column":null}}},"12":{"name":"(anonymous_16)","decl":{"start":{"line":205,"column":28},"end":{"line":205,"column":null}},"loc":{"start":{"line":206,"column":20},"end":{"line":206,"column":null}}}},"branchMap":{"0":{"loc":{"start":{"line":51,"column":13},"end":{"line":51,"column":null}},"type":"binary-expr","locations":[{"start":{"line":51,"column":13},"end":{"line":51,"column":36}},{"start":{"line":51,"column":36},"end":{"line":51,"column":54}},{"start":{"line":51,"column":54},"end":{"line":51,"column":null}}]},"1":{"loc":{"start":{"line":60,"column":13},"end":{"line":60,"column":null}},"type":"binary-expr","locations":[{"start":{"line":60,"column":13},"end":{"line":60,"column":null}}]},"2":{"loc":{"start":{"line":80,"column":15},"end":{"line":80,"column":null}},"type":"cond-expr","locations":[{"start":{"line":80,"column":28},"end":{"line":80,"column":41}},{"start":{"line":80,"column":41},"end":{"line":80,"column":null}}]},"3":{"loc":{"start":{"line":89,"column":19},"end":{"line":89,"column":null}},"type":"binary-expr","locations":[{"start":{"line":89,"column":19},"end":{"line":89,"column":33}},{"start":{"line":89,"column":37},"end":{"line":89,"column":null}}]},"4":{"loc":{"start":{"line":95,"column":9},"end":{"line":95,"column":null}},"type":"binary-expr","locations":[{"start":{"line":95,"column":9},"end":{"line":95,"column":null}}]},"5":{"loc":{"start":{"line":109,"column":24},"end":{"line":111,"column":40}},"type":"cond-expr","locations":[{"start":{"line":110,"column":28},"end":{"line":110,"column":null}},{"start":{"line":111,"column":28},"end":{"line":111,"column":40}}]},"6":{"loc":{"start":{"line":115,"column":22},"end":{"line":117,"column":null}},"type":"cond-expr","locations":[{"start":{"line":116,"column":26},"end":{"line":116,"column":null}},{"start":{"line":117,"column":26},"end":{"line":117,"column":null}}]},"7":{"loc":{"start":{"line":138,"column":24},"end":{"line":140,"column":39}},"type":"cond-expr","locations":[{"start":{"line":139,"column":28},"end":{"line":139,"column":null}},{"start":{"line":140,"column":28},"end":{"line":140,"column":39}}]},"8":{"loc":{"start":{"line":144,"column":22},"end":{"line":146,"column":null}},"type":"cond-expr","locations":[{"start":{"line":145,"column":26},"end":{"line":145,"column":null}},{"start":{"line":146,"column":26},"end":{"line":146,"column":null}}]},"9":{"loc":{"start":{"line":167,"column":24},"end":{"line":169,"column":39}},"type":"cond-expr","locations":[{"start":{"line":168,"column":28},"end":{"line":168,"column":null}},{"start":{"line":169,"column":28},"end":{"line":169,"column":39}}]},"10":{"loc":{"start":{"line":173,"column":22},"end":{"line":175,"column":null}},"type":"cond-expr","locations":[{"start":{"line":174,"column":26},"end":{"line":174,"column":null}},{"start":{"line":175,"column":26},"end":{"line":175,"column":null}}]},"11":{"loc":{"start":{"line":192,"column":25},"end":{"line":192,"column":null}},"type":"binary-expr","locations":[{"start":{"line":192,"column":25},"end":{"line":192,"column":45}},{"start":{"line":192,"column":49},"end":{"line":192,"column":null}}]},"12":{"loc":{"start":{"line":204,"column":25},"end":{"line":204,"column":null}},"type":"binary-expr","locations":[{"start":{"line":204,"column":25},"end":{"line":204,"column":43}},{"start":{"line":204,"column":47},"end":{"line":204,"column":null}}]}},"s":{"0":0,"1":0,"2":0,"3":0,"4":0,"5":0,"6":0,"7":0,"8":0,"9":0,"10":0,"11":0,"12":0,"13":0,"14":0,"15":0,"16":0,"17":0,"18":0,"19":0,"20":0,"21":0,"22":0,"23":0,"24":0},"f":{"0":0,"1":0,"2":0,"3":0,"4":0,"5":0,"6":0,"7":0,"8":0,"9":0,"10":0,"11":0,"12":0},"b":{"0":[0,0,0],"1":[0],"2":[0,0],"3":[0,0],"4":[0],"5":[0,0],"6":[0,0],"7":[0,0],"8":[0,0],"9":[0,0],"10":[0,0],"11":[0,0],"12":[0,0]}}
,"/workspace/frontend/src/components/channels/ChannelsList.tsx": {"path":"/workspace/frontend/src/components/channels/ChannelsList.tsx","statementMap":{"0":{"start":{"line":155,"column":9},"end":{"line":155,"column":null}},"1":{"start":{"line":3,"column":32},"end":{"line":3,"column":null}},"2":{"start":{"line":4,"column":42},"end":{"line":4,"column":null}},"3":{"start":{"line":5,"column":22},"end":{"line":5,"column":null}},"4":{"start":{"line":6,"column":23},"end":{"line":6,"column":null}},"5":{"start":{"line":14,"column":50},"end":{"line":153,"column":null}},"6":{"start":{"line":18,"column":30},"end":{"line":18,"column":null}},"7":{"start":{"line":19,"column":36},"end":{"line":19,"column":null}},"8":{"start":{"line":21,"column":25},"end":{"line":39,"column":null}},"9":{"start":{"line":22,"column":17},"end":{"line":22,"column":26}},"10":{"start":{"line":23,"column":17},"end":{"line":23,"column":26}},"11":{"start":{"line":26,"column":4},"end":{"line":26,"column":null}},"12":{"start":{"line":26,"column":30},"end":{"line":26,"column":null}},"13":{"start":{"line":27,"column":4},"end":{"line":27,"column":null}},"14":{"start":{"line":27,"column":30},"end":{"line":27,"column":null}},"15":{"start":{"line":29,"column":4},"end":{"line":32,"column":null}},"16":{"start":{"line":30,"column":6},"end":{"line":30,"column":null}},"17":{"start":{"line":31,"column":6},"end":{"line":31,"column":null}},"18":{"start":{"line":34,"column":4},"end":{"line":38,"column":null}},"19":{"start":{"line":35,"column":6},"end":{"line":35,"column":null}},"20":{"start":{"line":37,"column":6},"end":{"line":37,"column":null}},"21":{"start":{"line":41,"column":21},"end":{"line":48,"column":null}},"22":{"start":{"line":42,"column":4},"end":{"line":47,"column":null}},"23":{"start":{"line":43,"column":6},"end":{"line":43,"column":null}},"24":{"start":{"line":45,"column":6},"end":{"line":45,"column":null}},"25":{"start":{"line":46,"column":6},"end":{"line":46,"column":null}},"26":{"start":{"line":50,"column":43},"end":{"line":129,"column":null}},"27":{"start":{"line":54,"column":25},"end":{"line":54,"column":null}},"28":{"start":{"line":81,"column":25},"end":{"line":81,"column":null}},"29":{"start":{"line":91,"column":25},"end":{"line":91,"column":64}},"30":{"start":{"line":97,"column":23},"end":{"line":97,"column":37}},"31":{"start":{"line":98,"column":8},"end":{"line":109,"column":null}},"32":{"start":{"line":121,"column":29},"end":{"line":121,"column":null}},"33":{"start":{"line":131,"column":2},"end":{"line":143,"column":null}}},"fnMap":{"0":{"name":"(anonymous_4)","decl":{"start":{"line":14,"column":50},"end":{"line":14,"column":51}},"loc":{"start":{"line":17,"column":1},"end":{"line":153,"column":null}}},"1":{"name":"(anonymous_5)","decl":{"start":{"line":21,"column":44},"end":{"line":21,"column":45}},"loc":{"start":{"line":21,"column":48},"end":{"line":39,"column":null}}},"2":{"name":"(anonymous_6)","decl":{"start":{"line":41,"column":21},"end":{"line":41,"column":22}},"loc":{"start":{"line":41,"column":22},"end":{"line":48,"column":null}}},"3":{"name":"(anonymous_7)","decl":{"start":{"line":54,"column":19},"end":{"line":54,"column":25}},"loc":{"start":{"line":54,"column":25},"end":{"line":54,"column":null}}},"4":{"name":"(anonymous_9)","decl":{"start":{"line":81,"column":19},"end":{"line":81,"column":25}},"loc":{"start":{"line":81,"column":25},"end":{"line":81,"column":null}}},"5":{"name":"(anonymous_10)","decl":{"start":{"line":91,"column":12},"end":{"line":91,"column":13}},"loc":{"start":{"line":91,"column":25},"end":{"line":91,"column":64}}},"6":{"name":"(anonymous_11)","decl":{"start":{"line":96,"column":12},"end":{"line":96,"column":13}},"loc":{"start":{"line":96,"column":13},"end":{"line":110,"column":null}}},"7":{"name":"(anonymous_13)","decl":{"start":{"line":121,"column":23},"end":{"line":121,"column":29}},"loc":{"start":{"line":121,"column":29},"end":{"line":121,"column":null}}}},"branchMap":{"0":{"loc":{"start":{"line":26,"column":4},"end":{"line":26,"column":null}},"type":"if","locations":[{"start":{"line":26,"column":4},"end":{"line":26,"column":null}}]},"1":{"loc":{"start":{"line":27,"column":4},"end":{"line":27,"column":null}},"type":"if","locations":[{"start":{"line":27,"column":4},"end":{"line":27,"column":null}}]},"2":{"loc":{"start":{"line":29,"column":4},"end":{"line":32,"column":null}},"type":"if","locations":[{"start":{"line":29,"column":4},"end":{"line":32,"column":null}}]},"3":{"loc":{"start":{"line":34,"column":4},"end":{"line":38,"column":null}},"type":"if","locations":[{"start":{"line":34,"column":4},"end":{"line":38,"column":null}},{"start":{"line":36,"column":11},"end":{"line":38,"column":null}}]},"4":{"loc":{"start":{"line":35,"column":13},"end":{"line":35,"column":null}},"type":"cond-expr","locations":[{"start":{"line":35,"column":31},"end":{"line":35,"column":35}},{"start":{"line":35,"column":35},"end":{"line":35,"column":null}}]},"5":{"loc":{"start":{"line":37,"column":13},"end":{"line":37,"column":null}},"type":"cond-expr","locations":[{"start":{"line":37,"column":31},"end":{"line":37,"column":35}},{"start":{"line":37,"column":35},"end":{"line":37,"column":null}}]},"6":{"loc":{"start":{"line":42,"column":4},"end":{"line":47,"column":null}},"type":"if","locations":[{"start":{"line":42,"column":4},"end":{"line":47,"column":null}},{"start":{"line":44,"column":11},"end":{"line":47,"column":null}}]},"7":{"loc":{"start":{"line":43,"column":19},"end":{"line":43,"column":null}},"type":"cond-expr","locations":[{"start":{"line":43,"column":41},"end":{"line":43,"column":50}},{"start":{"line":43,"column":50},"end":{"line":43,"column":null}}]},"8":{"loc":{"start":{"line":58,"column":11},"end":{"line":58,"column":null}},"type":"binary-expr","locations":[{"start":{"line":58,"column":11},"end":{"line":58,"column":null}}]},"9":{"loc":{"start":{"line":59,"column":19},"end":{"line":59,"column":null}},"type":"cond-expr","locations":[{"start":{"line":59,"column":41},"end":{"line":59,"column":47}},{"start":{"line":59,"column":47},"end":{"line":59,"column":null}}]},"10":{"loc":{"start":{"line":85,"column":11},"end":{"line":85,"column":null}},"type":"binary-expr","locations":[{"start":{"line":85,"column":11},"end":{"line":85,"column":null}}]},"11":{"loc":{"start":{"line":86,"column":19},"end":{"line":86,"column":null}},"type":"cond-expr","locations":[{"start":{"line":86,"column":41},"end":{"line":86,"column":47}},{"start":{"line":86,"column":47},"end":{"line":86,"column":null}}]},"12":{"loc":{"start":{"line":91,"column":28},"end":{"line":91,"column":62}},"type":"binary-expr","locations":[{"start":{"line":91,"column":28},"end":{"line":91,"column":60}},{"start":{"line":91,"column":60},"end":{"line":91,"column":62}}]},"13":{"loc":{"start":{"line":117,"column":11},"end":{"line":117,"column":null}},"type":"binary-expr","locations":[{"start":{"line":117,"column":11},"end":{"line":117,"column":null}}]},"14":{"loc":{"start":{"line":131,"column":2},"end":{"line":143,"column":null}},"type":"if","locations":[{"start":{"line":131,"column":2},"end":{"line":143,"column":null}}]}},"s":{"0":0,"1":0,"2":0,"3":0,"4":0,"5":0,"6":0,"7":0,"8":0,"9":0,"10":0,"11":0,"12":0,"13":0,"14":0,"15":0,"16":0,"17":0,"18":0,"19":0,"20":0,"21":0,"22":0,"23":0,"24":0,"25":0,"26":0,"27":0,"28":0,"29":0,"30":0,"31":0,"32":0,"33":0},"f":{"0":0,"1":0,"2":0,"3":0,"4":0,"5":0,"6":0,"7":0},"b":{"0":[0],"1":[0],"2":[0],"3":[0,0],"4":[0,0],"5":[0,0],"6":[0,0],"7":[0,0],"8":[0],"9":[0,0],"10":[0],"11":[0,0],"12":[0,0],"13":[0],"14":[0]}}
,"/workspace/frontend/src/components/channels/StatusBadge.tsx": {"path":"/workspace/frontend/src/components/channels/StatusBadge.tsx","statementMap":{"0":{"start":{"line":79,"column":13},"end":{"line":79,"column":24}},"1":{"start":{"line":131,"column":13},"end":{"line":131,"column":25}},"2":{"start":{"line":187,"column":13},"end":{"line":187,"column":29}},"3":{"start":{"line":1,"column":22},"end":{"line":1,"column":null}},"4":{"start":{"line":9,"column":7},"end":{"line":9,"column":null}},"5":{"start":{"line":27,"column":21},"end":{"line":77,"column":null}},"6":{"start":{"line":79,"column":55},"end":{"line":121,"column":null}},"7":{"start":{"line":85,"column":17},"end":{"line":85,"column":37}},"8":{"start":{"line":86,"column":15},"end":{"line":86,"column":26}},"9":{"start":{"line":88,"column":22},"end":{"line":92,"column":null}},"10":{"start":{"line":94,"column":20},"end":{"line":98,"column":null}},"11":{"start":{"line":131,"column":57},"end":{"line":184,"column":null}},"12":{"start":{"line":137,"column":17},"end":{"line":137,"column":37}},"13":{"start":{"line":138,"column":15},"end":{"line":138,"column":26}},"14":{"start":{"line":140,"column":27},"end":{"line":159,"column":null}},"15":{"start":{"line":141,"column":4},"end":{"line":158,"column":null}},"16":{"start":{"line":143,"column":8},"end":{"line":143,"column":null}},"17":{"start":{"line":145,"column":8},"end":{"line":145,"column":null}},"18":{"start":{"line":147,"column":8},"end":{"line":147,"column":null}},"19":{"start":{"line":149,"column":8},"end":{"line":149,"column":null}},"20":{"start":{"line":151,"column":8},"end":{"line":151,"column":null}},"21":{"start":{"line":153,"column":8},"end":{"line":153,"column":null}},"22":{"start":{"line":155,"column":8},"end":{"line":155,"column":null}},"23":{"start":{"line":157,"column":8},"end":{"line":157,"column":null}},"24":{"start":{"line":187,"column":32},"end":{"line":224,"column":null}},"25":{"start":{"line":188,"column":28},"end":{"line":199,"column":null}},"26":{"start":{"line":189,"column":23},"end":{"line":197,"column":null}},"27":{"start":{"line":198,"column":4},"end":{"line":198,"column":null}},"28":{"start":{"line":201,"column":29},"end":{"line":203,"column":null}},"29":{"start":{"line":202,"column":4},"end":{"line":202,"column":null}},"30":{"start":{"line":205,"column":24},"end":{"line":217,"column":null}},"31":{"start":{"line":206,"column":4},"end":{"line":216,"column":null}},"32":{"start":{"line":209,"column":8},"end":{"line":209,"column":null}},"33":{"start":{"line":211,"column":8},"end":{"line":211,"column":null}},"34":{"start":{"line":213,"column":8},"end":{"line":213,"column":null}},"35":{"start":{"line":215,"column":8},"end":{"line":215,"column":null}},"36":{"start":{"line":219,"column":2},"end":{"line":223,"column":null}}},"fnMap":{"0":{"name":"(anonymous_4)","decl":{"start":{"line":79,"column":55},"end":{"line":79,"column":56}},"loc":{"start":{"line":84,"column":1},"end":{"line":121,"column":null}}},"1":{"name":"(anonymous_5)","decl":{"start":{"line":131,"column":57},"end":{"line":131,"column":58}},"loc":{"start":{"line":136,"column":1},"end":{"line":184,"column":null}}},"2":{"name":"(anonymous_6)","decl":{"start":{"line":140,"column":27},"end":{"line":140,"column":28}},"loc":{"start":{"line":140,"column":28},"end":{"line":159,"column":null}}},"3":{"name":"(anonymous_7)","decl":{"start":{"line":187,"column":32},"end":{"line":187,"column":null}},"loc":{"start":{"line":187,"column":32},"end":{"line":224,"column":null}}},"4":{"name":"(anonymous_8)","decl":{"start":{"line":188,"column":28},"end":{"line":188,"column":29}},"loc":{"start":{"line":188,"column":29},"end":{"line":199,"column":null}}},"5":{"name":"(anonymous_9)","decl":{"start":{"line":201,"column":29},"end":{"line":201,"column":30}},"loc":{"start":{"line":201,"column":30},"end":{"line":203,"column":null}}},"6":{"name":"(anonymous_10)","decl":{"start":{"line":205,"column":24},"end":{"line":205,"column":25}},"loc":{"start":{"line":205,"column":25},"end":{"line":217,"column":null}}}},"branchMap":{"0":{"loc":{"start":{"line":81,"column":2},"end":{"line":81,"column":16}},"type":"default-arg","locations":[{"start":{"line":81,"column":14},"end":{"line":81,"column":16}}]},"1":{"loc":{"start":{"line":82,"column":2},"end":{"line":82,"column":17}},"type":"default-arg","locations":[{"start":{"line":82,"column":13},"end":{"line":82,"column":17}}]},"2":{"loc":{"start":{"line":83,"column":2},"end":{"line":83,"column":13}},"type":"default-arg","locations":[{"start":{"line":83,"column":9},"end":{"line":83,"column":13}}]},"3":{"loc":{"start":{"line":110,"column":7},"end":{"line":110,"column":null}},"type":"binary-expr","locations":[{"start":{"line":110,"column":7},"end":{"line":110,"column":null}}]},"4":{"loc":{"start":{"line":114,"column":14},"end":{"line":114,"column":60}},"type":"cond-expr","locations":[{"start":{"line":114,"column":40},"end":{"line":114,"column":57}},{"start":{"line":114,"column":57},"end":{"line":114,"column":60}}]},"5":{"loc":{"start":{"line":135,"column":2},"end":{"line":135,"column":16}},"type":"default-arg","locations":[{"start":{"line":135,"column":14},"end":{"line":135,"column":16}}]},"6":{"loc":{"start":{"line":141,"column":4},"end":{"line":158,"column":null}},"type":"switch","locations":[{"start":{"line":142,"column":6},"end":{"line":143,"column":null}},{"start":{"line":144,"column":6},"end":{"line":145,"column":null}},{"start":{"line":146,"column":6},"end":{"line":147,"column":null}},{"start":{"line":148,"column":6},"end":{"line":149,"column":null}},{"start":{"line":150,"column":6},"end":{"line":151,"column":null}},{"start":{"line":152,"column":6},"end":{"line":153,"column":null}},{"start":{"line":154,"column":6},"end":{"line":155,"column":null}},{"start":{"line":156,"column":6},"end":{"line":157,"column":null}}]},"7":{"loc":{"start":{"line":166,"column":12},"end":{"line":166,"column":58}},"type":"cond-expr","locations":[{"start":{"line":166,"column":38},"end":{"line":166,"column":55}},{"start":{"line":166,"column":55},"end":{"line":166,"column":58}}]},"8":{"loc":{"start":{"line":172,"column":11},"end":{"line":172,"column":null}},"type":"binary-expr","locations":[{"start":{"line":172,"column":11},"end":{"line":172,"column":null}}]},"9":{"loc":{"start":{"line":179,"column":11},"end":{"line":179,"column":null}},"type":"binary-expr","locations":[{"start":{"line":179,"column":11},"end":{"line":179,"column":22}},{"start":{"line":179,"column":22},"end":{"line":179,"column":null}}]},"10":{"loc":{"start":{"line":198,"column":11},"end":{"line":198,"column":null}},"type":"binary-expr","locations":[{"start":{"line":198,"column":11},"end":{"line":198,"column":29}},{"start":{"line":198,"column":33},"end":{"line":198,"column":null}}]},"11":{"loc":{"start":{"line":206,"column":4},"end":{"line":216,"column":null}},"type":"switch","locations":[{"start":{"line":207,"column":6},"end":{"line":207,"column":null}},{"start":{"line":208,"column":6},"end":{"line":209,"column":null}},{"start":{"line":210,"column":6},"end":{"line":211,"column":null}},{"start":{"line":212,"column":6},"end":{"line":213,"column":null}},{"start":{"line":214,"column":6},"end":{"line":215,"column":null}}]}},"s":{"0":0,"1":0,"2":0,"3":0,"4":0,"5":0,"6":0,"7":0,"8":0,"9":0,"10":0,"11":0,"12":0,"13":0,"14":0,"15":0,"16":0,"17":0,"18":0,"19":0,"20":0,"21":0,"22":0,"23":0,"24":0,"25":0,"26":0,"27":0,"28":0,"29":0,"30":0,"31":0,"32":0,"33":0,"34":0,"35":0,"36":0},"f":{"0":0,"1":0,"2":0,"3":0,"4":0,"5":0,"6":0},"b":{"0":[0],"1":[0],"2":[0],"3":[0],"4":[0,0],"5":[0],"6":[0,0,0,0,0,0,0,0],"7":[0,0],"8":[0],"9":[0,0],"10":[0,0],"11":[0,0,0,0,0]}}
,"/workspace/frontend/src/components/channels/index.ts": {"path":"/workspace/frontend/src/components/channels/index.ts","statementMap":{"0":{"start":{"line":2,"column":9},"end":{"line":2,"column":28}},"1":{"start":{"line":3,"column":9},"end":{"line":3,"column":31}},"2":{"start":{"line":1,"column":9},"end":{"line":1,"column":29}},"3":{"start":{"line":1,"column":29},"end":{"line":1,"column":null}},"4":{"start":{"line":2,"column":28},"end":{"line":2,"column":null}},"5":{"start":{"line":3,"column":31},"end":{"line":3,"column":null}}},"fnMap":{},"branchMap":{},"s":{"0":0,"1":0,"2":0,"3":0,"4":0,"5":0},"f":{},"b":{}}
,"/workspace/frontend/src/components/charts/BarChart.tsx": {"path":"/workspace/frontend/src/components/charts/BarChart.tsx","statementMap":{"0":{"start":{"line":40,"column":13},"end":{"line":40,"column":49}},"1":{"start":{"line":3,"column":18},"end":{"line":3,"column":null}},"2":{"start":{"line":12,"column":7},"end":{"line":12,"column":null}},"3":{"start":{"line":13,"column":20},"end":{"line":13,"column":null}},"4":{"start":{"line":15,"column":0},"end":{"line":21,"column":null}},"5":{"start":{"line":40,"column":49},"end":{"line":78,"column":null}},"6":{"start":{"line":46,"column":25},"end":{"line":71,"column":null}}},"fnMap":{"0":{"name":"(anonymous_2)","decl":{"start":{"line":40,"column":49},"end":{"line":40,"column":50}},"loc":{"start":{"line":45,"column":1},"end":{"line":78,"column":null}}}},"branchMap":{"0":{"loc":{"start":{"line":42,"column":2},"end":{"line":42,"column":14}},"type":"default-arg","locations":[{"start":{"line":42,"column":12},"end":{"line":42,"column":14}}]},"1":{"loc":{"start":{"line":43,"column":2},"end":{"line":43,"column":14}},"type":"default-arg","locations":[{"start":{"line":43,"column":11},"end":{"line":43,"column":14}}]}},"s":{"0":0,"1":0,"2":0,"3":0,"4":0,"5":0,"6":0},"f":{"0":0},"b":{"0":[0],"1":[0]}}
,"/workspace/frontend/src/components/charts/DoughnutChart.tsx": {"path":"/workspace/frontend/src/components/charts/DoughnutChart.tsx","statementMap":{"0":{"start":{"line":25,"column":13},"end":{"line":25,"column":59}},"1":{"start":{"line":3,"column":18},"end":{"line":3,"column":null}},"2":{"start":{"line":4,"column":62},"end":{"line":4,"column":null}},"3":{"start":{"line":5,"column":25},"end":{"line":5,"column":null}},"4":{"start":{"line":7,"column":0},"end":{"line":7,"column":null}},"5":{"start":{"line":25,"column":59},"end":{"line":51,"column":null}},"6":{"start":{"line":31,"column":25},"end":{"line":44,"column":null}}},"fnMap":{"0":{"name":"(anonymous_2)","decl":{"start":{"line":25,"column":59},"end":{"line":25,"column":60}},"loc":{"start":{"line":30,"column":1},"end":{"line":51,"column":null}}}},"branchMap":{"0":{"loc":{"start":{"line":27,"column":2},"end":{"line":27,"column":14}},"type":"default-arg","locations":[{"start":{"line":27,"column":12},"end":{"line":27,"column":14}}]},"1":{"loc":{"start":{"line":28,"column":2},"end":{"line":28,"column":14}},"type":"default-arg","locations":[{"start":{"line":28,"column":11},"end":{"line":28,"column":14}}]}},"s":{"0":0,"1":0,"2":0,"3":0,"4":0,"5":0,"6":0},"f":{"0":0},"b":{"0":[0],"1":[0]}}
,"/workspace/frontend/src/components/charts/LineChart.tsx": {"path":"/workspace/frontend/src/components/charts/LineChart.tsx","statementMap":{"0":{"start":{"line":45,"column":13},"end":{"line":45,"column":51}},"1":{"start":{"line":3,"column":18},"end":{"line":3,"column":null}},"2":{"start":{"line":14,"column":7},"end":{"line":14,"column":null}},"3":{"start":{"line":15,"column":21},"end":{"line":15,"column":null}},"4":{"start":{"line":17,"column":0},"end":{"line":25,"column":null}},"5":{"start":{"line":45,"column":51},"end":{"line":88,"column":null}},"6":{"start":{"line":51,"column":25},"end":{"line":81,"column":null}}},"fnMap":{"0":{"name":"(anonymous_2)","decl":{"start":{"line":45,"column":51},"end":{"line":45,"column":52}},"loc":{"start":{"line":50,"column":1},"end":{"line":88,"column":null}}}},"branchMap":{"0":{"loc":{"start":{"line":47,"column":2},"end":{"line":47,"column":14}},"type":"default-arg","locations":[{"start":{"line":47,"column":12},"end":{"line":47,"column":14}}]},"1":{"loc":{"start":{"line":48,"column":2},"end":{"line":48,"column":14}},"type":"default-arg","locations":[{"start":{"line":48,"column":11},"end":{"line":48,"column":14}}]}},"s":{"0":0,"1":0,"2":0,"3":0,"4":0,"5":0,"6":0},"f":{"0":0},"b":{"0":[0],"1":[0]}}
,"/workspace/frontend/src/components/charts/PerformanceChart.tsx": {"path":"/workspace/frontend/src/components/charts/PerformanceChart.tsx","statementMap":{"0":{"start":{"line":13,"column":13},"end":{"line":13,"column":65}},"1":{"start":{"line":3,"column":18},"end":{"line":3,"column":null}},"2":{"start":{"line":4,"column":26},"end":{"line":4,"column":null}},"3":{"start":{"line":13,"column":65},"end":{"line":180,"column":null}},"4":{"start":{"line":18,"column":27},"end":{"line":112,"column":null}},"5":{"start":{"line":19,"column":16},"end":{"line":19,"column":null}},"6":{"start":{"line":23,"column":4},"end":{"line":40,"column":null}},"7":{"start":{"line":25,"column":8},"end":{"line":25,"column":null}},"8":{"start":{"line":26,"column":8},"end":{"line":26,"column":null}},"9":{"start":{"line":27,"column":8},"end":{"line":27,"column":null}},"10":{"start":{"line":29,"column":8},"end":{"line":29,"column":null}},"11":{"start":{"line":30,"column":8},"end":{"line":30,"column":null}},"12":{"start":{"line":31,"column":8},"end":{"line":31,"column":null}},"13":{"start":{"line":33,"column":8},"end":{"line":33,"column":null}},"14":{"start":{"line":34,"column":8},"end":{"line":34,"column":null}},"15":{"start":{"line":35,"column":8},"end":{"line":35,"column":null}},"16":{"start":{"line":37,"column":8},"end":{"line":37,"column":null}},"17":{"start":{"line":38,"column":8},"end":{"line":38,"column":null}},"18":{"start":{"line":39,"column":8},"end":{"line":39,"column":null}},"19":{"start":{"line":43,"column":28},"end":{"line":46,"column":null}},"20":{"start":{"line":44,"column":25},"end":{"line":44,"column":null}},"21":{"start":{"line":45,"column":6},"end":{"line":45,"column":null}},"22":{"start":{"line":49,"column":24},"end":{"line":49,"column":null}},"23":{"start":{"line":51,"column":4},"end":{"line":78,"column":null}},"24":{"start":{"line":52,"column":6},"end":{"line":52,"column":null}},"25":{"start":{"line":52,"column":36},"end":{"line":52,"column":null}},"26":{"start":{"line":54,"column":19},"end":{"line":54,"column":null}},"27":{"start":{"line":57,"column":6},"end":{"line":69,"column":null}},"28":{"start":{"line":59,"column":10},"end":{"line":59,"column":null}},"29":{"start":{"line":60,"column":10},"end":{"line":60,"column":null}},"30":{"start":{"line":62,"column":28},"end":{"line":62,"column":null}},"31":{"start":{"line":63,"column":10},"end":{"line":63,"column":null}},"32":{"start":{"line":64,"column":10},"end":{"line":64,"column":null}},"33":{"start":{"line":65,"column":10},"end":{"line":65,"column":null}},"34":{"start":{"line":67,"column":10},"end":{"line":67,"column":null}},"35":{"start":{"line":68,"column":10},"end":{"line":68,"column":null}},"36":{"start":{"line":71,"column":6},"end":{"line":73,"column":null}},"37":{"start":{"line":72,"column":8},"end":{"line":72,"column":null}},"38":{"start":{"line":75,"column":22},"end":{"line":75,"column":null}},"39":{"start":{"line":76,"column":6},"end":{"line":76,"column":null}},"40":{"start":{"line":77,"column":6},"end":{"line":77,"column":null}},"41":{"start":{"line":81,"column":23},"end":{"line":81,"column":null}},"42":{"start":{"line":82,"column":19},"end":{"line":100,"column":null}},"43":{"start":{"line":83,"column":19},"end":{"line":83,"column":null}},"44":{"start":{"line":84,"column":6},"end":{"line":99,"column":null}},"45":{"start":{"line":86,"column":10},"end":{"line":89,"column":null}},"46":{"start":{"line":91,"column":10},"end":{"line":91,"column":null}},"47":{"start":{"line":93,"column":10},"end":{"line":96,"column":null}},"48":{"start":{"line":98,"column":10},"end":{"line":98,"column":null}},"49":{"start":{"line":102,"column":20},"end":{"line":102,"column":null}},"50":{"start":{"line":102,"column":42},"end":{"line":102,"column":67}},"51":{"start":{"line":103,"column":22},"end":{"line":103,"column":null}},"52":{"start":{"line":103,"column":44},"end":{"line":103,"column":71}},"53":{"start":{"line":106,"column":26},"end":{"line":109,"column":null}},"54":{"start":{"line":107,"column":6},"end":{"line":107,"column":null}},"55":{"start":{"line":108,"column":6},"end":{"line":108,"column":null}},"56":{"start":{"line":111,"column":4},"end":{"line":111,"column":null}},"57":{"start":{"line":114,"column":45},"end":{"line":114,"column":null}},"58":{"start":{"line":116,"column":20},"end":{"line":136,"column":null}},"59":{"start":{"line":138,"column":18},"end":{"line":173,"column":null}}},"fnMap":{"0":{"name":"(anonymous_2)","decl":{"start":{"line":13,"column":65},"end":{"line":13,"column":66}},"loc":{"start":{"line":17,"column":1},"end":{"line":180,"column":null}}},"1":{"name":"(anonymous_3)","decl":{"start":{"line":18,"column":27},"end":{"line":18,"column":null}},"loc":{"start":{"line":18,"column":27},"end":{"line":112,"column":null}}},"2":{"name":"(anonymous_4)","decl":{"start":{"line":43,"column":43},"end":{"line":43,"column":null}},"loc":{"start":{"line":43,"column":43},"end":{"line":46,"column":null}}},"3":{"name":"(anonymous_5)","decl":{"start":{"line":51,"column":28},"end":{"line":51,"column":null}},"loc":{"start":{"line":51,"column":28},"end":{"line":78,"column":null}}},"4":{"name":"(anonymous_6)","decl":{"start":{"line":82,"column":34},"end":{"line":82,"column":null}},"loc":{"start":{"line":82,"column":34},"end":{"line":100,"column":null}}},"5":{"name":"(anonymous_7)","decl":{"start":{"line":102,"column":35},"end":{"line":102,"column":42}},"loc":{"start":{"line":102,"column":42},"end":{"line":102,"column":67}}},"6":{"name":"(anonymous_8)","decl":{"start":{"line":103,"column":37},"end":{"line":103,"column":44}},"loc":{"start":{"line":103,"column":44},"end":{"line":103,"column":71}}},"7":{"name":"(anonymous_9)","decl":{"start":{"line":106,"column":41},"end":{"line":106,"column":42}},"loc":{"start":{"line":106,"column":56},"end":{"line":109,"column":7}}}},"branchMap":{"0":{"loc":{"start":{"line":15,"column":2},"end":{"line":15,"column":21}},"type":"default-arg","locations":[{"start":{"line":15,"column":14},"end":{"line":15,"column":21}}]},"1":{"loc":{"start":{"line":16,"column":2},"end":{"line":16,"column":14}},"type":"default-arg","locations":[{"start":{"line":16,"column":11},"end":{"line":16,"column":14}}]},"2":{"loc":{"start":{"line":23,"column":4},"end":{"line":40,"column":null}},"type":"switch","locations":[{"start":{"line":24,"column":6},"end":{"line":27,"column":null}},{"start":{"line":28,"column":6},"end":{"line":31,"column":null}},{"start":{"line":32,"column":6},"end":{"line":35,"column":null}},{"start":{"line":36,"column":6},"end":{"line":39,"column":null}}]},"3":{"loc":{"start":{"line":45,"column":13},"end":{"line":45,"column":null}},"type":"binary-expr","locations":[{"start":{"line":45,"column":13},"end":{"line":45,"column":40}},{"start":{"line":45,"column":40},"end":{"line":45,"column":null}}]},"4":{"loc":{"start":{"line":52,"column":6},"end":{"line":52,"column":null}},"type":"if","locations":[{"start":{"line":52,"column":6},"end":{"line":52,"column":null}}]},"5":{"loc":{"start":{"line":57,"column":6},"end":{"line":69,"column":null}},"type":"switch","locations":[{"start":{"line":58,"column":8},"end":{"line":60,"column":null}},{"start":{"line":61,"column":8},"end":{"line":65,"column":null}},{"start":{"line":66,"column":8},"end":{"line":68,"column":null}}]},"6":{"loc":{"start":{"line":71,"column":6},"end":{"line":73,"column":null}},"type":"if","locations":[{"start":{"line":71,"column":6},"end":{"line":73,"column":null}}]},"7":{"loc":{"start":{"line":84,"column":6},"end":{"line":99,"column":null}},"type":"switch","locations":[{"start":{"line":85,"column":8},"end":{"line":89,"column":null}},{"start":{"line":90,"column":8},"end":{"line":91,"column":null}},{"start":{"line":92,"column":8},"end":{"line":96,"column":null}},{"start":{"line":97,"column":8},"end":{"line":98,"column":null}}]},"8":{"loc":{"start":{"line":107,"column":16},"end":{"line":107,"column":39}},"type":"binary-expr","locations":[{"start":{"line":107,"column":16},"end":{"line":107,"column":30}},{"start":{"line":107,"column":34},"end":{"line":107,"column":39}}]}},"s":{"0":0,"1":0,"2":0,"3":0,"4":0,"5":0,"6":0,"7":0,"8":0,"9":0,"10":0,"11":0,"12":0,"13":0,"14":0,"15":0,"16":0,"17":0,"18":0,"19":0,"20":0,"21":0,"22":0,"23":0,"24":0,"25":0,"26":0,"27":0,"28":0,"29":0,"30":0,"31":0,"32":0,"33":0,"34":0,"35":0,"36":0,"37":0,"38":0,"39":0,"40":0,"41":0,"42":0,"43":0,"44":0,"45":0,"46":0,"47":0,"48":0,"49":0,"50":0,"51":0,"52":0,"53":0,"54":0,"55":0,"56":0,"57":0,"58":0,"59":0},"f":{"0":0,"1":0,"2":0,"3":0,"4":0,"5":0,"6":0,"7":0},"b":{"0":[0],"1":[0],"2":[0,0,0,0],"3":[0,0],"4":[0],"5":[0,0,0],"6":[0],"7":[0,0,0,0],"8":[0,0]}}
,"/workspace/frontend/src/components/charts/PieChart.tsx": {"path":"/workspace/frontend/src/components/charts/PieChart.tsx","statementMap":{"0":{"start":{"line":25,"column":13},"end":{"line":25,"column":49}},"1":{"start":{"line":3,"column":18},"end":{"line":3,"column":null}},"2":{"start":{"line":4,"column":62},"end":{"line":4,"column":null}},"3":{"start":{"line":5,"column":20},"end":{"line":5,"column":null}},"4":{"start":{"line":7,"column":0},"end":{"line":7,"column":null}},"5":{"start":{"line":25,"column":49},"end":{"line":50,"column":null}},"6":{"start":{"line":31,"column":25},"end":{"line":43,"column":null}}},"fnMap":{"0":{"name":"(anonymous_2)","decl":{"start":{"line":25,"column":49},"end":{"line":25,"column":50}},"loc":{"start":{"line":30,"column":1},"end":{"line":50,"column":null}}}},"branchMap":{"0":{"loc":{"start":{"line":27,"column":2},"end":{"line":27,"column":14}},"type":"default-arg","locations":[{"start":{"line":27,"column":12},"end":{"line":27,"column":14}}]},"1":{"loc":{"start":{"line":28,"column":2},"end":{"line":28,"column":14}},"type":"default-arg","locations":[{"start":{"line":28,"column":11},"end":{"line":28,"column":14}}]}},"s":{"0":0,"1":0,"2":0,"3":0,"4":0,"5":0,"6":0},"f":{"0":0},"b":{"0":[0],"1":[0]}}
,"/workspace/frontend/src/components/charts/index.ts": {"path":"/workspace/frontend/src/components/charts/index.ts","statementMap":{"0":{"start":{"line":2,"column":9},"end":{"line":2,"column":25}},"1":{"start":{"line":4,"column":9},"end":{"line":4,"column":30}},"2":{"start":{"line":1,"column":9},"end":{"line":1,"column":26}},"3":{"start":{"line":5,"column":9},"end":{"line":5,"column":33}},"4":{"start":{"line":3,"column":9},"end":{"line":3,"column":25}},"5":{"start":{"line":1,"column":26},"end":{"line":1,"column":null}},"6":{"start":{"line":2,"column":25},"end":{"line":2,"column":null}},"7":{"start":{"line":3,"column":25},"end":{"line":3,"column":null}},"8":{"start":{"line":4,"column":30},"end":{"line":4,"column":null}},"9":{"start":{"line":5,"column":33},"end":{"line":5,"column":null}}},"fnMap":{},"branchMap":{},"s":{"0":0,"1":0,"2":0,"3":0,"4":0,"5":0,"6":0,"7":0,"8":0,"9":0},"f":{},"b":{}}
,"/workspace/frontend/src/components/dashboard/DashboardLayout.tsx": {"path":"/workspace/frontend/src/components/dashboard/DashboardLayout.tsx","statementMap":{"0":{"start":{"line":60,"column":16},"end":{"line":60,"column":31}},"1":{"start":{"line":253,"column":0},"end":{"line":253,"column":15}},"2":{"start":{"line":3,"column":36},"end":{"line":3,"column":null}},"3":{"start":{"line":4,"column":17},"end":{"line":4,"column":null}},"4":{"start":{"line":5,"column":26},"end":{"line":5,"column":null}},"5":{"start":{"line":17,"column":7},"end":{"line":17,"column":null}},"6":{"start":{"line":18,"column":23},"end":{"line":18,"column":null}},"7":{"start":{"line":19,"column":23},"end":{"line":19,"column":null}},"8":{"start":{"line":20,"column":31},"end":{"line":20,"column":null}},"9":{"start":{"line":21,"column":31},"end":{"line":21,"column":null}},"10":{"start":{"line":22,"column":33},"end":{"line":22,"column":null}},"11":{"start":{"line":23,"column":37},"end":{"line":23,"column":null}},"12":{"start":{"line":24,"column":33},"end":{"line":24,"column":null}},"13":{"start":{"line":25,"column":26},"end":{"line":25,"column":null}},"14":{"start":{"line":32,"column":24},"end":{"line":58,"column":null}},"15":{"start":{"line":61,"column":17},"end":{"line":61,"column":null}},"16":{"start":{"line":62,"column":50},"end":{"line":62,"column":null}},"17":{"start":{"line":63,"column":56},"end":{"line":63,"column":null}},"18":{"start":{"line":66,"column":20},"end":{"line":66,"column":null}},"19":{"start":{"line":67,"column":26},"end":{"line":67,"column":null}},"20":{"start":{"line":68,"column":23},"end":{"line":68,"column":null}},"21":{"start":{"line":70,"column":23},"end":{"line":74,"column":null}},"22":{"start":{"line":72,"column":4},"end":{"line":72,"column":null}},"23":{"start":{"line":73,"column":4},"end":{"line":73,"column":null}},"24":{"start":{"line":94,"column":36},"end":{"line":94,"column":45}},"25":{"start":{"line":95,"column":31},"end":{"line":95,"column":60}},"26":{"start":{"line":97,"column":14},"end":{"line":99,"column":null}},"27":{"start":{"line":148,"column":27},"end":{"line":148,"column":null}},"28":{"start":{"line":164,"column":29},"end":{"line":164,"column":null}},"29":{"start":{"line":198,"column":29},"end":{"line":198,"column":null}},"30":{"start":{"line":232,"column":23},"end":{"line":232,"column":null}},"31":{"start":{"line":233,"column":35},"end":{"line":233,"column":null}},"32":{"start":{"line":239,"column":23},"end":{"line":239,"column":null}},"33":{"start":{"line":244,"column":35},"end":{"line":244,"column":null}},"34":{"start":{"line":253,"column":15},"end":{"line":253,"column":31}}},"fnMap":{"0":{"name":"DashboardLayout","decl":{"start":{"line":60,"column":16},"end":{"line":60,"column":31}},"loc":{"start":{"line":60,"column":73},"end":{"line":251,"column":null}}},"1":{"name":"(anonymous_5)","decl":{"start":{"line":70,"column":23},"end":{"line":70,"column":null}},"loc":{"start":{"line":70,"column":23},"end":{"line":74,"column":null}}},"2":{"name":"(anonymous_6)","decl":{"start":{"line":93,"column":33},"end":{"line":93,"column":null}},"loc":{"start":{"line":93,"column":33},"end":{"line":113,"column":null}}},"3":{"name":"(anonymous_7)","decl":{"start":{"line":148,"column":21},"end":{"line":148,"column":27}},"loc":{"start":{"line":148,"column":27},"end":{"line":148,"column":null}}},"4":{"name":"(anonymous_8)","decl":{"start":{"line":164,"column":23},"end":{"line":164,"column":29}},"loc":{"start":{"line":164,"column":29},"end":{"line":164,"column":null}}},"5":{"name":"(anonymous_9)","decl":{"start":{"line":198,"column":23},"end":{"line":198,"column":29}},"loc":{"start":{"line":198,"column":29},"end":{"line":198,"column":null}}},"6":{"name":"(anonymous_10)","decl":{"start":{"line":232,"column":17},"end":{"line":232,"column":23}},"loc":{"start":{"line":232,"column":23},"end":{"line":232,"column":null}}},"7":{"name":"(anonymous_11)","decl":{"start":{"line":233,"column":29},"end":{"line":233,"column":35}},"loc":{"start":{"line":233,"column":35},"end":{"line":233,"column":null}}},"8":{"name":"(anonymous_12)","decl":{"start":{"line":239,"column":17},"end":{"line":239,"column":23}},"loc":{"start":{"line":239,"column":23},"end":{"line":239,"column":null}}},"9":{"name":"(anonymous_13)","decl":{"start":{"line":244,"column":29},"end":{"line":244,"column":35}},"loc":{"start":{"line":244,"column":35},"end":{"line":244,"column":null}}}},"branchMap":{"0":{"loc":{"start":{"line":102,"column":20},"end":{"line":104,"column":null}},"type":"cond-expr","locations":[{"start":{"line":103,"column":24},"end":{"line":103,"column":null}},{"start":{"line":104,"column":24},"end":{"line":104,"column":null}}]},"1":{"loc":{"start":{"line":108,"column":47},"end":{"line":108,"column":92}},"type":"cond-expr","locations":[{"start":{"line":108,"column":58},"end":{"line":108,"column":76}},{"start":{"line":108,"column":76},"end":{"line":108,"column":92}}]},"2":{"loc":{"start":{"line":168,"column":15},"end":{"line":168,"column":null}},"type":"binary-expr","locations":[{"start":{"line":168,"column":15},"end":{"line":168,"column":null}}]},"3":{"loc":{"start":{"line":170,"column":19},"end":{"line":170,"column":67}},"type":"cond-expr","locations":[{"start":{"line":170,"column":43},"end":{"line":170,"column":50}},{"start":{"line":170,"column":50},"end":{"line":170,"column":67}}]},"4":{"loc":{"start":{"line":176,"column":18},"end":{"line":176,"column":null}},"type":"cond-expr","locations":[{"start":{"line":176,"column":32},"end":{"line":176,"column":49}},{"start":{"line":176,"column":49},"end":{"line":176,"column":null}}]},"5":{"loc":{"start":{"line":189,"column":13},"end":{"line":189,"column":null}},"type":"binary-expr","locations":[{"start":{"line":189,"column":13},"end":{"line":189,"column":null}}]},"6":{"loc":{"start":{"line":202,"column":15},"end":{"line":202,"column":null}},"type":"binary-expr","locations":[{"start":{"line":202,"column":15},"end":{"line":202,"column":null}}]},"7":{"loc":{"start":{"line":204,"column":19},"end":{"line":204,"column":67}},"type":"cond-expr","locations":[{"start":{"line":204,"column":43},"end":{"line":204,"column":50}},{"start":{"line":204,"column":50},"end":{"line":204,"column":67}}]},"8":{"loc":{"start":{"line":210,"column":18},"end":{"line":210,"column":null}},"type":"cond-expr","locations":[{"start":{"line":210,"column":32},"end":{"line":210,"column":49}},{"start":{"line":210,"column":49},"end":{"line":210,"column":null}}]},"9":{"loc":{"start":{"line":222,"column":33},"end":{"line":222,"column":57}},"type":"cond-expr","locations":[{"start":{"line":222,"column":44},"end":{"line":222,"column":54}},{"start":{"line":222,"column":54},"end":{"line":222,"column":57}}]}},"s":{"0":0,"1":0,"2":0,"3":0,"4":0,"5":0,"6":0,"7":0,"8":0,"9":0,"10":0,"11":0,"12":0,"13":0,"14":0,"15":0,"16":0,"17":0,"18":0,"19":0,"20":0,"21":0,"22":0,"23":0,"24":0,"25":0,"26":0,"27":0,"28":0,"29":0,"30":0,"31":0,"32":0,"33":0,"34":0},"f":{"0":0,"1":0,"2":0,"3":0,"4":0,"5":0,"6":0,"7":0,"8":0,"9":0},"b":{"0":[0,0],"1":[0,0],"2":[0],"3":[0,0],"4":[0,0],"5":[0],"6":[0],"7":[0,0],"8":[0,0],"9":[0,0]}}
,"/workspace/frontend/src/components/dashboard/RecentSignals.tsx": {"path":"/workspace/frontend/src/components/dashboard/RecentSignals.tsx","statementMap":{"0":{"start":{"line":16,"column":13},"end":{"line":16,"column":59}},"1":{"start":{"line":3,"column":18},"end":{"line":3,"column":null}},"2":{"start":{"line":4,"column":17},"end":{"line":4,"column":null}},"3":{"start":{"line":5,"column":46},"end":{"line":5,"column":null}},"4":{"start":{"line":6,"column":22},"end":{"line":6,"column":null}},"5":{"start":{"line":7,"column":23},"end":{"line":7,"column":null}},"6":{"start":{"line":9,"column":40},"end":{"line":9,"column":null}},"7":{"start":{"line":16,"column":59},"end":{"line":139,"column":null}},"8":{"start":{"line":20,"column":2},"end":{"line":46,"column":null}},"9":{"start":{"line":29,"column":14},"end":{"line":29,"column":27}},"10":{"start":{"line":68,"column":14},"end":{"line":69,"column":null}}},"fnMap":{"0":{"name":"(anonymous_2)","decl":{"start":{"line":16,"column":59},"end":{"line":16,"column":60}},"loc":{"start":{"line":19,"column":1},"end":{"line":139,"column":null}}},"1":{"name":"(anonymous_3)","decl":{"start":{"line":28,"column":33},"end":{"line":28,"column":null}},"loc":{"start":{"line":29,"column":14},"end":{"line":29,"column":27}}},"2":{"name":"(anonymous_4)","decl":{"start":{"line":67,"column":25},"end":{"line":67,"column":null}},"loc":{"start":{"line":68,"column":14},"end":{"line":69,"column":null}}}},"branchMap":{"0":{"loc":{"start":{"line":18,"column":2},"end":{"line":18,"column":19}},"type":"default-arg","locations":[{"start":{"line":18,"column":14},"end":{"line":18,"column":19}}]},"1":{"loc":{"start":{"line":20,"column":2},"end":{"line":46,"column":null}},"type":"if","locations":[{"start":{"line":20,"column":2},"end":{"line":46,"column":null}}]},"2":{"loc":{"start":{"line":62,"column":10},"end":{"line":66,"column":11}},"type":"cond-expr","locations":[{"start":{"line":62,"column":10},"end":{"line":66,"column":11}}]},"3":{"loc":{"start":{"line":85,"column":26},"end":{"line":85,"column":null}},"type":"cond-expr","locations":[{"start":{"line":85,"column":56},"end":{"line":85,"column":68}},{"start":{"line":85,"column":68},"end":{"line":85,"column":null}}]},"4":{"loc":{"start":{"line":94,"column":23},"end":{"line":94,"column":42}},"type":"binary-expr","locations":[{"start":{"line":94,"column":23},"end":{"line":94,"column":42}}]},"5":{"loc":{"start":{"line":104,"column":22},"end":{"line":110,"column":null}},"type":"cond-expr","locations":[{"start":{"line":105,"column":26},"end":{"line":105,"column":null}},{"start":{"line":106,"column":26},"end":{"line":110,"column":null}}]},"6":{"loc":{"start":{"line":106,"column":26},"end":{"line":110,"column":null}},"type":"cond-expr","locations":[{"start":{"line":107,"column":28},"end":{"line":107,"column":null}},{"start":{"line":108,"column":28},"end":{"line":110,"column":null}}]},"7":{"loc":{"start":{"line":108,"column":28},"end":{"line":110,"column":null}},"type":"cond-expr","locations":[{"start":{"line":109,"column":30},"end":{"line":109,"column":null}},{"start":{"line":110,"column":30},"end":{"line":110,"column":null}}]},"8":{"loc":{"start":{"line":113,"column":21},"end":{"line":119,"column":null}},"type":"cond-expr","locations":[{"start":{"line":114,"column":24},"end":{"line":114,"column":null}},{"start":{"line":115,"column":24},"end":{"line":119,"column":null}}]},"9":{"loc":{"start":{"line":115,"column":24},"end":{"line":119,"column":null}},"type":"cond-expr","locations":[{"start":{"line":116,"column":26},"end":{"line":116,"column":null}},{"start":{"line":117,"column":26},"end":{"line":119,"column":null}}]},"10":{"loc":{"start":{"line":117,"column":26},"end":{"line":119,"column":null}},"type":"cond-expr","locations":[{"start":{"line":118,"column":28},"end":{"line":118,"column":null}},{"start":{"line":119,"column":28},"end":{"line":119,"column":null}}]},"11":{"loc":{"start":{"line":121,"column":19},"end":{"line":121,"column":29}},"type":"binary-expr","locations":[{"start":{"line":121,"column":19},"end":{"line":121,"column":29}}]},"12":{"loc":{"start":{"line":124,"column":24},"end":{"line":124,"column":null}},"type":"cond-expr","locations":[{"start":{"line":124,"column":41},"end":{"line":124,"column":60}},{"start":{"line":124,"column":60},"end":{"line":124,"column":null}}]},"13":{"loc":{"start":{"line":127,"column":23},"end":{"line":127,"column":null}},"type":"cond-expr","locations":[{"start":{"line":127,"column":40},"end":{"line":127,"column":46}},{"start":{"line":127,"column":46},"end":{"line":127,"column":null}}]}},"s":{"0":0,"1":0,"2":0,"3":0,"4":0,"5":0,"6":0,"7":0,"8":0,"9":0,"10":0},"f":{"0":0,"1":0,"2":0},"b":{"0":[0],"1":[0],"2":[0],"3":[0,0],"4":[0],"5":[0,0],"6":[0,0],"7":[0,0],"8":[0,0],"9":[0,0],"10":[0,0],"11":[0],"12":[0,0],"13":[0,0]}}
,"/workspace/frontend/src/components/dashboard/StatsCard.tsx": {"path":"/workspace/frontend/src/components/dashboard/StatsCard.tsx","statementMap":{"0":{"start":{"line":17,"column":13},"end":{"line":17,"column":51}},"1":{"start":{"line":3,"column":18},"end":{"line":3,"column":null}},"2":{"start":{"line":4,"column":34},"end":{"line":4,"column":null}},"3":{"start":{"line":17,"column":51},"end":{"line":52,"column":null}}},"fnMap":{"0":{"name":"(anonymous_2)","decl":{"start":{"line":17,"column":51},"end":{"line":17,"column":52}},"loc":{"start":{"line":23,"column":1},"end":{"line":52,"column":null}}}},"branchMap":{"0":{"loc":{"start":{"line":22,"column":2},"end":{"line":22,"column":16}},"type":"default-arg","locations":[{"start":{"line":22,"column":14},"end":{"line":22,"column":16}}]},"1":{"loc":{"start":{"line":31,"column":13},"end":{"line":31,"column":null}},"type":"binary-expr","locations":[{"start":{"line":31,"column":13},"end":{"line":31,"column":null}}]},"2":{"loc":{"start":{"line":35,"column":20},"end":{"line":37,"column":null}},"type":"cond-expr","locations":[{"start":{"line":36,"column":24},"end":{"line":36,"column":null}},{"start":{"line":37,"column":24},"end":{"line":37,"column":null}}]},"3":{"loc":{"start":{"line":40,"column":19},"end":{"line":40,"column":59}},"type":"cond-expr","locations":[{"start":{"line":40,"column":48},"end":{"line":40,"column":54}},{"start":{"line":40,"column":54},"end":{"line":40,"column":59}}]},"4":{"loc":{"start":{"line":47,"column":11},"end":{"line":47,"column":19}},"type":"binary-expr","locations":[{"start":{"line":47,"column":11},"end":{"line":47,"column":19}}]}},"s":{"0":0,"1":0,"2":0,"3":0},"f":{"0":0},"b":{"0":[0],"1":[0],"2":[0,0],"3":[0,0],"4":[0]}}
[...]
end":{"line":87,"column":null}},"38":{"start":{"line":80,"column":8},"end":{"line":80,"column":null}},"39":{"start":{"line":81,"column":8},"end":{"line":83,"column":null}},"40":{"start":{"line":82,"column":10},"end":{"line":82,"column":null}},"41":{"start":{"line":85,"column":26},"end":{"line":85,"column":null}},"42":{"start":{"line":86,"column":8},"end":{"line":86,"column":null}},"43":{"start":{"line":89,"column":6},"end":{"line":89,"column":null}},"44":{"start":{"line":91,"column":6},"end":{"line":91,"column":null}},"45":{"start":{"line":95,"column":2},"end":{"line":119,"column":null}},"46":{"start":{"line":193,"column":26},"end":{"line":193,"column":null}},"47":{"start":{"line":202,"column":39},"end":{"line":202,"column":null}},"48":{"start":{"line":221,"column":26},"end":{"line":221,"column":43}},"49":{"start":{"line":254,"column":26},"end":{"line":257,"column":null}},"50":{"start":{"line":266,"column":39},"end":{"line":266,"column":null}}},"fnMap":{"0":{"name":"ResetPasswordPage","decl":{"start":{"line":15,"column":24},"end":{"line":15,"column":null}},"loc":{"start":{"line":15,"column":24},"end":{"line":318,"column":null}}},"1":{"name":"(anonymous_3)","decl":{"start":{"line":36,"column":53},"end":{"line":36,"column":60}},"loc":{"start":{"line":36,"column":60},"end":{"line":36,"column":67}}},"2":{"name":"(anonymous_4)","decl":{"start":{"line":41,"column":12},"end":{"line":41,"column":null}},"loc":{"start":{"line":41,"column":12},"end":{"line":45,"column":5}}},"3":{"name":"(anonymous_5)","decl":{"start":{"line":47,"column":23},"end":{"line":47,"column":30}},"loc":{"start":{"line":47,"column":30},"end":{"line":93,"column":null}}},"4":{"name":"(anonymous_6)","decl":{"start":{"line":81,"column":19},"end":{"line":81,"column":null}},"loc":{"start":{"line":81,"column":19},"end":{"line":83,"column":11}}},"5":{"name":"(anonymous_7)","decl":{"start":{"line":192,"column":34},"end":{"line":192,"column":35}},"loc":{"start":{"line":193,"column":26},"end":{"line":193,"column":null}}},"6":{"name":"(anonymous_8)","decl":{"start":{"line":202,"column":33},"end":{"line":202,"column":39}},"loc":{"start":{"line":202,"column":39},"end":{"line":202,"column":null}}},"7":{"name":"(anonymous_9)","decl":{"start":{"line":220,"column":50},"end":{"line":220,"column":51}},"loc":{"start":{"line":221,"column":26},"end":{"line":221,"column":43}}},"8":{"name":"(anonymous_10)","decl":{"start":{"line":253,"column":34},"end":{"line":253,"column":35}},"loc":{"start":{"line":254,"column":26},"end":{"line":257,"column":null}}},"9":{"name":"(anonymous_11)","decl":{"start":{"line":266,"column":33},"end":{"line":266,"column":39}},"loc":{"start":{"line":266,"column":39},"end":{"line":266,"column":null}}}},"branchMap":{"0":{"loc":{"start":{"line":38,"column":4},"end":{"line":39,"column":null}},"type":"binary-expr","locations":[{"start":{"line":38,"column":4},"end":{"line":38,"column":50}},{"start":{"line":39,"column":4},"end":{"line":39,"column":null}}]},"1":{"loc":{"start":{"line":42,"column":4},"end":{"line":44,"column":null}},"type":"if","locations":[{"start":{"line":42,"column":4},"end":{"line":44,"column":null}}]},"2":{"loc":{"start":{"line":52,"column":4},"end":{"line":56,"column":null}},"type":"if","locations":[{"start":{"line":52,"column":4},"end":{"line":56,"column":null}}]},"3":{"loc":{"start":{"line":58,"column":4},"end":{"line":62,"column":null}},"type":"if","locations":[{"start":{"line":58,"column":4},"end":{"line":62,"column":null}}]},"4":{"loc":{"start":{"line":79,"column":6},"end":{"line":87,"column":null}},"type":"if","locations":[{"start":{"line":79,"column":6},"end":{"line":87,"column":null}},{"start":{"line":84,"column":13},"end":{"line":87,"column":null}}]},"5":{"loc":{"start":{"line":86,"column":17},"end":{"line":86,"column":null}},"type":"binary-expr","locations":[{"start":{"line":86,"column":17},"end":{"line":86,"column":33}},{"start":{"line":86,"column":37},"end":{"line":86,"column":null}}]},"6":{"loc":{"start":{"line":95,"column":2},"end":{"line":119,"column":null}},"type":"if","locations":[{"start":{"line":95,"column":2},"end":{"line":119,"column":null}}]},"7":{"loc":{"start":{"line":154,"column":16},"end":{"line":172,"column":17}},"type":"cond-expr","locations":[{"start":{"line":154,"column":16},"end":{"line":172,"column":17}}]},"8":{"loc":{"start":{"line":173,"column":19},"end":{"line":173,"column":null}},"type":"binary-expr","locations":[{"start":{"line":173,"column":19},"end":{"line":173,"column":null}}]},"9":{"loc":{"start":{"line":190,"column":30},"end":{"line":190,"column":null}},"type":"cond-expr","locations":[{"start":{"line":190,"column":45},"end":{"line":190,"column":54}},{"start":{"line":190,"column":54},"end":{"line":190,"column":null}}]},"10":{"loc":{"start":{"line":205,"column":26},"end":{"line":207,"column":27}},"type":"cond-expr","locations":[{"start":{"line":205,"column":26},"end":{"line":207,"column":27}}]},"11":{"loc":{"start":{"line":214,"column":19},"end":{"line":214,"column":36}},"type":"binary-expr","locations":[{"start":{"line":214,"column":19},"end":{"line":214,"column":36}}]},"12":{"loc":{"start":{"line":223,"column":30},"end":{"line":225,"column":31}},"type":"cond-expr","locations":[{"start":{"line":223,"column":30},"end":{"line":225,"column":31}}]},"13":{"loc":{"start":{"line":229,"column":32},"end":{"line":229,"column":null}},"type":"cond-expr","locations":[{"start":{"line":229,"column":42},"end":{"line":229,"column":61}},{"start":{"line":229,"column":61},"end":{"line":229,"column":null}}]},"14":{"loc":{"start":{"line":251,"column":30},"end":{"line":251,"column":null}},"type":"cond-expr","locations":[{"start":{"line":251,"column":52},"end":{"line":251,"column":61}},{"start":{"line":251,"column":61},"end":{"line":251,"column":null}}]},"15":{"loc":{"start":{"line":269,"column":26},"end":{"line":271,"column":27}},"type":"cond-expr","locations":[{"start":{"line":269,"column":26},"end":{"line":271,"column":27}}]},"16":{"loc":{"start":{"line":275,"column":21},"end":{"line":275,"column":45}},"type":"binary-expr","locations":[{"start":{"line":275,"column":21},"end":{"line":275,"column":45}}]},"17":{"loc":{"start":{"line":278,"column":26},"end":{"line":280,"column":27}},"type":"cond-expr","locations":[{"start":{"line":278,"column":26},"end":{"line":280,"column":27}}]},"18":{"loc":{"start":{"line":284,"column":28},"end":{"line":284,"column":null}},"type":"cond-expr","locations":[{"start":{"line":284,"column":45},"end":{"line":284,"column":64}},{"start":{"line":284,"column":64},"end":{"line":284,"column":null}}]},"19":{"loc":{"start":{"line":287,"column":27},"end":{"line":287,"column":null}},"type":"cond-expr","locations":[{"start":{"line":287,"column":44},"end":{"line":287,"column":65}},{"start":{"line":287,"column":65},"end":{"line":287,"column":null}}]},"20":{"loc":{"start":{"line":296,"column":30},"end":{"line":296,"column":null}},"type":"binary-expr","locations":[{"start":{"line":296,"column":30},"end":{"line":296,"column":43}},{"start":{"line":296,"column":43},"end":{"line":296,"column":63}},{"start":{"line":296,"column":63},"end":{"line":296,"column":null}}]},"21":{"loc":{"start":{"line":298,"column":21},"end":{"line":298,"column":null}},"type":"cond-expr","locations":[{"start":{"line":298,"column":33},"end":{"line":298,"column":57}},{"start":{"line":298,"column":57},"end":{"line":298,"column":null}}]}},"s":{"0":0,"1":0,"2":0,"3":0,"4":0,"5":0,"6":0,"7":0,"8":0,"9":0,"10":0,"11":0,"12":0,"13":0,"14":0,"15":0,"16":0,"17":0,"18":0,"19":0,"20":0,"21":0,"22":0,"23":0,"24":0,"25":0,"26":0,"27":0,"28":0,"29":0,"30":0,"31":0,"32":0,"33":0,"34":0,"35":0,"36":0,"37":0,"38":0,"39":0,"40":0,"41":0,"42":0,"43":0,"44":0,"45":0,"46":0,"47":0,"48":0,"49":0,"50":0},"f":{"0":0,"1":0,"2":0,"3":0,"4":0,"5":0,"6":0,"7":0,"8":0,"9":0},"b":{"0":[0,0],"1":[0],"2":[0],"3":[0],"4":[0,0],"5":[0,0],"6":[0],"7":[0],"8":[0],"9":[0,0],"10":[0],"11":[0],"12":[0],"13":[0,0],"14":[0,0],"15":[0],"16":[0],"17":[0],"18":[0,0],"19":[0,0],"20":[0,0,0],"21":[0,0]}}
,"/workspace/frontend/src/pages/channels/[id].tsx": {"path":"/workspace/frontend/src/pages/channels/[id].tsx","statementMap":{"0":{"start":{"line":37,"column":24},"end":{"line":37,"column":null}},"1":{"start":{"line":543,"column":22},"end":{"line":543,"column":40}},"2":{"start":{"line":1,"column":25},"end":{"line":1,"column":null}},"3":{"start":{"line":2,"column":27},"end":{"line":2,"column":null}},"4":{"start":{"line":3,"column":26},"end":{"line":3,"column":null}},"5":{"start":{"line":4,"column":17},"end":{"line":4,"column":null}},"6":{"start":{"line":5,"column":17},"end":{"line":5,"column":null}},"7":{"start":{"line":6,"column":74},"end":{"line":6,"column":null}},"8":{"start":{"line":7,"column":24},"end":{"line":7,"column":null}},"9":{"start":{"line":8,"column":23},"end":{"line":8,"column":null}},"10":{"start":{"line":38,"column":17},"end":{"line":38,"column":null}},"11":{"start":{"line":39,"column":19},"end":{"line":39,"column":31}},"12":{"start":{"line":40,"column":36},"end":{"line":40,"column":null}},"13":{"start":{"line":42,"column":55},"end":{"line":42,"column":null}},"14":{"start":{"line":44,"column":2},"end":{"line":50,"column":null}},"15":{"start":{"line":52,"column":2},"end":{"line":63,"column":null}},"16":{"start":{"line":65,"column":2},"end":{"line":74,"column":null}},"17":{"start":{"line":76,"column":25},"end":{"line":87,"column":null}},"18":{"start":{"line":77,"column":4},"end":{"line":86,"column":null}},"19":{"start":{"line":79,"column":8},"end":{"line":79,"column":null}},"20":{"start":{"line":81,"column":8},"end":{"line":81,"column":null}},"21":{"start":{"line":83,"column":8},"end":{"line":83,"column":null}},"22":{"start":{"line":85,"column":8},"end":{"line":85,"column":null}},"23":{"start":{"line":89,"column":23},"end":{"line":98,"column":null}},"24":{"start":{"line":90,"column":4},"end":{"line":97,"column":null}},"25":{"start":{"line":92,"column":8},"end":{"line":92,"column":null}},"26":{"start":{"line":94,"column":8},"end":{"line":94,"column":null}},"27":{"start":{"line":96,"column":8},"end":{"line":96,"column":null}},"28":{"start":{"line":100,"column":23},"end":{"line":111,"column":null}},"29":{"start":{"line":101,"column":4},"end":{"line":110,"column":null}},"30":{"start":{"line":103,"column":8},"end":{"line":103,"column":null}},"31":{"start":{"line":105,"column":8},"end":{"line":105,"column":null}},"32":{"start":{"line":107,"column":8},"end":{"line":107,"column":null}},"33":{"start":{"line":109,"column":8},"end":{"line":109,"column":null}},"34":{"start":{"line":113,"column":15},"end":{"line":118,"column":null}},"35":{"start":{"line":281,"column":35},"end":{"line":281,"column":43}},"36":{"start":{"line":282,"column":22},"end":{"line":284,"column":null}},"37":{"start":{"line":285,"column":41},"end":{"line":285,"column":null}},"38":{"start":{"line":322,"column":26},"end":{"line":323,"column":null}},"39":{"start":{"line":374,"column":24},"end":{"line":375,"column":null}},"40":{"start":{"line":488,"column":32},"end":{"line":489,"column":null}},"41":{"start":{"line":513,"column":32},"end":{"line":514,"column":null}},"42":{"start":{"line":544,"column":2},"end":{"line":546,"column":null}}},"fnMap":{"0":{"name":"ChannelDetailPage","decl":{"start":{"line":37,"column":24},"end":{"line":37,"column":null}},"loc":{"start":{"line":37,"column":24},"end":{"line":540,"column":1}}},"1":{"name":"(anonymous_5)","decl":{"start":{"line":76,"column":25},"end":{"line":76,"column":26}},"loc":{"start":{"line":76,"column":26},"end":{"line":87,"column":null}}},"2":{"name":"(anonymous_6)","decl":{"start":{"line":89,"column":23},"end":{"line":89,"column":24}},"loc":{"start":{"line":89,"column":24},"end":{"line":98,"column":null}}},"3":{"name":"(anonymous_7)","decl":{"start":{"line":100,"column":23},"end":{"line":100,"column":24}},"loc":{"start":{"line":100,"column":24},"end":{"line":111,"column":null}}},"4":{"name":"(anonymous_8)","decl":{"start":{"line":280,"column":26},"end":{"line":280,"column":27}},"loc":{"start":{"line":280,"column":27},"end":{"line":296,"column":null}}},"5":{"name":"(anonymous_9)","decl":{"start":{"line":285,"column":35},"end":{"line":285,"column":41}},"loc":{"start":{"line":285,"column":41},"end":{"line":285,"column":null}}},"6":{"name":"(anonymous_10)","decl":{"start":{"line":321,"column":65},"end":{"line":321,"column":66}},"loc":{"start":{"line":322,"column":26},"end":{"line":323,"column":null}}},"7":{"name":"(anonymous_11)","decl":{"start":{"line":373,"column":51},"end":{"line":373,"column":52}},"loc":{"start":{"line":374,"column":24},"end":{"line":375,"column":null}}},"8":{"name":"(anonymous_12)","decl":{"start":{"line":487,"column":49},"end":{"line":487,"column":50}},"loc":{"start":{"line":488,"column":32},"end":{"line":489,"column":null}}},"9":{"name":"(anonymous_13)","decl":{"start":{"line":512,"column":49},"end":{"line":512,"column":50}},"loc":{"start":{"line":513,"column":32},"end":{"line":514,"column":null}}},"10":{"name":"getServerSideProps","decl":{"start":{"line":543,"column":22},"end":{"line":543,"column":40}},"loc":{"start":{"line":543,"column":22},"end":{"line":547,"column":null}}}},"branchMap":{"0":{"loc":{"start":{"line":44,"column":2},"end":{"line":50,"column":null}},"type":"if","locations":[{"start":{"line":44,"column":2},"end":{"line":50,"column":null}}]},"1":{"loc":{"start":{"line":52,"column":2},"end":{"line":63,"column":null}},"type":"if","locations":[{"start":{"line":52,"column":2},"end":{"line":63,"column":null}}]},"2":{"loc":{"start":{"line":57,"column":38},"end":{"line":57,"column":null}},"type":"binary-expr","locations":[{"start":{"line":57,"column":38},"end":{"line":57,"column":67}},{"start":{"line":57,"column":67},"end":{"line":57,"column":null}}]},"3":{"loc":{"start":{"line":65,"column":2},"end":{"line":74,"column":null}},"type":"if","locations":[{"start":{"line":65,"column":2},"end":{"line":74,"column":null}}]},"4":{"loc":{"start":{"line":77,"column":4},"end":{"line":86,"column":null}},"type":"switch","locations":[{"start":{"line":78,"column":6},"end":{"line":79,"column":null}},{"start":{"line":80,"column":6},"end":{"line":81,"column":null}},{"start":{"line":82,"column":6},"end":{"line":83,"column":null}},{"start":{"line":84,"column":6},"end":{"line":85,"column":null}}]},"5":{"loc":{"start":{"line":90,"column":4},"end":{"line":97,"column":null}},"type":"switch","locations":[{"start":{"line":91,"column":6},"end":{"line":92,"column":null}},{"start":{"line":93,"column":6},"end":{"line":94,"column":null}},{"start":{"line":95,"column":6},"end":{"line":96,"column":null}}]},"6":{"loc":{"start":{"line":101,"column":4},"end":{"line":110,"column":null}},"type":"switch","locations":[{"start":{"line":102,"column":6},"end":{"line":103,"column":null}},{"start":{"line":104,"column":6},"end":{"line":105,"column":null}},{"start":{"line":106,"column":6},"end":{"line":107,"column":null}},{"start":{"line":108,"column":6},"end":{"line":109,"column":null}}]},"7":{"loc":{"start":{"line":287,"column":28},"end":{"line":289,"column":null}},"type":"cond-expr","locations":[{"start":{"line":288,"column":32},"end":{"line":288,"column":null}},{"start":{"line":289,"column":32},"end":{"line":289,"column":null}}]},"8":{"loc":{"start":{"line":302,"column":15},"end":{"line":302,"column":null}},"type":"binary-expr","locations":[{"start":{"line":302,"column":15},"end":{"line":302,"column":null}}]},"9":{"loc":{"start":{"line":310,"column":25},"end":{"line":310,"column":null}},"type":"binary-expr","locations":[{"start":{"line":310,"column":25},"end":{"line":310,"column":44}},{"start":{"line":310,"column":48},"end":{"line":310,"column":null}}]},"10":{"loc":{"start":{"line":329,"column":34},"end":{"line":333,"column":null}},"type":"cond-expr","locations":[{"start":{"line":330,"column":38},"end":{"line":330,"column":null}},{"start":{"line":331,"column":38},"end":{"line":333,"column":null}}]},"11":{"loc":{"start":{"line":331,"column":38},"end":{"line":333,"column":null}},"type":"cond-expr","locations":[{"start":{"line":332,"column":38},"end":{"line":332,"column":null}},{"start":{"line":333,"column":38},"end":{"line":333,"column":null}}]},"12":{"loc":{"start":{"line":346,"column":34},"end":{"line":346,"column":null}},"type":"cond-expr","locations":[{"start":{"line":346,"column":58},"end":{"line":346,"column":77}},{"start":{"line":346,"column":77},"end":{"line":346,"column":null}}]},"13":{"loc":{"start":{"line":346,"column":35},"end":{"line":346,"column":54}},"type":"binary-expr","locations":[{"start":{"line":346,"column":35},"end":{"line":346,"column":45}},{"start":{"line":346,"column":49},"end":{"line":346,"column":54}}]},"14":{"loc":{"start":{"line":349,"column":34},"end":{"line":349,"column":68}},"type":"cond-expr","locations":[{"start":{"line":349,"column":57},"end":{"line":349,"column":63}},{"start":{"line":349,"column":63},"end":{"line":349,"column":68}}]},"15":{"loc":{"start":{"line":349,"column":34},"end":{"line":349,"column":53}},"type":"binary-expr","locations":[{"start":{"line":349,"column":34},"end":{"line":349,"column":44}},{"start":{"line":349,"column":48},"end":{"line":349,"column":53}}]},"16":{"loc":{"start":{"line":349,"column":68},"end":{"line":349,"column":85}},"type":"binary-expr","locations":[{"start":{"line":349,"column":68},"end":{"line":349,"column":78}},{"start":{"line":349,"column":82},"end":{"line":349,"column":85}}]},"17":{"loc":{"start":{"line":363,"column":15},"end":{"line":363,"column":null}},"type":"binary-expr","locations":[{"start":{"line":363,"column":15},"end":{"line":363,"column":null}}]},"18":{"loc":{"start":{"line":398,"column":69},"end":{"line":398,"column":null}},"type":"binary-expr","locations":[{"start":{"line":398,"column":69},"end":{"line":398,"column":86}},{"start":{"line":398,"column":90},"end":{"line":398,"column":null}}]},"19":{"loc":{"start":{"line":405,"column":32},"end":{"line":405,"column":null}},"type":"cond-expr","locations":[{"start":{"line":405,"column":56},"end":{"line":405,"column":75}},{"start":{"line":405,"column":75},"end":{"line":405,"column":null}}]},"20":{"loc":{"start":{"line":405,"column":33},"end":{"line":405,"column":52}},"type":"binary-expr","locations":[{"start":{"line":405,"column":33},"end":{"line":405,"column":43}},{"start":{"line":405,"column":47},"end":{"line":405,"column":52}}]},"21":{"loc":{"start":{"line":408,"column":32},"end":{"line":408,"column":66}},"type":"cond-expr","locations":[{"start":{"line":408,"column":55},"end":{"line":408,"column":61}},{"start":{"line":408,"column":61},"end":{"line":408,"column":66}}]},"22":{"loc":{"start":{"line":408,"column":32},"end":{"line":408,"column":51}},"type":"binary-expr","locations":[{"start":{"line":408,"column":32},"end":{"line":408,"column":42}},{"start":{"line":408,"column":46},"end":{"line":408,"column":51}}]},"23":{"loc":{"start":{"line":408,"column":66},"end":{"line":408,"column":83}},"type":"binary-expr","locations":[{"start":{"line":408,"column":66},"end":{"line":408,"column":76}},{"start":{"line":408,"column":80},"end":{"line":408,"column":83}}]},"24":{"loc":{"start":{"line":421,"column":15},"end":{"line":421,"column":null}},"type":"binary-expr","locations":[{"start":{"line":421,"column":15},"end":{"line":421,"column":null}}]},"25":{"loc":{"start":{"line":469,"column":15},"end":{"line":469,"column":null}},"type":"binary-expr","locations":[{"start":{"line":469,"column":15},"end":{"line":469,"column":null}}]}},"s":{"0":0,"1":0,"2":0,"3":0,"4":0,"5":0,"6":0,"7":0,"8":0,"9":0,"10":0,"11":0,"12":0,"13":0,"14":0,"15":0,"16":0,"17":0,"18":0,"19":0,"20":0,"21":0,"22":0,"23":0,"24":0,"25":0,"26":0,"27":0,"28":0,"29":0,"30":0,"31":0,"32":0,"33":0,"34":0,"35":0,"36":0,"37":0,"38":0,"39":0,"40":0,"41":0,"42":0},"f":{"0":0,"1":0,"2":0,"3":0,"4":0,"5":0,"6":0,"7":0,"8":0,"9":0,"10":0},"b":{"0":[0],"1":[0],"2":[0,0],"3":[0],"4":[0,0,0,0],"5":[0,0,0],"6":[0,0,0,0],"7":[0,0],"8":[0],"9":[0,0],"10":[0,0],"11":[0,0],"12":[0,0],"13":[0,0],"14":[0,0],"15":[0,0],"16":[0,0],"17":[0],"18":[0,0],"19":[0,0],"20":[0,0],"21":[0,0],"22":[0,0],"23":[0,0],"24":[0],"25":[0]}}
}
