TN:
SF:src/components/auth/Login.tsx
FN:9,Login
FN:17,(anonymous_2)
FN:54,(anonymous_3)
FN:67,(anonymous_4)
FNF:4
FNH:0
FNDA:0,Login
FNDA:0,(anonymous_2)
FNDA:0,(anonymous_3)
FNDA:0,(anonymous_4)
DA:1,0
DA:2,0
DA:3,0
DA:4,0
DA:5,0
DA:6,0
DA:9,0
DA:10,0
DA:11,0
DA:12,0
DA:13,0
DA:14,0
DA:15,0
DA:17,0
DA:18,0
DA:19,0
DA:20,0
DA:22,0
DA:23,0
DA:24,0
DA:26,0
DA:27,0
DA:29,0
DA:54,0
DA:67,0
LF:25
LH:0
BRDA:41,0,0,0
BRDA:75,1,0,0
BRDA:75,1,1,0
BRF:3
BRH:0
end_of_record
TN:
SF:src/components/auth/ProtectedRoute.tsx
FN:15,(anonymous_6)
FN:23,(anonymous_7)
FN:58,(anonymous_8)
FN:72,(anonymous_9)
FN:76,(anonymous_10)
FNF:5
FNH:0
FNDA:0,(anonymous_6)
FNDA:0,(anonymous_7)
FNDA:0,(anonymous_8)
FNDA:0,(anonymous_9)
FNDA:0,(anonymous_10)
DA:3,0
DA:4,0
DA:5,0
DA:6,0
DA:15,0
DA:20,0
DA:21,0
DA:23,0
DA:24,0
DA:26,0
DA:31,0
DA:42,0
DA:43,0
DA:47,0
DA:58,0
DA:72,0
DA:76,0
DA:84,0
DA:86,0
LF:19
LH:0
BRDA:24,0,0,0
BRDA:24,1,0,0
BRDA:24,1,1,0
BRDA:31,2,0,0
BRDA:33,3,0,0
BRDA:42,4,0,0
BRDA:47,5,0,0
BRDA:47,6,0,0
BRDA:47,6,1,0
BRDA:84,7,0,0
BRDA:84,7,1,0
BRF:11
BRH:0
end_of_record
TN:
SF:src/components/auth/Register.tsx
FN:16,(anonymous_5)
FN:30,(anonymous_6)
FN:76,(anonymous_7)
FN:78,(anonymous_8)
FN:149,(anonymous_9)
FNF:5
FNH:0
FNDA:0,(anonymous_5)
FNDA:0,(anonymous_6)
FNDA:0,(anonymous_7)
FNDA:0,(anonymous_8)
FNDA:0,(anonymous_9)
DA:3,0
DA:4,0
DA:5,0
DA:6,0
DA:7,0
DA:8,0
DA:9,0
DA:16,0
DA:17,0
DA:23,0
DA:24,0
DA:25,0
DA:27,0
DA:28,0
DA:30,0
DA:31,0
DA:32,0
DA:33,0
DA:36,0
DA:37,0
DA:38,0
DA:39,0
DA:43,0
DA:44,0
DA:45,0
DA:46,0
DA:49,0
DA:51,0
DA:52,0
DA:53,0
DA:54,0
DA:57,0
DA:64,0
DA:65,0
DA:67,0
DA:70,0
DA:72,0
DA:76,0
DA:77,0
DA:78,0
DA:149,0
LF:41
LH:0
BRDA:36,0,0,0
BRDA:43,1,0,0
BRDA:51,2,0,0
BRDA:51,3,0,0
BRDA:51,3,1,0
BRDA:64,4,0,0
BRDA:64,4,1,0
BRDA:70,5,0,0
BRDA:70,5,1,0
BRDA:155,6,0,0
BRDA:168,7,0,0
BRDA:168,7,1,0
BRF:12
BRH:0
end_of_record
TN:
SF:src/components/auth/index.ts
FNF:0
FNH:0
DA:1,0
DA:2,0
DA:3,0
LF:3
LH:0
BRF:0
BRH:0
end_of_record
TN:
SF:src/components/channels/AddChannelModal.tsx
FN:68,(anonymous_4)
FN:72,(anonymous_5)
FN:101,(anonymous_6)
FN:125,(anonymous_7)
FN:139,(anonymous_8)
FN:145,(anonymous_9)
FN:173,(anonymous_11)
FN:181,(anonymous_12)
FNF:8
FNH:0
FNDA:0,(anonymous_4)
FNDA:0,(anonymous_5)
FNDA:0,(anonymous_6)
FNDA:0,(anonymous_7)
FNDA:0,(anonymous_8)
FNDA:0,(anonymous_9)
FNDA:0,(anonymous_11)
FNDA:0,(anonymous_12)
DA:1,0
DA:2,0
DA:3,0
DA:4,0
DA:5,0
DA:13,0
DA:14,0
DA:15,0
DA:16,0
DA:17,0
DA:18,0
DA:22,0
DA:68,0
DA:69,0
DA:73,0
DA:74,0
DA:81,0
DA:89,0
DA:101,0
DA:102,0
DA:111,0
DA:122,0
DA:125,0
DA:126,0
DA:127,0
DA:134,0
DA:139,0
DA:140,0
DA:141,0
DA:145,0
DA:146,0
DA:147,0
DA:150,0
DA:151,0
DA:174,0
DA:175,0
DA:182,0
DA:183,0
LF:38
LH:0
BRDA:126,0,0,0
BRDA:140,1,0,0
BRDA:140,2,0,0
BRDA:140,2,1,0
BRDA:196,3,0,0
BRDA:223,4,0,0
BRDA:244,5,0,0
BRDA:267,6,0,0
BRDA:274,7,0,0
BRDA:300,8,0,0
BRDA:370,9,0,0
BRF:11
BRH:0
end_of_record
TN:
SF:src/components/channels/ChannelActions.tsx
FN:20,ChannelActions
FN:29,(anonymous_5)
FN:55,(anonymous_6)
FN:77,(anonymous_7)
FN:95,(anonymous_8)
FN:108,(anonymous_9)
FNF:6
FNH:0
FNDA:0,ChannelActions
FNDA:0,(anonymous_5)
FNDA:0,(anonymous_6)
FNDA:0,(anonymous_7)
FNDA:0,(anonymous_8)
FNDA:0,(anonymous_9)
DA:1,0
DA:2,0
DA:10,0
DA:20,0
DA:26,0
DA:27,0
DA:29,0
DA:30,0
DA:31,0
DA:33,0
DA:34,0
DA:36,0
DA:37,0
DA:39,0
DA:40,0
DA:42,0
DA:44,0
DA:56,0
DA:57,0
DA:77,0
DA:96,0
DA:97,0
DA:109,0
DA:110,0
LF:24
LH:0
BRDA:31,0,0,0
BRDA:31,0,1,0
BRDA:31,0,2,0
BRDA:68,1,0,0
BRDA:68,1,1,0
BRDA:69,2,0,0
BRDA:69,2,1,0
BRDA:70,3,0,0
BRDA:70,3,1,0
BRDA:91,4,0,0
BRDA:104,5,0,0
BRF:11
BRH:0
end_of_record
TN:
SF:src/components/channels/ChannelCard.tsx
FN:15,(anonymous_2)
FN:19,(anonymous_3)
FN:77,(anonymous_4)
FNF:3
FNH:0
FNDA:0,(anonymous_2)
FNDA:0,(anonymous_3)
FNDA:0,(anonymous_4)
DA:3,0
DA:4,0
DA:5,0
DA:6,0
DA:7,0
DA:15,0
DA:16,0
DA:17,0
DA:19,0
DA:20,0
DA:77,0
DA:87,0
LF:12
LH:0
BRDA:16,0,0,0
BRDA:16,0,1,0
BRDA:16,0,2,0
BRDA:17,1,0,0
BRDA:17,1,1,0
BRDA:55,2,0,0
BRDA:55,2,1,0
BRF:7
BRH:0
end_of_record
TN:
SF:src/components/channels/ChannelsFilter.tsx
FN:16,(anonymous_4)
FN:23,(anonymous_5)
FN:51,(anonymous_6)
FN:78,(anonymous_7)
FN:90,(anonymous_8)
FN:103,(anonymous_9)
FN:106,(anonymous_10)
FN:132,(anonymous_11)
FN:135,(anonymous_12)
FN:161,(anonymous_13)
FN:164,(anonymous_14)
FN:193,(anonymous_15)
FN:205,(anonymous_16)
FNF:13
FNH:0
FNDA:0,(anonymous_4)
FNDA:0,(anonymous_5)
FNDA:0,(anonymous_6)
FNDA:0,(anonymous_7)
FNDA:0,(anonymous_8)
FNDA:0,(anonymous_9)
FNDA:0,(anonymous_10)
FNDA:0,(anonymous_11)
FNDA:0,(anonymous_12)
FNDA:0,(anonymous_13)
FNDA:0,(anonymous_14)
FNDA:0,(anonymous_15)
FNDA:0,(anonymous_16)
DA:3,0
DA:4,0
DA:5,0
DA:6,0
DA:7,0
DA:16,0
DA:21,0
DA:23,0
DA:24,0
DA:30,0
DA:36,0
DA:43,0
DA:50,0
DA:51,0
DA:78,0
DA:90,0
DA:104,0
DA:107,0
DA:133,0
DA:136,0
DA:162,0
DA:165,0
DA:194,0
DA:206,0
DA:218,0
LF:25
LH:0
BRDA:51,0,0,0
BRDA:51,0,1,0
BRDA:51,0,2,0
BRDA:60,1,0,0
BRDA:80,2,0,0
BRDA:80,2,1,0
BRDA:89,3,0,0
BRDA:89,3,1,0
BRDA:95,4,0,0
BRDA:109,5,0,0
BRDA:109,5,1,0
BRDA:115,6,0,0
BRDA:115,6,1,0
BRDA:138,7,0,0
BRDA:138,7,1,0
BRDA:144,8,0,0
BRDA:144,8,1,0
BRDA:167,9,0,0
BRDA:167,9,1,0
BRDA:173,10,0,0
BRDA:173,10,1,0
BRDA:192,11,0,0
BRDA:192,11,1,0
BRDA:204,12,0,0
BRDA:204,12,1,0
BRF:25
BRH:0
end_of_record
TN:
SF:src/components/channels/ChannelsList.tsx
FN:14,(anonymous_4)
FN:21,(anonymous_5)
FN:41,(anonymous_6)
FN:54,(anonymous_7)
FN:81,(anonymous_9)
FN:91,(anonymous_10)
FN:96,(anonymous_11)
FN:121,(anonymous_13)
FNF:8
FNH:0
FNDA:0,(anonymous_4)
FNDA:0,(anonymous_5)
FNDA:0,(anonymous_6)
FNDA:0,(anonymous_7)
FNDA:0,(anonymous_9)
FNDA:0,(anonymous_10)
FNDA:0,(anonymous_11)
FNDA:0,(anonymous_13)
DA:3,0
DA:4,0
DA:5,0
DA:6,0
DA:14,0
DA:18,0
DA:19,0
DA:21,0
DA:22,0
DA:23,0
DA:26,0
DA:27,0
DA:29,0
DA:30,0
DA:31,0
DA:34,0
DA:35,0
DA:37,0
DA:41,0
DA:42,0
DA:43,0
DA:45,0
DA:46,0
DA:50,0
DA:54,0
DA:81,0
DA:91,0
DA:97,0
DA:98,0
DA:121,0
DA:131,0
DA:155,0
LF:32
LH:0
BRDA:26,0,0,0
BRDA:27,1,0,0
BRDA:29,2,0,0
BRDA:34,3,0,0
BRDA:34,3,1,0
BRDA:35,4,0,0
BRDA:35,4,1,0
BRDA:37,5,0,0
BRDA:37,5,1,0
BRDA:42,6,0,0
BRDA:42,6,1,0
BRDA:43,7,0,0
BRDA:43,7,1,0
BRDA:58,8,0,0
BRDA:59,9,0,0
BRDA:59,9,1,0
BRDA:85,10,0,0
BRDA:86,11,0,0
BRDA:86,11,1,0
BRDA:91,12,0,0
BRDA:91,12,1,0
BRDA:117,13,0,0
BRDA:131,14,0,0
BRF:23
BRH:0
end_of_record
TN:
SF:src/components/channels/StatusBadge.tsx
FN:79,(anonymous_4)
FN:131,(anonymous_5)
FN:140,(anonymous_6)
FN:187,(anonymous_7)
FN:188,(anonymous_8)
FN:201,(anonymous_9)
FN:205,(anonymous_10)
FNF:7
FNH:0
FNDA:0,(anonymous_4)
FNDA:0,(anonymous_5)
FNDA:0,(anonymous_6)
FNDA:0,(anonymous_7)
FNDA:0,(anonymous_8)
FNDA:0,(anonymous_9)
FNDA:0,(anonymous_10)
DA:1,0
DA:9,0
DA:27,0
DA:79,0
DA:85,0
DA:86,0
DA:88,0
DA:94,0
DA:131,0
DA:137,0
DA:138,0
DA:140,0
DA:141,0
DA:143,0
DA:145,0
DA:147,0
DA:149,0
DA:151,0
DA:153,0
DA:155,0
DA:157,0
DA:187,0
DA:188,0
DA:189,0
DA:198,0
DA:201,0
DA:202,0
DA:205,0
DA:206,0
DA:209,0
DA:211,0
DA:213,0
DA:215,0
DA:219,0
LF:34
LH:0
BRDA:81,0,0,0
BRDA:82,1,0,0
BRDA:83,2,0,0
BRDA:110,3,0,0
BRDA:114,4,0,0
BRDA:114,4,1,0
BRDA:135,5,0,0
BRDA:141,6,0,0
BRDA:141,6,1,0
BRDA:141,6,2,0
BRDA:141,6,3,0
BRDA:141,6,4,0
BRDA:141,6,5,0
BRDA:141,6,6,0
BRDA:141,6,7,0
BRDA:166,7,0,0
BRDA:166,7,1,0
BRDA:172,8,0,0
BRDA:179,9,0,0
BRDA:179,9,1,0
BRDA:198,10,0,0
BRDA:198,10,1,0
BRDA:206,11,0,0
BRDA:206,11,1,0
BRDA:206,11,2,0
BRDA:206,11,3,0
BRDA:206,11,4,0
BRF:27
BRH:0
end_of_record
TN:
SF:src/components/channels/index.ts
FNF:0
FNH:0
DA:1,0
DA:2,0
DA:3,0
LF:3
LH:0
BRF:0
BRH:0
end_of_record
TN:
SF:src/components/charts/BarChart.tsx
FN:40,(anonymous_2)
FNF:1
FNH:0
FNDA:0,(anonymous_2)
DA:3,0
DA:12,0
DA:13,0
DA:15,0
DA:40,0
DA:46,0
LF:6
LH:0
BRDA:42,0,0,0
BRDA:43,1,0,0
BRF:2
BRH:0
end_of_record
TN:
SF:src/components/charts/DoughnutChart.tsx
FN:25,(anonymous_2)
FNF:1
FNH:0
FNDA:0,(anonymous_2)
DA:3,0
DA:4,0
DA:5,0
DA:7,0
DA:25,0
DA:31,0
LF:6
LH:0
BRDA:27,0,0,0
BRDA:28,1,0,0
BRF:2
BRH:0
end_of_record
TN:
SF:src/components/charts/LineChart.tsx
FN:45,(anonymous_2)
FNF:1
FNH:0
FNDA:0,(anonymous_2)
DA:3,0
DA:14,0
DA:15,0
DA:17,0
DA:45,0
DA:51,0
LF:6
LH:0
BRDA:47,0,0,0
BRDA:48,1,0,0
BRF:2
BRH:0
end_of_record
TN:
SF:src/components/charts/PerformanceChart.tsx
FN:13,(anonymous_2)
FN:18,(anonymous_3)
FN:43,(anonymous_4)
FN:51,(anonymous_5)
FN:82,(anonymous_6)
FN:102,(anonymous_7)
FN:103,(anonymous_8)
FN:106,(anonymous_9)
FNF:8
FNH:0
FNDA:0,(anonymous_2)
FNDA:0,(anonymous_3)
FNDA:0,(anonymous_4)
FNDA:0,(anonymous_5)
FNDA:0,(anonymous_6)
FNDA:0,(anonymous_7)
FNDA:0,(anonymous_8)
FNDA:0,(anonymous_9)
DA:3,0
DA:4,0
DA:13,0
DA:18,0
DA:19,0
DA:23,0
DA:25,0
DA:26,0
DA:27,0
DA:29,0
DA:30,0
DA:31,0
DA:33,0
DA:34,0
DA:35,0
DA:37,0
DA:38,0
DA:39,0
DA:43,0
DA:44,0
DA:45,0
DA:49,0
DA:51,0
DA:52,0
DA:54,0
DA:57,0
DA:59,0
DA:60,0
DA:62,0
DA:63,0
DA:64,0
DA:65,0
DA:67,0
DA:68,0
DA:71,0
DA:72,0
DA:75,0
DA:76,0
DA:77,0
DA:81,0
DA:82,0
DA:83,0
DA:84,0
DA:86,0
DA:91,0
DA:93,0
DA:98,0
DA:102,0
DA:103,0
DA:106,0
DA:107,0
DA:108,0
DA:111,0
DA:114,0
DA:116,0
DA:138,0
LF:56
LH:0
BRDA:15,0,0,0
BRDA:16,1,0,0
BRDA:23,2,0,0
BRDA:23,2,1,0
BRDA:23,2,2,0
BRDA:23,2,3,0
BRDA:45,3,0,0
BRDA:45,3,1,0
BRDA:52,4,0,0
BRDA:57,5,0,0
BRDA:57,5,1,0
BRDA:57,5,2,0
BRDA:71,6,0,0
BRDA:84,7,0,0
BRDA:84,7,1,0
BRDA:84,7,2,0
BRDA:84,7,3,0
BRDA:107,8,0,0
BRDA:107,8,1,0
BRF:19
BRH:0
end_of_record
TN:
SF:src/components/charts/PieChart.tsx
FN:25,(anonymous_2)
FNF:1
FNH:0
FNDA:0,(anonymous_2)
DA:3,0
DA:4,0
DA:5,0
DA:7,0
DA:25,0
DA:31,0
LF:6
LH:0
BRDA:27,0,0,0
BRDA:28,1,0,0
BRF:2
BRH:0
end_of_record
TN:
SF:src/components/charts/index.ts
FNF:0
FNH:0
DA:1,0
DA:2,0
DA:3,0
DA:4,0
DA:5,0
LF:5
LH:0
BRF:0
BRH:0
end_of_record
TN:
SF:src/components/dashboard/DashboardLayout.tsx
FN:60,DashboardLayout
FN:70,(anonymous_5)
FN:93,(anonymous_6)
FN:148,(anonymous_7)
FN:164,(anonymous_8)
FN:198,(anonymous_9)
FN:232,(anonymous_10)
FN:233,(anonymous_11)
FN:239,(anonymous_12)
FN:244,(anonymous_13)
FNF:10
FNH:0
FNDA:0,DashboardLayout
FNDA:0,(anonymous_5)
FNDA:0,(anonymous_6)
FNDA:0,(anonymous_7)
FNDA:0,(anonymous_8)
FNDA:0,(anonymous_9)
FNDA:0,(anonymous_10)
FNDA:0,(anonymous_11)
FNDA:0,(anonymous_12)
FNDA:0,(anonymous_13)
DA:3,0
DA:4,0
DA:5,0
DA:17,0
DA:18,0
DA:19,0
DA:20,0
DA:21,0
DA:22,0
DA:23,0
DA:24,0
DA:25,0
DA:32,0
DA:60,0
DA:61,0
DA:62,0
DA:63,0
DA:66,0
DA:67,0
DA:68,0
DA:70,0
DA:72,0
DA:73,0
DA:94,0
DA:95,0
DA:97,0
DA:148,0
DA:164,0
DA:198,0
DA:232,0
DA:233,0
DA:239,0
DA:244,0
DA:253,0
LF:34
LH:0
BRDA:102,0,0,0
BRDA:102,0,1,0
BRDA:108,1,0,0
BRDA:108,1,1,0
BRDA:168,2,0,0
BRDA:170,3,0,0
BRDA:170,3,1,0
BRDA:176,4,0,0
BRDA:176,4,1,0
BRDA:189,5,0,0
BRDA:202,6,0,0
BRDA:204,7,0,0
BRDA:204,7,1,0
BRDA:210,8,0,0
BRDA:210,8,1,0
BRDA:222,9,0,0
BRDA:222,9,1,0
BRF:17
BRH:0
end_of_record
TN:
SF:src/components/dashboard/RecentSignals.tsx
FN:16,(anonymous_2)
FN:28,(anonymous_3)
FN:67,(anonymous_4)
FNF:3
FNH:0
FNDA:0,(anonymous_2)
FNDA:0,(anonymous_3)
FNDA:0,(anonymous_4)
DA:3,0
DA:4,0
DA:5,0
DA:6,0
DA:7,0
DA:9,0
DA:16,0
DA:20,0
DA:29,0
DA:68,0
LF:10
LH:0
BRDA:18,0,0,0
BRDA:20,1,0,0
BRDA:62,2,0,0
BRDA:85,3,0,0
BRDA:85,3,1,0
BRDA:94,4,0,0
BRDA:104,5,0,0
BRDA:104,5,1,0
BRDA:106,6,0,0
BRDA:106,6,1,0
BRDA:108,7,0,0
BRDA:108,7,1,0
BRDA:113,8,0,0
BRDA:113,8,1,0
BRDA:115,9,0,0
BRDA:115,9,1,0
BRDA:117,10,0,0
BRDA:117,10,1,0
BRDA:121,11,0,0
BRDA:124,12,0,0
BRDA:124,12,1,0
BRDA:127,13,0,0
BRDA:127,13,1,0
BRF:23
BRH:0
end_of_record
TN:
SF:src/components/dashboard/StatsCard.tsx
FN:17,(anonymous_2)
FNF:1
FNH:0
FNDA:0,(anonymous_2)
DA:3,0
DA:4,0
DA:17,0
LF:3
LH:0
BRDA:22,0,0,0
BRDA:31,1,0,0
BRDA:35,2,0,0
BRDA:35,2,1,0
BRDA:40,3,0,0
BRDA:40,3,1,0
BRDA:47,4,0,0
BRF:7
BRH:0
end_of_record
TN:
SF:src/components/dashboard/index.ts
FNF:0
FNH:0
DA:1,0
DA:2,0
DA:3,0
LF:3
LH:0
BRF:0
BRH:0
end_of_record
TN:
SF:src/components/layout/MobileMenu.tsx
FN:63,MobileMenu
FN:110,(anonymous_5)
FN:115,(anonymous_6)
FN:136,(anonymous_7)
FN:191,(anonymous_8)
FN:217,(anonymous_9)
FN:224,(anonymous_10)
FN:231,(anonymous_11)
FN:243,(anonymous_12)
FN:253,(anonymous_13)
FN:272,(anonymous_14)
FN:279,(anonymous_15)
FN:302,(anonymous_16)
FN:308,(anonymous_17)
FNF:14
FNH:0
FNDA:0,MobileMenu
FNDA:0,(anonymous_5)
FNDA:0,(anonymous_6)
FNDA:0,(anonymous_7)
FNDA:0,(anonymous_8)
FNDA:0,(anonymous_9)
FNDA:0,(anonymous_10)
FNDA:0,(anonymous_11)
FNDA:0,(anonymous_12)
FNDA:0,(anonymous_13)
FNDA:0,(anonymous_14)
FNDA:0,(anonymous_15)
FNDA:0,(anonymous_16)
FNDA:0,(anonymous_17)
DA:1,0
DA:2,0
DA:3,0
DA:19,0
DA:20,0
DA:21,0
DA:22,0
DA:24,0
DA:63,0
DA:68,0
DA:69,0
DA:72,0
DA:73,0
DA:75,0
DA:110,0
DA:111,0
DA:112,0
DA:115,0
DA:116,0
DA:118,0
DA:119,0
DA:120,0
DA:122,0
DA:123,0
DA:124,0
DA:126,0
DA:127,0
DA:128,0
DA:130,0
DA:131,0
DA:132,0
DA:136,0
DA:138,0
DA:139,0
DA:140,0
DA:143,0
DA:191,0
DA:217,0
DA:224,0
DA:231,0
DA:243,0
DA:253,0
DA:273,0
DA:274,0
DA:276,0
DA:279,0
DA:303,0
DA:305,0
DA:308,0
DA:385,0
LF:50
LH:0
BRDA:116,0,0,0
BRDA:116,0,1,0
BRDA:116,0,2,0
BRDA:116,0,3,0
BRDA:143,1,0,0
BRDA:168,2,0,0
BRDA:168,2,1,0
BRDA:169,3,0,0
BRDA:169,3,1,0
BRDA:195,4,0,0
BRDA:197,5,0,0
BRDA:197,5,1,0
BRDA:205,6,0,0
BRDA:217,7,0,0
BRDA:217,8,0,0
BRDA:217,8,1,0
BRDA:224,9,0,0
BRDA:224,9,1,0
BRDA:245,10,0,0
BRDA:245,10,1,0
BRDA:255,11,0,0
BRDA:255,11,1,0
BRDA:261,12,0,0
BRDA:271,13,0,0
BRDA:281,14,0,0
BRDA:281,14,1,0
BRDA:287,15,0,0
BRDA:287,15,1,0
BRDA:310,16,0,0
BRDA:310,16,1,0
BRDA:317,17,0,0
BRDA:317,17,1,0
BRDA:327,18,0,0
BRDA:330,19,0,0
BRDA:330,19,1,0
BRDA:335,20,0,0
BRDA:335,20,1,0
BRDA:352,21,0,0
BRDA:352,21,1,0
BRDA:355,22,0,0
BRDA:355,22,1,0
BRDA:357,23,0,0
BRDA:357,23,1,0
BRF:43
BRH:0
end_of_record
TN:
SF:src/components/layout/ResponsiveNavigation.tsx
FN:43,ResponsiveNavigation
FN:52,(anonymous_9)
FN:53,(anonymous_10)
FN:66,(anonymous_11)
FN:79,(anonymous_12)
FN:86,(anonymous_13)
FN:134,FloatingActionButton
FN:142,(anonymous_15)
FN:148,(anonymous_16)
FN:158,(anonymous_17)
FN:171,(anonymous_18)
FN:190,(anonymous_19)
FN:205,PullToRefresh
FN:219,(anonymous_21)
FN:223,(anonymous_22)
FN:235,(anonymous_23)
FNF:16
FNH:0
FNDA:0,ResponsiveNavigation
FNDA:0,(anonymous_9)
FNDA:0,(anonymous_10)
FNDA:0,(anonymous_11)
FNDA:0,(anonymous_12)
FNDA:0,(anonymous_13)
FNDA:0,FloatingActionButton
FNDA:0,(anonymous_15)
FNDA:0,(anonymous_16)
FNDA:0,(anonymous_17)
FNDA:0,(anonymous_18)
FNDA:0,(anonymous_19)
FNDA:0,PullToRefresh
FNDA:0,(anonymous_21)
FNDA:0,(anonymous_22)
FNDA:0,(anonymous_23)
DA:1,0
DA:2,0
DA:3,0
DA:4,0
DA:10,0
DA:43,0
DA:46,0
DA:47,0
DA:48,0
DA:49,0
DA:52,0
DA:53,0
DA:54,0
DA:56,0
DA:57,0
DA:59,0
DA:62,0
DA:65,0
DA:66,0
DA:80,0
DA:81,0
DA:83,0
DA:86,0
DA:134,0
DA:135,0
DA:136,0
DA:138,0
DA:142,0
DA:148,0
DA:159,0
DA:172,0
DA:173,0
DA:190,0
DA:205,0
DA:212,0
DA:213,0
DA:214,0
DA:216,0
DA:217,0
DA:219,0
DA:220,0
DA:223,0
DA:224,0
DA:225,0
DA:226,0
DA:228,0
DA:229,0
DA:230,0
DA:235,0
DA:236,0
DA:237,0
DA:238,0
DA:239,0
DA:241,0
DA:245,0
DA:246,0
DA:300,0
LF:57
LH:0
BRDA:56,0,0,0
BRDA:56,0,1,0
BRDA:56,1,0,0
BRDA:56,1,1,0
BRDA:75,2,0,0
BRDA:75,2,1,0
BRDA:91,3,0,0
BRDA:91,3,1,0
BRDA:98,4,0,0
BRDA:98,4,1,0
BRDA:101,5,0,0
BRDA:101,5,1,0
BRDA:116,6,0,0
BRDA:116,6,1,0
BRDA:122,7,0,0
BRDA:124,8,0,0
BRDA:124,8,1,0
BRDA:156,9,0,0
BRDA:163,10,0,0
BRDA:163,10,1,0
BRDA:194,11,0,0
BRDA:194,11,1,0
BRDA:224,12,0,0
BRDA:228,13,0,0
BRDA:236,14,0,0
BRDA:257,15,0,0
BRDA:257,15,1,0
BRDA:261,16,0,0
BRDA:261,16,1,0
BRDA:262,17,0,0
BRDA:262,17,1,0
BRDA:268,18,0,0
BRDA:268,18,1,0
BRDA:274,19,0,0
BRDA:274,19,1,0
BRDA:278,20,0,0
BRDA:278,20,1,0
BRDA:280,21,0,0
BRDA:280,21,1,0
BRDA:290,22,0,0
BRDA:290,22,1,0
BRDA:290,23,0,0
BRDA:290,23,1,0
BRDA:291,24,0,0
BRDA:291,24,1,0
BRF:45
BRH:0
end_of_record
TN:
SF:src/components/layout/index.ts
FNF:0
FNH:0
DA:1,0
LF:1
LH:0
BRF:0
BRH:0
end_of_record
TN:
SF:src/components/notifications/AlertSystem.tsx
FN:68,AlertSystem
FN:79,(anonymous_7)
FN:80,(anonymous_8)
FN:81,(anonymous_9)
FN:102,(anonymous_10)
FN:103,(anonymous_11)
FN:110,(anonymous_12)
FN:114,(anonymous_13)
FN:115,(anonymous_14)
FN:156,(anonymous_15)
FN:159,(anonymous_16)
FN:176,(anonymous_17)
FN:177,(anonymous_18)
FN:178,(anonymous_19)
FN:184,(anonymous_20)
FN:185,(anonymous_21)
FN:185,(anonymous_22)
FN:188,(anonymous_23)
FN:201,(anonymous_24)
FN:228,(anonymous_25)
FN:229,(anonymous_26)
FN:241,(anonymous_27)
FN:242,(anonymous_28)
FN:257,(anonymous_29)
FN:258,(anonymous_30)
FN:277,(anonymous_31)
FN:305,(anonymous_32)
FN:306,(anonymous_33)
FN:307,(anonymous_34)
FN:320,(anonymous_35)
FN:321,(anonymous_36)
FN:322,(anonymous_37)
FN:343,(anonymous_38)
FN:391,(anonymous_39)
FN:399,(anonymous_40)
FN:419,(anonymous_41)
FN:425,(anonymous_42)
FN:431,(anonymous_43)
FNF:38
FNH:0
FNDA:0,AlertSystem
FNDA:0,(anonymous_7)
FNDA:0,(anonymous_8)
FNDA:0,(anonymous_9)
FNDA:0,(anonymous_10)
FNDA:0,(anonymous_11)
FNDA:0,(anonymous_12)
FNDA:0,(anonymous_13)
FNDA:0,(anonymous_14)
FNDA:0,(anonymous_15)
FNDA:0,(anonymous_16)
FNDA:0,(anonymous_17)
FNDA:0,(anonymous_18)
FNDA:0,(anonymous_19)
FNDA:0,(anonymous_20)
FNDA:0,(anonymous_21)
FNDA:0,(anonymous_22)
FNDA:0,(anonymous_23)
FNDA:0,(anonymous_24)
FNDA:0,(anonymous_25)
FNDA:0,(anonymous_26)
FNDA:0,(anonymous_27)
FNDA:0,(anonymous_28)
FNDA:0,(anonymous_29)
FNDA:0,(anonymous_30)
FNDA:0,(anonymous_31)
FNDA:0,(anonymous_32)
FNDA:0,(anonymous_33)
FNDA:0,(anonymous_34)
FNDA:0,(anonymous_35)
FNDA:0,(anonymous_36)
FNDA:0,(anonymous_37)
FNDA:0,(anonymous_38)
FNDA:0,(anonymous_39)
FNDA:0,(anonymous_40)
FNDA:0,(anonymous_41)
FNDA:0,(anonymous_42)
FNDA:0,(anonymous_43)
DA:1,0
DA:10,0
DA:11,0
DA:12,0
DA:13,0
DA:37,0
DA:68,0
DA:69,0
DA:70,0
DA:71,0
DA:72,0
DA:79,0
DA:80,0
DA:81,0
DA:82,0
DA:86,0
DA:90,0
DA:91,0
DA:102,0
DA:103,0
DA:109,0
DA:110,0
DA:114,0
DA:115,0
DA:116,0
DA:148,0
DA:150,0
DA:151,0
DA:155,0
DA:156,0
DA:159,0
DA:160,0
DA:176,0
DA:177,0
DA:178,0
DA:179,0
DA:184,0
DA:185,0
DA:188,0
DA:189,0
DA:191,0
DA:201,0
DA:202,0
DA:204,0
DA:229,0
DA:242,0
DA:258,0
DA:278,0
DA:306,0
DA:307,0
DA:308,0
DA:321,0
DA:322,0
DA:344,0
DA:391,0
DA:399,0
DA:419,0
DA:425,0
DA:431,0
DA:448,0
LF:60
LH:0
BRDA:82,0,0,0
BRDA:86,1,0,0
BRDA:86,1,1,0
BRDA:90,2,0,0
BRDA:103,3,0,0
BRDA:103,3,1,0
BRDA:148,4,0,0
BRDA:179,5,0,0
BRDA:179,5,1,0
BRDA:189,6,0,0
BRDA:270,7,0,0
BRDA:281,8,0,0
BRDA:281,8,1,0
BRDA:288,9,0,0
BRDA:288,9,1,0
BRDA:292,10,0,0
BRDA:292,10,1,0
BRDA:308,11,0,0
BRDA:308,11,1,0
BRDA:315,12,0,0
BRDA:315,12,1,0
BRDA:347,13,0,0
BRDA:347,13,1,0
BRDA:348,14,0,0
BRDA:348,14,1,0
BRDA:362,15,0,0
BRDA:374,16,0,0
BRDA:374,16,1,0
BRDA:376,17,0,0
BRDA:376,17,1,0
BRDA:381,18,0,0
BRDA:381,18,1,0
BRDA:383,19,0,0
BRDA:383,19,1,0
BRDA:393,20,0,0
BRDA:393,20,1,0
BRF:36
BRH:0
end_of_record
TN:
SF:src/components/notifications/NotificationCenter.tsx
FN:23,NotificationCenter
FN:36,(anonymous_5)
FN:56,(anonymous_6)
FN:65,(anonymous_7)
FN:86,(anonymous_8)
FN:111,(anonymous_9)
FN:116,(anonymous_10)
FN:157,(anonymous_11)
FN:180,(anonymous_12)
FN:187,(anonymous_13)
FN:191,(anonymous_14)
FN:194,(anonymous_15)
FN:245,(anonymous_16)
FN:253,(anonymous_17)
FN:273,(anonymous_18)
FNF:15
FNH:0
FNDA:0,NotificationCenter
FNDA:0,(anonymous_5)
FNDA:0,(anonymous_6)
FNDA:0,(anonymous_7)
FNDA:0,(anonymous_8)
FNDA:0,(anonymous_9)
FNDA:0,(anonymous_10)
FNDA:0,(anonymous_11)
FNDA:0,(anonymous_12)
FNDA:0,(anonymous_13)
FNDA:0,(anonymous_14)
FNDA:0,(anonymous_15)
FNDA:0,(anonymous_16)
FNDA:0,(anonymous_17)
FNDA:0,(anonymous_18)
DA:1,0
DA:11,0
DA:12,0
DA:13,0
DA:14,0
DA:15,0
DA:16,0
DA:23,0
DA:28,0
DA:29,0
DA:30,0
DA:33,0
DA:34,0
DA:36,0
DA:37,0
DA:56,0
DA:57,0
DA:58,0
DA:59,0
DA:61,0
DA:65,0
DA:66,0
DA:68,0
DA:70,0
DA:76,0
DA:82,0
DA:86,0
DA:87,0
DA:88,0
DA:89,0
DA:90,0
DA:91,0
DA:93,0
DA:94,0
DA:95,0
DA:96,0
DA:99,0
DA:101,0
DA:111,0
DA:116,0
DA:157,0
DA:181,0
DA:188,0
DA:192,0
DA:194,0
DA:246,0
DA:253,0
DA:274,0
DA:275,0
DA:338,0
LF:50
LH:0
BRDA:37,0,0,0
BRDA:37,0,1,0
BRDA:37,0,2,0
BRDA:66,1,0,0
BRDA:66,1,1,0
BRDA:66,1,2,0
BRDA:66,1,3,0
BRDA:71,2,0,0
BRDA:71,2,1,0
BRDA:71,2,2,0
BRDA:77,3,0,0
BRDA:77,3,1,0
BRDA:77,3,2,0
BRDA:93,4,0,0
BRDA:94,5,0,0
BRDA:95,6,0,0
BRDA:99,7,0,0
BRDA:101,8,0,0
BRDA:131,9,0,0
BRDA:137,10,0,0
BRDA:137,10,1,0
BRDA:138,11,0,0
BRDA:138,11,1,0
BRDA:151,12,0,0
BRDA:151,12,1,0
BRDA:196,13,0,0
BRDA:196,13,1,0
BRDA:202,14,0,0
BRDA:205,15,0,0
BRDA:205,15,1,0
BRDA:217,16,0,0
BRDA:231,17,0,0
BRDA:231,17,1,0
BRDA:235,18,0,0
BRDA:235,18,1,0
BRDA:237,19,0,0
BRDA:237,19,1,0
BRDA:239,20,0,0
BRDA:239,20,1,0
BRDA:249,21,0,0
BRDA:249,21,1,0
BRDA:252,22,0,0
BRDA:252,22,1,0
BRDA:263,23,0,0
BRDA:263,23,1,0
BRDA:266,24,0,0
BRDA:284,25,0,0
BRDA:284,25,1,0
BRDA:294,26,0,0
BRDA:301,27,0,0
BRDA:301,27,1,0
BRDA:303,28,0,0
BRDA:308,29,0,0
BRDA:311,30,0,0
BRDA:311,30,1,0
BRDA:316,31,0,0
BRDA:316,31,1,0
BRDA:319,32,0,0
BRF:58
BRH:0
end_of_record
TN:
SF:src/components/notifications/NotificationSettings.tsx
FN:17,NotificationSettings
FN:28,(anonymous_7)
FN:46,(anonymous_8)
FN:190,(anonymous_9)
FN:213,(anonymous_10)
FN:223,(anonymous_11)
FN:248,(anonymous_12)
FN:276,(anonymous_13)
FN:291,(anonymous_14)
FNF:9
FNH:0
FNDA:0,NotificationSettings
FNDA:0,(anonymous_7)
FNDA:0,(anonymous_8)
FNDA:0,(anonymous_9)
FNDA:0,(anonymous_10)
FNDA:0,(anonymous_11)
FNDA:0,(anonymous_12)
FNDA:0,(anonymous_13)
FNDA:0,(anonymous_14)
DA:1,0
DA:8,0
DA:9,0
DA:10,0
DA:11,0
DA:17,0
DA:23,0
DA:24,0
DA:28,0
DA:29,0
DA:30,0
DA:31,0
DA:33,0
DA:34,0
DA:36,0
DA:42,0
DA:46,0
DA:47,0
DA:53,0
DA:106,0
DA:190,0
DA:214,0
DA:224,0
DA:249,0
DA:250,0
DA:252,0
DA:277,0
DA:293,0
DA:367,0
LF:29
LH:0
BRDA:29,0,0,0
BRDA:29,0,1,0
BRDA:33,1,0,0
BRDA:88,2,0,0
BRDA:88,2,1,0
BRDA:161,3,0,0
BRDA:161,3,1,0
BRDA:167,4,0,0
BRDA:167,4,1,0
BRDA:177,5,0,0
BRDA:177,5,1,0
BRDA:183,6,0,0
BRDA:183,6,1,0
BRDA:187,7,0,0
BRDA:235,8,0,0
BRDA:246,9,0,0
BRDA:246,9,1,0
BRDA:249,10,0,0
BRDA:249,10,1,0
BRF:19
BRH:0
end_of_record
TN:
SF:src/components/notifications/NotificationToast.tsx
FN:18,NotificationToast
FN:22,(anonymous_9)
FN:24,(anonymous_10)
FN:25,(anonymous_11)
FN:28,(anonymous_12)
FN:31,(anonymous_13)
FN:34,(anonymous_14)
FN:39,(anonymous_15)
FN:44,(anonymous_16)
FN:63,(anonymous_17)
FN:85,(anonymous_18)
FN:200,ToastContainer
FN:204,(anonymous_20)
FN:207,(anonymous_21)
FN:215,(anonymous_22)
FN:225,(anonymous_23)
FNF:16
FNH:0
FNDA:0,NotificationToast
FNDA:0,(anonymous_9)
FNDA:0,(anonymous_10)
FNDA:0,(anonymous_11)
FNDA:0,(anonymous_12)
FNDA:0,(anonymous_13)
FNDA:0,(anonymous_14)
FNDA:0,(anonymous_15)
FNDA:0,(anonymous_16)
FNDA:0,(anonymous_17)
FNDA:0,(anonymous_18)
FNDA:0,ToastContainer
FNDA:0,(anonymous_20)
FNDA:0,(anonymous_21)
FNDA:0,(anonymous_22)
FNDA:0,(anonymous_23)
DA:1,0
DA:9,0
DA:10,0
DA:11,0
DA:18,0
DA:19,0
DA:20,0
DA:22,0
DA:24,0
DA:25,0
DA:28,0
DA:30,0
DA:31,0
DA:32,0
DA:34,0
DA:36,0
DA:39,0
DA:40,0
DA:41,0
DA:44,0
DA:45,0
DA:63,0
DA:64,0
DA:65,0
DA:67,0
DA:70,0
DA:73,0
DA:75,0
DA:77,0
DA:79,0
DA:81,0
DA:85,0
DA:86,0
DA:200,0
DA:201,0
DA:202,0
DA:204,0
DA:206,0
DA:207,0
DA:210,0
DA:216,0
DA:225,0
DA:233,0
LF:43
LH:0
BRDA:30,0,0,0
BRDA:30,1,0,0
BRDA:30,1,1,0
BRDA:33,2,0,0
BRDA:33,2,1,0
BRDA:45,3,0,0
BRDA:45,3,1,0
BRDA:65,4,0,0
BRDA:65,4,1,0
BRDA:67,5,0,0
BRDA:67,5,1,0
BRDA:67,5,2,0
BRDA:67,5,3,0
BRDA:67,5,4,0
BRDA:67,5,5,0
BRDA:67,5,6,0
BRDA:67,5,7,0
BRDA:98,6,0,0
BRDA:98,6,1,0
BRDA:98,7,0,0
BRDA:98,7,1,0
BRDA:112,8,0,0
BRDA:122,9,0,0
BRDA:122,9,1,0
BRDA:122,9,2,0
BRDA:124,10,0,0
BRDA:129,11,0,0
BRDA:132,12,0,0
BRDA:132,12,1,0
BRDA:137,13,0,0
BRDA:137,13,1,0
BRDA:140,14,0,0
BRDA:153,15,0,0
BRDA:174,16,0,0
BRDA:174,16,1,0
BRDA:179,17,0,0
BRDA:179,17,1,0
BRF:37
BRH:0
end_of_record
TN:
SF:src/components/notifications/index.ts
FNF:0
FNH:0
DA:1,0
LF:1
LH:0
BRF:0
BRH:0
end_of_record
TN:
SF:src/components/signals/OptimizedSignalsList.tsx
FN:27,(anonymous_5)
FN:28,(anonymous_6)
FN:63,(anonymous_7)
FN:71,(anonymous_8)
FN:133,(anonymous_9)
FN:143,(anonymous_10)
FN:157,(anonymous_11)
FN:159,(anonymous_12)
FN:167,(anonymous_13)
FN:168,(anonymous_14)
FN:188,(anonymous_15)
FN:189,(anonymous_16)
FN:204,(anonymous_17)
FN:260,(anonymous_18)
FN:280,(anonymous_19)
FNF:15
FNH:0
FNDA:0,(anonymous_5)
FNDA:0,(anonymous_6)
FNDA:0,(anonymous_7)
FNDA:0,(anonymous_8)
FNDA:0,(anonymous_9)
FNDA:0,(anonymous_10)
FNDA:0,(anonymous_11)
FNDA:0,(anonymous_12)
FNDA:0,(anonymous_13)
FNDA:0,(anonymous_14)
FNDA:0,(anonymous_15)
FNDA:0,(anonymous_16)
FNDA:0,(anonymous_17)
FNDA:0,(anonymous_18)
FNDA:0,(anonymous_19)
DA:3,0
DA:4,0
DA:5,0
DA:6,0
DA:7,0
DA:9,0
DA:10,0
DA:23,0
DA:28,0
DA:29,0
DA:63,0
DA:71,0
DA:72,0
DA:73,0
DA:133,0
DA:143,0
DA:150,0
DA:153,0
DA:156,0
DA:157,0
DA:158,0
DA:159,0
DA:160,0
DA:167,0
DA:168,0
DA:169,0
DA:170,0
DA:172,0
DA:173,0
DA:174,0
DA:177,0
DA:178,0
DA:180,0
DA:188,0
DA:189,0
DA:190,0
DA:199,0
DA:205,0
DA:224,0
DA:261,0
DA:262,0
DA:263,0
DA:280,0
LF:43
LH:0
BRDA:65,0,0,0
BRDA:65,0,1,0
BRDA:72,1,0,0
BRDA:73,2,0,0
BRDA:73,2,1,0
BRDA:94,3,0,0
BRDA:99,4,0,0
BRDA:101,5,0,0
BRDA:101,5,1,0
BRDA:108,6,0,0
BRDA:108,6,1,0
BRDA:129,7,0,0
BRDA:145,8,0,0
BRDA:147,9,0,0
BRDA:148,10,0,0
BRDA:158,11,0,0
BRDA:160,12,0,0
BRDA:160,12,1,0
BRDA:160,12,2,0
BRDA:172,13,0,0
BRDA:177,14,0,0
BRDA:177,14,1,0
BRDA:178,15,0,0
BRDA:178,15,1,0
BRDA:178,16,0,0
BRDA:178,16,1,0
BRDA:178,17,0,0
BRDA:178,17,1,0
BRDA:180,18,0,0
BRDA:180,18,1,0
BRDA:180,19,0,0
BRDA:180,19,1,0
BRDA:180,20,0,0
BRDA:180,20,1,0
BRDA:199,21,0,0
BRDA:224,22,0,0
BRDA:230,23,0,0
BRDA:230,23,1,0
BRDA:233,24,0,0
BRDA:233,24,1,0
BRDA:252,25,0,0
BRF:41
BRH:0
end_of_record
TN:
SF:src/components/signals/SignalCard.tsx
FN:17,(anonymous_2)
FN:22,(anonymous_3)
FN:37,(anonymous_4)
FN:45,(anonymous_5)
FN:50,(anonymous_6)
FN:63,(anonymous_7)
FN:211,(anonymous_8)
FNF:7
FNH:0
FNDA:0,(anonymous_2)
FNDA:0,(anonymous_3)
FNDA:0,(anonymous_4)
FNDA:0,(anonymous_5)
FNDA:0,(anonymous_6)
FNDA:0,(anonymous_7)
FNDA:0,(anonymous_8)
DA:3,0
DA:4,0
DA:5,0
DA:6,0
DA:7,0
DA:9,0
DA:17,0
DA:22,0
DA:23,0
DA:37,0
DA:45,0
DA:46,0
DA:47,0
DA:50,0
DA:51,0
DA:53,0
DA:54,0
DA:56,0
DA:57,0
DA:59,0
DA:63,0
DA:64,0
DA:66,0
DA:67,0
DA:68,0
DA:72,0
DA:73,0
DA:74,0
DA:76,0
DA:77,0
DA:80,0
DA:83,0
DA:84,0
DA:211,0
LF:34
LH:0
BRDA:19,0,0,0
BRDA:39,1,0,0
BRDA:39,1,1,0
BRDA:46,2,0,0
BRDA:47,3,0,0
BRDA:47,3,1,0
BRDA:51,4,0,0
BRDA:56,5,0,0
BRDA:56,5,1,0
BRDA:64,6,0,0
BRDA:64,7,0,0
BRDA:64,7,1,0
BRDA:72,8,0,0
BRDA:72,8,1,0
BRDA:80,9,0,0
BRDA:80,9,1,0
BRDA:108,10,0,0
BRDA:124,11,0,0
BRDA:133,12,0,0
BRDA:142,13,0,0
BRDA:142,13,1,0
BRDA:158,14,0,0
BRDA:162,15,0,0
BRDA:162,15,1,0
BRDA:168,16,0,0
BRDA:178,17,0,0
BRDA:190,18,0,0
BRDA:207,19,0,0
BRF:28
BRH:0
end_of_record
TN:
SF:src/components/signals/SignalsFilter.tsx
FN:16,(anonymous_4)
FN:23,(anonymous_5)
FN:56,(anonymous_6)
FN:83,(anonymous_7)
FN:95,(anonymous_8)
FN:101,(anonymous_9)
FN:104,(anonymous_10)
FN:120,(anonymous_11)
FN:123,(anonymous_12)
FN:149,(anonymous_13)
FN:152,(anonymous_14)
FN:178,(anonymous_15)
FN:181,(anonymous_16)
FN:207,(anonymous_17)
FN:210,(anonymous_18)
FN:240,(anonymous_19)
FN:253,(anonymous_20)
FN:267,(anonymous_21)
FN:279,(anonymous_22)
FN:292,(anonymous_23)
FNF:20
FNH:0
FNDA:0,(anonymous_4)
FNDA:0,(anonymous_5)
FNDA:0,(anonymous_6)
FNDA:0,(anonymous_7)
FNDA:0,(anonymous_8)
FNDA:0,(anonymous_9)
FNDA:0,(anonymous_10)
FNDA:0,(anonymous_11)
FNDA:0,(anonymous_12)
FNDA:0,(anonymous_13)
FNDA:0,(anonymous_14)
FNDA:0,(anonymous_15)
FNDA:0,(anonymous_16)
FNDA:0,(anonymous_17)
FNDA:0,(anonymous_18)
FNDA:0,(anonymous_19)
FNDA:0,(anonymous_20)
FNDA:0,(anonymous_21)
FNDA:0,(anonymous_22)
FNDA:0,(anonymous_23)
DA:3,0
DA:4,0
DA:5,0
DA:6,0
DA:7,0
DA:16,0
DA:21,0
DA:23,0
DA:24,0
DA:30,0
DA:37,0
DA:42,0
DA:48,0
DA:55,0
DA:56,0
DA:83,0
DA:95,0
DA:102,0
DA:105,0
DA:121,0
DA:124,0
DA:150,0
DA:153,0
DA:179,0
DA:182,0
DA:208,0
DA:211,0
DA:241,0
DA:253,0
DA:268,0
DA:279,0
DA:292,0
LF:32
LH:0
BRDA:56,0,0,0
BRDA:56,0,1,0
BRDA:56,0,2,0
BRDA:65,1,0,0
BRDA:85,2,0,0
BRDA:85,2,1,0
BRDA:94,3,0,0
BRDA:94,3,1,0
BRDA:107,4,0,0
BRDA:107,4,1,0
BRDA:111,5,0,0
BRDA:111,5,1,0
BRDA:126,6,0,0
BRDA:126,6,1,0
BRDA:130,7,0,0
BRDA:130,7,1,0
BRDA:141,8,0,0
BRDA:155,9,0,0
BRDA:155,9,1,0
BRDA:161,10,0,0
BRDA:161,10,1,0
BRDA:184,11,0,0
BRDA:184,11,1,0
BRDA:190,12,0,0
BRDA:190,12,1,0
BRDA:213,13,0,0
BRDA:213,13,1,0
BRDA:219,14,0,0
BRDA:219,14,1,0
BRDA:239,15,0,0
BRDA:239,15,1,0
BRDA:252,16,0,0
BRDA:252,16,1,0
BRDA:266,17,0,0
BRDA:266,17,1,0
BRDA:278,18,0,0
BRDA:278,18,1,0
BRDA:291,19,0,0
BRDA:291,19,1,0
BRF:39
BRH:0
end_of_record
TN:
SF:src/components/signals/SignalsList.tsx
FN:19,(anonymous_5)
FN:30,(anonymous_6)
FN:46,(anonymous_7)
FN:55,(anonymous_8)
FN:70,(anonymous_9)
FN:78,(anonymous_10)
FN:88,(anonymous_11)
FN:133,(anonymous_12)
FN:145,(anonymous_13)
FN:159,(anonymous_14)
FN:170,(anonymous_15)
FN:183,(anonymous_16)
FN:271,(anonymous_17)
FNF:13
FNH:0
FNDA:0,(anonymous_5)
FNDA:0,(anonymous_6)
FNDA:0,(anonymous_7)
FNDA:0,(anonymous_8)
FNDA:0,(anonymous_9)
FNDA:0,(anonymous_10)
FNDA:0,(anonymous_11)
FNDA:0,(anonymous_12)
FNDA:0,(anonymous_13)
FNDA:0,(anonymous_14)
FNDA:0,(anonymous_15)
FNDA:0,(anonymous_16)
FNDA:0,(anonymous_17)
DA:3,0
DA:4,0
DA:5,0
DA:6,0
DA:7,0
DA:10,0
DA:19,0
DA:25,0
DA:28,0
DA:30,0
DA:31,0
DA:32,0
DA:34,0
DA:35,0
DA:36,0
DA:39,0
DA:40,0
DA:42,0
DA:46,0
DA:47,0
DA:48,0
DA:50,0
DA:51,0
DA:55,0
DA:56,0
DA:70,0
DA:78,0
DA:79,0
DA:80,0
DA:83,0
DA:89,0
DA:108,0
DA:133,0
DA:145,0
DA:159,0
DA:170,0
DA:184,0
DA:271,0
LF:38
LH:0
BRDA:21,0,0,0
BRDA:23,1,0,0
BRDA:34,2,0,0
BRDA:39,3,0,0
BRDA:39,3,1,0
BRDA:40,4,0,0
BRDA:40,4,1,0
BRDA:40,5,0,0
BRDA:40,5,1,0
BRDA:40,6,0,0
BRDA:40,6,1,0
BRDA:42,7,0,0
BRDA:42,7,1,0
BRDA:42,8,0,0
BRDA:42,8,1,0
BRDA:42,9,0,0
BRDA:42,9,1,0
BRDA:47,10,0,0
BRDA:47,10,1,0
BRDA:48,11,0,0
BRDA:48,11,1,0
BRDA:72,12,0,0
BRDA:72,12,1,0
BRDA:79,13,0,0
BRDA:80,14,0,0
BRDA:80,14,1,0
BRDA:83,15,0,0
BRDA:108,16,0,0
BRDA:137,17,0,0
BRDA:138,18,0,0
BRDA:138,18,1,0
BRDA:149,19,0,0
BRDA:150,20,0,0
BRDA:150,20,1,0
BRDA:155,21,0,0
BRDA:163,22,0,0
BRDA:164,23,0,0
BRDA:164,23,1,0
BRDA:174,24,0,0
BRDA:175,25,0,0
BRDA:175,25,1,0
BRDA:199,26,0,0
BRDA:217,27,0,0
BRDA:222,28,0,0
BRDA:229,29,0,0
BRDA:232,30,0,0
BRDA:245,31,0,0
BRDA:248,32,0,0
BRDA:248,32,1,0
BRDA:267,33,0,0
BRF:50
BRH:0
end_of_record
TN:
SF:src/components/signals/SignalsStats.tsx
FN:12,(anonymous_2)
FN:13,(anonymous_3)
FN:15,(anonymous_4)
FN:16,(anonymous_5)
FN:17,(anonymous_6)
FN:19,(anonymous_7)
FN:20,(anonymous_8)
FN:21,(anonymous_9)
FN:23,(anonymous_10)
FN:34,(anonymous_11)
FN:40,(anonymous_12)
FN:46,(anonymous_13)
FN:47,(anonymous_14)
FNF:13
FNH:0
FNDA:0,(anonymous_2)
FNDA:0,(anonymous_3)
FNDA:0,(anonymous_4)
FNDA:0,(anonymous_5)
FNDA:0,(anonymous_6)
FNDA:0,(anonymous_7)
FNDA:0,(anonymous_8)
FNDA:0,(anonymous_9)
FNDA:0,(anonymous_10)
FNDA:0,(anonymous_11)
FNDA:0,(anonymous_12)
FNDA:0,(anonymous_13)
FNDA:0,(anonymous_14)
DA:3,0
DA:4,0
DA:5,0
DA:12,0
DA:13,0
DA:14,0
DA:15,0
DA:16,0
DA:17,0
DA:19,0
DA:20,0
DA:21,0
DA:23,0
DA:25,0
DA:28,0
DA:33,0
DA:35,0
DA:39,0
DA:41,0
DA:46,0
DA:47,0
DA:49,0
LF:22
LH:0
BRDA:25,0,0,0
BRDA:25,0,1,0
BRDA:28,1,0,0
BRDA:28,1,1,0
BRDA:35,2,0,0
BRDA:35,2,1,0
BRDA:35,3,0,0
BRDA:35,3,1,0
BRDA:41,4,0,0
BRDA:41,4,1,0
BRDA:41,5,0,0
BRDA:41,5,1,0
BRDA:73,6,0,0
BRDA:73,6,1,0
BRDA:77,7,0,0
BRDA:109,8,0,0
BRDA:109,8,1,0
BRDA:119,9,0,0
BRDA:119,9,1,0
BRDA:121,10,0,0
BRDA:121,10,1,0
BRDA:183,11,0,0
BRDA:205,12,0,0
BRF:23
BRH:0
end_of_record
TN:
SF:src/components/signals/index.ts
FNF:0
FNH:0
DA:1,0
DA:2,0
DA:3,0
DA:4,0
LF:4
LH:0
BRF:0
BRH:0
end_of_record
TN:
SF:src/components/stripe/CheckoutForm.tsx
FN:16,(anonymous_6)
FN:28,(anonymous_7)
FN:121,(anonymous_8)
FNF:3
FNH:0
FNDA:0,(anonymous_6)
FNDA:0,(anonymous_7)
FNDA:0,(anonymous_8)
DA:1,0
DA:2,0
DA:3,0
DA:4,0
DA:5,0
DA:6,0
DA:16,0
DA:23,0
DA:24,0
DA:25,0
DA:26,0
DA:28,0
DA:29,0
DA:31,0
DA:32,0
DA:35,0
DA:36,0
DA:38,0
DA:40,0
DA:41,0
DA:42,0
DA:43,0
DA:46,0
DA:48,0
DA:61,0
DA:65,0
DA:74,0
DA:75,0
DA:76,0
DA:77,0
DA:78,0
DA:82,0
DA:83,0
DA:84,0
DA:86,0
DA:90,0
DA:122,0
DA:174,0
LF:38
LH:0
BRDA:31,0,0,0
BRDA:31,1,0,0
BRDA:31,1,1,0
BRDA:40,2,0,0
BRDA:74,3,0,0
BRDA:74,3,1,0
BRDA:75,4,0,0
BRDA:75,4,1,0
BRDA:76,5,0,0
BRDA:76,5,1,0
BRDA:77,6,0,0
BRDA:82,7,0,0
BRDA:82,7,1,0
BRDA:142,8,0,0
BRDA:150,9,0,0
BRDA:150,9,1,0
BRDA:153,10,0,0
BRDA:153,10,1,0
BRF:18
BRH:0
end_of_record
TN:
SF:src/components/stripe/StripeProvider.tsx
FN:14,(anonymous_4)
FNF:1
FNH:0
FNDA:0,(anonymous_4)
DA:1,0
DA:2,0
DA:3,0
DA:6,0
DA:14,0
DA:18,0
LF:6
LH:0
BRDA:7,0,0,0
BRDA:7,0,1,0
BRF:2
BRH:0
end_of_record
TN:
SF:src/components/subscription/SubscriptionManager.tsx
FN:35,(anonymous_6)
FN:41,(anonymous_7)
FN:45,(anonymous_8)
FN:79,(anonymous_9)
FN:117,(anonymous_10)
FN:144,(anonymous_11)
FN:163,(anonymous_12)
FN:283,(anonymous_13)
FNF:8
FNH:0
FNDA:0,(anonymous_6)
FNDA:0,(anonymous_7)
FNDA:0,(anonymous_8)
FNDA:0,(anonymous_9)
FNDA:0,(anonymous_10)
FNDA:0,(anonymous_11)
FNDA:0,(anonymous_12)
FNDA:0,(anonymous_13)
DA:1,0
DA:2,0
DA:3,0
DA:4,0
DA:5,0
DA:14,0
DA:35,0
DA:36,0
DA:37,0
DA:38,0
DA:39,0
DA:41,0
DA:42,0
DA:45,0
DA:46,0
DA:47,0
DA:50,0
DA:56,0
DA:57,0
DA:58,0
DA:62,0
DA:68,0
DA:69,0
DA:70,0
DA:73,0
DA:75,0
DA:79,0
DA:80,0
DA:84,0
DA:87,0
DA:88,0
DA:90,0
DA:101,0
DA:102,0
DA:103,0
DA:107,0
DA:110,0
DA:111,0
DA:113,0
DA:117,0
DA:118,0
DA:120,0
DA:121,0
DA:123,0
DA:130,0
DA:131,0
DA:132,0
DA:134,0
DA:137,0
DA:138,0
DA:140,0
DA:144,0
DA:145,0
DA:163,0
DA:164,0
DA:166,0
DA:168,0
DA:170,0
DA:174,0
DA:284,0
DA:338,0
LF:61
LH:0
BRDA:56,0,0,0
BRDA:68,1,0,0
BRDA:70,2,0,0
BRDA:70,2,1,0
BRDA:80,3,0,0
BRDA:81,4,0,0
BRDA:81,4,1,0
BRDA:101,5,0,0
BRDA:101,5,1,0
BRDA:118,6,0,0
BRDA:130,7,0,0
BRDA:130,7,1,0
BRDA:164,8,0,0
BRDA:164,8,1,0
BRDA:164,8,2,0
BRDA:174,9,0,0
BRDA:194,10,0,0
BRDA:201,11,0,0
BRDA:201,11,1,0
BRDA:209,12,0,0
BRDA:211,13,0,0
BRDA:226,14,0,0
BRDA:253,15,0,0
BRDA:282,16,0,0
BRDA:298,17,0,0
BRF:25
BRH:0
end_of_record
TN:
SF:src/components/tour/DashboardTour.tsx
FN:9,(anonymous_2)
FN:38,(anonymous_3)
FNF:2
FNH:0
FNDA:0,(anonymous_2)
FNDA:0,(anonymous_3)
DA:1,0
DA:2,0
DA:9,0
DA:10,0
DA:38,0
DA:39,0
DA:40,0
DA:42,0
DA:43,0
DA:45,0
DA:77,0
LF:11
LH:0
BRDA:42,0,0,0
BRF:1
BRH:0
end_of_record
TN:
SF:src/components/ui/Badge.tsx
FN:12,(anonymous_4)
FN:27,(anonymous_5)
FN:38,(anonymous_6)
FNF:3
FNH:0
FNDA:0,(anonymous_4)
FNDA:0,(anonymous_5)
FNDA:0,(anonymous_6)
DA:1,0
DA:12,0
DA:13,0
DA:15,0
DA:17,0
DA:19,0
DA:21,0
DA:23,0
DA:27,0
DA:28,0
DA:30,0
DA:32,0
DA:34,0
DA:38,0
DA:45,0
DA:46,0
DA:58,0
LF:17
LH:0
BRDA:13,0,0,0
BRDA:13,0,1,0
BRDA:13,0,2,0
BRDA:13,0,3,0
BRDA:13,0,4,0
BRDA:28,1,0,0
BRDA:28,1,1,0
BRDA:28,1,2,0
BRDA:39,2,0,0
BRDA:40,3,0,0
BRDA:41,4,0,0
BRF:11
BRH:0
end_of_record
TN:
SF:src/components/ui/Button.tsx
FN:42,(anonymous_6)
FNF:1
FNH:0
FNDA:0,(anonymous_6)
DA:1,0
DA:2,0
DA:3,0
DA:4,0
DA:6,0
DA:41,0
DA:43,0
DA:53,0
DA:55,0
LF:9
LH:0
BRDA:42,0,0,0
BRDA:43,1,0,0
BRDA:43,1,1,0
BRF:3
BRH:0
end_of_record
TN:
SF:src/components/ui/Card.tsx
FNF:0
FNH:0
DA:1,0
DA:2,0
DA:17,0
DA:29,0
DA:44,0
DA:56,0
DA:64,0
DA:76,0
DA:79,0
DA:80,0
DA:81,0
DA:82,0
DA:83,0
DA:84,0
LF:14
LH:0
BRF:0
BRH:0
end_of_record
TN:
SF:src/components/ui/Input.tsx
FN:10,(anonymous_2)
FNF:1
FNH:0
FNDA:0,(anonymous_2)
DA:1,0
DA:9,0
DA:11,0
DA:30,0
DA:32,0
LF:5
LH:0
BRDA:10,0,0,0
BRDA:11,1,0,0
BRDA:11,1,1,0
BRDA:15,2,0,0
BRDA:21,3,0,0
BRDA:22,4,0,0
BRDA:22,4,1,0
BRF:7
BRH:0
end_of_record
TN:
SF:src/components/ui/Loading.tsx
FN:11,(anonymous_13)
FN:42,(anonymous_14)
FN:48,(anonymous_15)
FNF:3
FNH:0
FNDA:0,(anonymous_13)
FNDA:0,(anonymous_14)
FNDA:0,(anonymous_15)
DA:3,0
DA:11,0
DA:16,0
DA:42,0
DA:49,0
DA:62,0
DA:63,0
DA:64,0
DA:65,0
DA:66,0
DA:67,0
DA:68,0
DA:69,0
DA:70,0
DA:71,0
LF:15
LH:0
BRDA:12,0,0,0
BRDA:14,1,0,0
BRDA:31,2,0,0
BRDA:43,3,0,0
BRDA:44,4,0,0
BRDA:52,5,0,0
BRDA:52,5,1,0
BRF:7
BRH:0
end_of_record
TN:
SF:src/components/ui/LoadingStates.tsx
FN:10,(anonymous_11)
FN:42,(anonymous_12)
FN:60,(anonymous_13)
FN:82,(anonymous_14)
FN:116,(anonymous_15)
FN:126,(anonymous_16)
FN:134,(anonymous_17)
FN:136,(anonymous_18)
FN:154,(anonymous_19)
FN:157,(anonymous_20)
FN:186,(anonymous_21)
FN:189,(anonymous_22)
FN:215,(anonymous_23)
FN:244,(anonymous_24)
FNF:14
FNH:0
FNDA:0,(anonymous_11)
FNDA:0,(anonymous_12)
FNDA:0,(anonymous_13)
FNDA:0,(anonymous_14)
FNDA:0,(anonymous_15)
FNDA:0,(anonymous_16)
FNDA:0,(anonymous_17)
FNDA:0,(anonymous_18)
FNDA:0,(anonymous_19)
FNDA:0,(anonymous_20)
FNDA:0,(anonymous_21)
FNDA:0,(anonymous_22)
FNDA:0,(anonymous_23)
FNDA:0,(anonymous_24)
DA:3,0
DA:10,0
DA:14,0
DA:20,0
DA:42,0
DA:60,0
DA:82,0
DA:116,0
DA:127,0
DA:135,0
DA:137,0
DA:154,0
DA:158,0
DA:186,0
DA:190,0
DA:215,0
DA:244,0
LF:17
LH:0
BRDA:11,0,0,0
BRDA:12,1,0,0
BRDA:43,2,0,0
BRDA:61,3,0,0
BRDA:62,4,0,0
BRDA:86,5,0,0
BRDA:92,6,0,0
BRDA:92,6,1,0
BRDA:95,7,0,0
BRDA:95,7,1,0
BRDA:99,8,0,0
BRDA:104,9,0,0
BRDA:104,9,1,0
BRDA:117,10,0,0
BRDA:118,11,0,0
BRDA:154,12,0,0
BRDA:186,13,0,0
BRDA:216,14,0,0
BRDA:225,15,0,0
BRDA:226,16,0,0
BRDA:245,17,0,0
BRDA:246,18,0,0
BRDA:254,19,0,0
BRF:23
BRH:0
end_of_record
TN:
SF:src/components/ui/ResponsiveCard.tsx
FN:17,ResponsiveCard
FN:79,ResponsiveGrid
FN:87,(anonymous_9)
FN:117,ResponsiveList
FN:134,(anonymous_11)
FN:198,ResponsiveTabs
FN:215,(anonymous_13)
FN:218,(anonymous_14)
FN:251,(anonymous_15)
FNF:9
FNH:0
FNDA:0,ResponsiveCard
FNDA:0,ResponsiveGrid
FNDA:0,(anonymous_9)
FNDA:0,ResponsiveList
FNDA:0,(anonymous_11)
FNDA:0,ResponsiveTabs
FNDA:0,(anonymous_13)
FNDA:0,(anonymous_14)
FNDA:0,(anonymous_15)
DA:1,0
DA:2,0
DA:3,0
DA:17,0
DA:28,0
DA:30,0
DA:37,0
DA:79,0
DA:85,0
DA:87,0
DA:88,0
DA:89,0
DA:90,0
DA:93,0
DA:117,0
DA:122,0
DA:124,0
DA:135,0
DA:198,0
DA:204,0
DA:216,0
DA:218,0
DA:251,0
DA:257,0
LF:24
LH:0
BRDA:20,0,0,0
BRDA:21,1,0,0
BRDA:22,2,0,0
BRDA:23,3,0,0
BRDA:32,4,0,0
BRDA:32,4,1,0
BRDA:32,5,0,0
BRDA:32,5,1,0
BRDA:33,6,0,0
BRDA:33,6,1,0
BRDA:34,7,0,0
BRDA:34,7,1,0
BRDA:38,8,0,0
BRDA:38,8,1,0
BRDA:38,9,0,0
BRDA:38,9,1,0
BRDA:39,10,0,0
BRDA:39,10,1,0
BRDA:43,11,0,0
BRDA:43,11,1,0
BRDA:44,12,0,0
BRDA:44,12,1,0
BRDA:45,13,0,0
BRDA:45,13,1,0
BRDA:46,14,0,0
BRDA:47,15,0,0
BRDA:47,15,1,0
BRDA:56,16,0,0
BRDA:58,17,0,0
BRDA:58,17,1,0
BRDA:81,18,0,0
BRDA:82,19,0,0
BRDA:83,20,0,0
BRDA:88,21,0,0
BRDA:88,22,0,0
BRDA:88,22,1,0
BRDA:89,23,0,0
BRDA:89,24,0,0
BRDA:89,24,1,0
BRDA:90,25,0,0
BRDA:90,25,1,0
BRDA:119,26,0,0
BRDA:124,27,0,0
BRDA:127,28,0,0
BRDA:127,28,1,0
BRDA:140,29,0,0
BRDA:140,29,1,0
BRDA:141,30,0,0
BRDA:141,30,1,0
BRDA:146,31,0,0
BRDA:150,32,0,0
BRDA:150,32,1,0
BRDA:154,33,0,0
BRDA:156,34,0,0
BRDA:156,34,1,0
BRDA:165,35,0,0
BRDA:170,36,0,0
BRDA:170,36,1,0
BRDA:202,37,0,0
BRDA:212,38,0,0
BRDA:212,38,1,0
BRDA:223,39,0,0
BRDA:223,39,1,0
BRDA:227,40,0,0
BRDA:227,40,1,0
BRDA:231,41,0,0
BRDA:231,41,1,0
BRDA:236,42,0,0
BRDA:236,42,1,0
BRDA:250,43,0,0
BRDA:250,43,1,0
BRF:71
BRH:0
end_of_record
TN:
SF:src/components/ui/Table.tsx
FN:15,Table
FN:25,(anonymous_3)
FN:27,(anonymous_4)
FN:44,(anonymous_5)
FN:46,(anonymous_6)
FNF:5
FNH:0
FNDA:0,Table
FNDA:0,(anonymous_3)
FNDA:0,(anonymous_4)
FNDA:0,(anonymous_5)
FNDA:0,(anonymous_6)
DA:1,0
DA:7,0
DA:15,0
DA:16,0
DA:26,0
DA:28,0
DA:45,0
DA:47,0
LF:8
LH:0
BRDA:32,0,0,0
BRDA:32,0,1,0
BRF:2
BRH:0
end_of_record
TN:
SF:src/components/ui/Toast.tsx
FN:24,(anonymous_4)
FN:55,(anonymous_5)
FN:61,(anonymous_6)
FN:62,(anonymous_7)
FNF:4
FNH:0
FNDA:0,(anonymous_4)
FNDA:0,(anonymous_5)
FNDA:0,(anonymous_6)
FNDA:0,(anonymous_7)
DA:3,0
DA:4,0
DA:17,0
DA:24,0
DA:55,0
DA:62,0
LF:6
LH:0
BRF:0
BRH:0
end_of_record
TN:
SF:src/components/ui/alert-dialog.tsx
FNF:0
FNH:0
DA:1,0
DA:2,0
DA:3,0
DA:4,0
DA:6,0
DA:8,0
DA:10,0
DA:25,0
DA:43,0
DA:57,0
DA:71,0
DA:83,0
DA:95,0
DA:108,0
DA:124,0
DA:127,0
DA:128,0
DA:129,0
DA:130,0
DA:131,0
DA:132,0
DA:133,0
DA:134,0
DA:135,0
DA:136,0
DA:137,0
LF:26
LH:0
BRF:0
BRH:0
end_of_record
TN:
SF:src/components/ui/alert.tsx
FN:12,(anonymous_5)
FN:25,(anonymous_6)
FN:43,(anonymous_7)
FNF:3
FNH:0
FNDA:0,(anonymous_5)
FNDA:0,(anonymous_6)
FNDA:0,(anonymous_7)
DA:1,0
DA:12,0
DA:13,0
DA:15,0
DA:17,0
DA:19,0
DA:21,0
DA:25,0
DA:31,0
DA:43,0
DA:58,0
LF:11
LH:0
BRDA:13,0,0,0
BRDA:13,0,1,0
BRDA:13,0,2,0
BRDA:13,0,3,0
BRDA:26,1,0,0
BRDA:27,2,0,0
BRDA:44,3,0,0
BRF:7
BRH:0
end_of_record
TN:
SF:src/components/ui/dialog.tsx
FNF:0
FNH:0
DA:1,0
DA:2,0
DA:3,0
DA:4,0
DA:6,0
DA:8,0
DA:10,0
DA:12,0
DA:27,0
DA:51,0
DA:65,0
DA:79,0
DA:94,0
DA:106,0
DA:109,0
DA:110,0
DA:111,0
DA:112,0
DA:113,0
DA:114,0
DA:115,0
DA:116,0
DA:117,0
DA:118,0
LF:24
LH:0
BRF:0
BRH:0
end_of_record
TN:
SF:src/components/ui/dropdown-menu.tsx
FN:168,(anonymous_27)
FNF:1
FNH:0
FNDA:0,(anonymous_27)
DA:1,0
DA:2,0
DA:3,0
DA:4,0
DA:6,0
DA:8,0
DA:10,0
DA:12,0
DA:14,0
DA:16,0
DA:37,0
DA:53,0
DA:72,0
DA:90,0
DA:113,0
DA:136,0
DA:154,0
DA:166,0
DA:168,0
DA:179,0
DA:182,0
DA:183,0
DA:184,0
DA:185,0
DA:186,0
DA:187,0
DA:188,0
DA:189,0
DA:190,0
DA:191,0
DA:192,0
DA:193,0
DA:194,0
DA:195,0
DA:196,0
LF:35
LH:0
BRDA:28,0,0,0
BRDA:28,0,1,0
BRDA:59,1,0,0
BRDA:84,2,0,0
BRDA:84,2,1,0
BRDA:148,3,0,0
BRDA:148,3,1,0
BRF:7
BRH:0
end_of_record
TN:
SF:src/components/ui/index.ts
FNF:0
FNH:0
DA:2,0
DA:4,0
DA:6,0
DA:8,0
DA:9,0
DA:11,0
DA:12,0
LF:7
LH:0
BRF:0
BRH:0
end_of_record
TN:
SF:src/components/ui/label.tsx
FNF:0
FNH:0
DA:1,0
DA:2,0
DA:3,0
DA:4,0
DA:6,0
DA:21,0
DA:23,0
LF:7
LH:0
BRF:0
BRH:0
end_of_record
TN:
SF:src/components/ui/progress.tsx
FNF:0
FNH:0
DA:1,0
DA:2,0
DA:24,0
DA:26,0
LF:4
LH:0
BRDA:20,0,0,0
BRDA:20,0,1,0
BRF:2
BRH:0
end_of_record
TN:
SF:src/components/ui/select.tsx
FN:27,(anonymous_7)
FN:30,(anonymous_8)
FN:40,(anonymous_9)
FN:48,(anonymous_10)
FN:56,(anonymous_11)
FN:60,(anonymous_12)
FN:69,(anonymous_13)
FNF:7
FNH:0
FNDA:0,(anonymous_7)
FNDA:0,(anonymous_8)
FNDA:0,(anonymous_9)
FNDA:0,(anonymous_10)
FNDA:0,(anonymous_11)
FNDA:0,(anonymous_12)
FNDA:0,(anonymous_13)
DA:1,0
DA:27,0
DA:31,0
DA:32,0
DA:34,0
DA:40,0
DA:48,0
DA:56,0
DA:69,0
LF:9
LH:0
BRDA:31,0,0,0
BRDA:40,1,0,0
BRF:2
BRH:0
end_of_record
TN:
SF:src/components/ui/simple-table.tsx
FN:15,SimpleTable
FN:20,(anonymous_3)
FN:31,(anonymous_4)
FN:33,(anonymous_5)
FNF:4
FNH:0
FNDA:0,SimpleTable
FNDA:0,(anonymous_3)
FNDA:0,(anonymous_4)
FNDA:0,(anonymous_5)
DA:1,0
DA:15,0
DA:21,0
DA:32,0
DA:34,0
LF:5
LH:0
BRDA:38,0,0,0
BRDA:38,0,1,0
BRF:2
BRH:0
end_of_record
TN:
SF:src/components/ui/textarea.tsx
FN:8,(anonymous_4)
FNF:1
FNH:0
FNDA:0,(anonymous_4)
DA:1,0
DA:2,0
DA:7,0
DA:21,0
DA:23,0
LF:5
LH:0
BRF:0
BRH:0
end_of_record
TN:
SF:src/components/ui/upgrade-modal.tsx
FN:38,UpgradeModal
FN:48,(anonymous_2)
FN:95,(anonymous_3)
FN:96,(anonymous_4)
FN:104,(anonymous_5)
FN:194,(anonymous_6)
FNF:6
FNH:0
FNDA:0,UpgradeModal
FNDA:0,(anonymous_2)
FNDA:0,(anonymous_3)
FNDA:0,(anonymous_4)
FNDA:0,(anonymous_5)
FNDA:0,(anonymous_6)
DA:1,0
DA:8,0
DA:9,0
DA:15,0
DA:16,0
DA:26,0
DA:27,0
DA:38,0
DA:46,0
DA:48,0
DA:49,0
DA:51,0
DA:59,0
DA:67,0
DA:75,0
DA:83,0
DA:92,0
DA:94,0
DA:95,0
DA:97,0
DA:104,0
DA:196,0
DA:197,0
LF:23
LH:0
BRDA:49,0,0,0
BRDA:49,0,1,0
BRDA:49,0,2,0
BRDA:49,0,3,0
BRDA:49,0,4,0
BRDA:52,1,0,0
BRDA:52,1,1,0
BRDA:54,2,0,0
BRDA:54,2,1,0
BRDA:60,3,0,0
BRDA:60,3,1,0
BRDA:62,4,0,0
BRDA:62,4,1,0
BRDA:68,5,0,0
BRDA:68,5,1,0
BRDA:70,6,0,0
BRDA:70,6,1,0
BRDA:76,7,0,0
BRDA:76,7,1,0
BRDA:78,8,0,0
BRDA:78,8,1,0
BRDA:100,9,0,0
BRDA:100,9,1,0
BRDA:109,10,0,0
BRDA:125,11,0,0
BRDA:125,11,1,0
BRDA:134,12,0,0
BRDA:134,12,1,0
BRDA:145,13,0,0
BRDA:158,14,0,0
BRDA:169,15,0,0
BRF:31
BRH:0
end_of_record
TN:
SF:src/components/ui/user-limits-display.tsx
FN:21,UserLimitsDisplay
FN:28,(anonymous_2)
FNF:2
FNH:0
FNDA:0,UserLimitsDisplay
FNDA:0,(anonymous_2)
DA:1,0
DA:2,0
DA:3,0
DA:4,0
DA:12,0
DA:21,0
DA:28,0
DA:29,0
DA:30,0
LF:9
LH:0
BRDA:24,0,0,0
BRDA:29,1,0,0
BRDA:42,2,0,0
BRDA:42,2,1,0
BRDA:44,3,0,0
BRDA:44,3,1,0
BRDA:46,4,0,0
BRDA:46,4,1,0
BRDA:66,5,0,0
BRDA:66,5,1,0
BRDA:71,6,0,0
BRDA:80,7,0,0
BRDA:99,8,0,0
BRDA:99,8,1,0
BRDA:104,9,0,0
BRDA:113,10,0,0
BRDA:135,11,0,0
BRDA:135,11,1,0
BRDA:139,12,0,0
BRDA:139,12,1,0
BRDA:147,13,0,0
BRDA:147,13,1,0
BRDA:149,14,0,0
BRDA:149,14,1,0
BRDA:157,15,0,0
BRDA:157,15,1,0
BRDA:169,16,0,0
BRF:27
BRH:0
end_of_record
TN:
SF:src/config/env.ts
FNF:0
FNH:0
DA:8,0
LF:1
LH:0
BRDA:9,0,0,0
BRDA:9,0,1,0
BRDA:10,1,0,0
BRDA:10,1,1,0
BRDA:11,2,0,0
BRDA:11,2,1,0
BRDA:12,3,0,0
BRDA:12,3,1,0
BRF:8
BRH:0
end_of_record
TN:
SF:src/contexts/AuthContext.tsx
FN:18,(anonymous_3)
FN:57,AuthProvider
FN:62,(anonymous_5)
FN:67,(anonymous_6)
FN:81,(anonymous_7)
FN:101,(anonymous_8)
FN:122,(anonymous_9)
FN:150,(anonymous_10)
FNF:8
FNH:0
FNDA:0,(anonymous_3)
FNDA:0,AuthProvider
FNDA:0,(anonymous_5)
FNDA:0,(anonymous_6)
FNDA:0,(anonymous_7)
FNDA:0,(anonymous_8)
FNDA:0,(anonymous_9)
FNDA:0,(anonymous_10)
DA:3,0
DA:4,0
DA:18,0
DA:19,0
DA:55,0
DA:57,0
DA:58,0
DA:59,0
DA:60,0
DA:62,0
DA:64,0
DA:67,0
DA:68,0
DA:69,0
DA:70,0
DA:71,0
DA:72,0
DA:74,0
DA:75,0
DA:78,0
DA:81,0
DA:82,0
DA:83,0
DA:85,0
DA:86,0
DA:89,0
DA:90,0
DA:91,0
DA:92,0
DA:93,0
DA:95,0
DA:96,0
DA:97,0
DA:101,0
DA:102,0
DA:103,0
DA:105,0
DA:106,0
DA:109,0
DA:110,0
DA:111,0
DA:112,0
DA:113,0
DA:114,0
DA:116,0
DA:117,0
DA:118,0
DA:122,0
DA:123,0
DA:124,0
DA:125,0
DA:127,0
DA:129,0
DA:130,0
DA:131,0
DA:150,0
DA:151,0
DA:152,0
DA:153,0
DA:155,0
LF:60
LH:0
BRDA:21,0,0,0
BRDA:21,0,1,0
BRDA:28,1,0,0
BRDA:28,1,1,0
BRDA:29,2,0,0
BRDA:29,2,1,0
BRDA:68,3,0,0
BRDA:95,4,0,0
BRDA:95,4,1,0
BRDA:116,5,0,0
BRDA:116,5,1,0
BRDA:152,6,0,0
BRF:12
BRH:0
end_of_record
TN:
SF:src/contexts/NotificationContext.tsx
FN:73,notificationReducer
FN:83,(anonymous_8)
FN:87,(anonymous_9)
FN:93,(anonymous_10)
FN:97,(anonymous_11)
FN:109,(anonymous_12)
FN:114,(anonymous_13)
FN:163,useNotifications
FN:177,NotificationProvider
FN:181,(anonymous_16)
FN:187,(anonymous_17)
FN:195,(anonymous_18)
FN:200,(anonymous_19)
FN:219,(anonymous_20)
FN:227,(anonymous_21)
FN:240,(anonymous_22)
FN:251,(anonymous_23)
FN:257,(anonymous_24)
FN:290,(anonymous_25)
FN:298,(anonymous_26)
FN:302,(anonymous_27)
FN:306,(anonymous_28)
FN:310,(anonymous_29)
FN:314,(anonymous_30)
FN:318,(anonymous_31)
FN:336,(anonymous_32)
FN:357,(anonymous_33)
FN:360,(anonymous_34)
FN:372,(anonymous_35)
FN:400,(anonymous_36)
FNF:30
FNH:0
FNDA:0,notificationReducer
FNDA:0,(anonymous_8)
FNDA:0,(anonymous_9)
FNDA:0,(anonymous_10)
FNDA:0,(anonymous_11)
FNDA:0,(anonymous_12)
FNDA:0,(anonymous_13)
FNDA:0,useNotifications
FNDA:0,NotificationProvider
FNDA:0,(anonymous_16)
FNDA:0,(anonymous_17)
FNDA:0,(anonymous_18)
FNDA:0,(anonymous_19)
FNDA:0,(anonymous_20)
FNDA:0,(anonymous_21)
FNDA:0,(anonymous_22)
FNDA:0,(anonymous_23)
FNDA:0,(anonymous_24)
FNDA:0,(anonymous_25)
FNDA:0,(anonymous_26)
FNDA:0,(anonymous_27)
FNDA:0,(anonymous_28)
FNDA:0,(anonymous_29)
FNDA:0,(anonymous_30)
FNDA:0,(anonymous_31)
FNDA:0,(anonymous_32)
FNDA:0,(anonymous_33)
FNDA:0,(anonymous_34)
FNDA:0,(anonymous_35)
FNDA:0,(anonymous_36)
DA:7,0
DA:60,0
DA:77,0
DA:79,0
DA:80,0
DA:83,0
DA:87,0
DA:88,0
DA:90,0
DA:93,0
DA:97,0
DA:101,0
DA:108,0
DA:109,0
DA:111,0
DA:114,0
DA:118,0
DA:125,0
DA:131,0
DA:137,0
DA:159,0
DA:163,0
DA:164,0
DA:165,0
DA:166,0
DA:170,0
DA:177,0
DA:178,0
DA:181,0
DA:182,0
DA:184,0
DA:187,0
DA:188,0
DA:191,0
DA:193,0
DA:195,0
DA:196,0
DA:197,0
DA:200,0
DA:201,0
DA:202,0
DA:204,0
DA:205,0
DA:212,0
DA:215,0
DA:219,0
DA:220,0
DA:221,0
DA:224,0
DA:227,0
DA:228,0
DA:229,0
DA:232,0
DA:234,0
DA:238,0
DA:240,0
DA:241,0
DA:242,0
DA:244,0
DA:245,0
DA:251,0
DA:252,0
DA:253,0
DA:257,0
DA:260,0
DA:268,0
DA:269,0
DA:272,0
DA:275,0
DA:276,0
DA:284,0
DA:285,0
DA:289,0
DA:290,0
DA:291,0
DA:292,0
DA:298,0
DA:299,0
DA:302,0
DA:303,0
DA:306,0
DA:307,0
DA:310,0
DA:311,0
DA:314,0
DA:315,0
DA:318,0
DA:319,0
DA:320,0
DA:321,0
DA:324,0
DA:325,0
DA:328,0
DA:329,0
DA:332,0
DA:333,0
DA:336,0
DA:341,0
DA:343,0
DA:344,0
DA:346,0
DA:347,0
DA:357,0
DA:360,0
DA:361,0
DA:362,0
DA:365,0
DA:367,0
DA:368,0
DA:372,0
DA:373,0
DA:375,0
DA:376,0
DA:379,0
DA:381,0
DA:382,0
DA:385,0
DA:386,0
DA:389,0
DA:390,0
DA:393,0
DA:394,0
DA:396,0
DA:399,0
DA:400,0
DA:402,0
DA:405,0
DA:409,0
DA:428,0
LF:129
LH:0
BRDA:77,0,0,0
BRDA:77,0,1,0
BRDA:77,0,2,0
BRDA:77,0,3,0
BRDA:77,0,4,0
BRDA:77,0,5,0
BRDA:77,0,6,0
BRDA:77,0,7,0
BRDA:88,1,0,0
BRDA:88,1,1,0
BRDA:165,2,0,0
BRDA:182,3,0,0
BRDA:191,4,0,0
BRDA:191,4,1,0
BRDA:204,5,0,0
BRDA:241,6,0,0
BRDA:244,7,0,0
BRDA:252,8,0,0
BRDA:252,9,0,0
BRDA:252,9,1,0
BRDA:264,10,0,0
BRDA:264,10,1,0
BRDA:268,11,0,0
BRDA:268,12,0,0
BRDA:268,12,1,0
BRDA:275,13,0,0
BRDA:275,14,0,0
BRDA:275,14,1,0
BRDA:284,15,0,0
BRDA:289,16,0,0
BRDA:289,17,0,0
BRDA:289,17,1,0
BRDA:291,18,0,0
BRDA:294,19,0,0
BRDA:294,19,1,0
BRDA:319,20,0,0
BRDA:324,21,0,0
BRDA:328,22,0,0
BRDA:341,23,0,0
BRDA:344,24,0,0
BRDA:349,25,0,0
BRDA:349,25,1,0
BRDA:373,26,0,0
BRDA:379,27,0,0
BRDA:379,27,1,0
BRDA:379,27,2,0
BRDA:379,27,3,0
BRDA:379,27,4,0
BRDA:379,27,5,0
BRDA:379,27,6,0
BRDA:379,27,7,0
BRF:51
BRH:0
end_of_record
TN:
SF:src/contexts/ThemeContext.tsx
FN:12,(anonymous_6)
FN:17,(anonymous_7)
FN:29,(anonymous_8)
FN:43,(anonymous_9)
FNF:4
FNH:0
FNDA:0,(anonymous_6)
FNDA:0,(anonymous_7)
FNDA:0,(anonymous_8)
FNDA:0,(anonymous_9)
DA:1,0
DA:10,0
DA:12,0
DA:15,0
DA:17,0
DA:19,0
DA:20,0
DA:21,0
DA:22,0
DA:23,0
DA:24,0
DA:25,0
DA:29,0
DA:30,0
DA:31,0
DA:32,0
DA:33,0
DA:43,0
DA:44,0
DA:45,0
DA:46,0
DA:48,0
LF:22
LH:0
BRDA:20,0,0,0
BRDA:20,0,1,0
BRDA:23,1,0,0
BRDA:30,2,0,0
BRDA:30,2,1,0
BRDA:45,3,0,0
BRF:6
BRH:0
end_of_record
TN:
SF:src/contexts/ToastContext.tsx
FN:22,(anonymous_6)
FN:27,(anonymous_7)
FN:29,(anonymous_8)
FN:30,(anonymous_9)
FN:31,(anonymous_10)
FN:31,(anonymous_11)
FN:35,(anonymous_12)
FN:37,(anonymous_13)
FN:39,(anonymous_14)
FN:41,(anonymous_15)
FN:50,(anonymous_16)
FN:56,(anonymous_17)
FN:57,(anonymous_18)
FN:57,(anonymous_19)
FN:66,(anonymous_20)
FNF:15
FNH:0
FNDA:0,(anonymous_6)
FNDA:0,(anonymous_7)
FNDA:0,(anonymous_8)
FNDA:0,(anonymous_9)
FNDA:0,(anonymous_10)
FNDA:0,(anonymous_11)
FNDA:0,(anonymous_12)
FNDA:0,(anonymous_13)
FNDA:0,(anonymous_14)
FNDA:0,(anonymous_15)
FNDA:0,(anonymous_16)
FNDA:0,(anonymous_17)
FNDA:0,(anonymous_18)
FNDA:0,(anonymous_19)
FNDA:0,(anonymous_20)
DA:3,0
DA:4,0
DA:13,0
DA:22,0
DA:25,0
DA:27,0
DA:28,0
DA:29,0
DA:30,0
DA:31,0
DA:35,0
DA:36,0
DA:37,0
DA:38,0
DA:39,0
DA:40,0
DA:41,0
DA:42,0
DA:51,0
DA:57,0
DA:66,0
DA:67,0
DA:68,0
DA:69,0
DA:71,0
LF:25
LH:0
BRDA:68,0,0,0
BRF:1
BRH:0
end_of_record
TN:
SF:src/hooks/index.ts
FNF:0
FNH:0
DA:1,0
DA:2,0
DA:3,0
LF:3
LH:0
BRF:0
BRH:0
end_of_record
TN:
SF:src/hooks/useApiCall.ts
FN:3,useApiCall
FN:11,(anonymous_9)
FN:25,(anonymous_10)
FN:38,useChannels
FN:39,(anonymous_12)
FN:40,(anonymous_13)
FN:47,useSignals
FN:48,(anonymous_15)
FN:49,(anonymous_16)
FN:56,useChannel
FN:57,(anonymous_18)
FN:58,(anonymous_19)
FNF:12
FNH:0
FNDA:0,useApiCall
FNDA:0,(anonymous_9)
FNDA:0,(anonymous_10)
FNDA:0,useChannels
FNDA:0,(anonymous_12)
FNDA:0,(anonymous_13)
FNDA:0,useSignals
FNDA:0,(anonymous_15)
FNDA:0,(anonymous_16)
FNDA:0,useChannel
FNDA:0,(anonymous_18)
FNDA:0,(anonymous_19)
DA:1,0
DA:3,0
DA:7,0
DA:8,0
DA:9,0
DA:11,0
DA:12,0
DA:13,0
DA:15,0
DA:16,0
DA:17,0
DA:19,0
DA:21,0
DA:25,0
DA:26,0
DA:29,0
DA:38,0
DA:39,0
DA:40,0
DA:41,0
DA:44,0
DA:47,0
DA:48,0
DA:49,0
DA:50,0
DA:53,0
DA:56,0
DA:57,0
DA:58,0
DA:59,0
DA:62,0
LF:31
LH:0
BRDA:5,0,0,0
BRDA:19,1,0,0
BRDA:19,1,1,0
BRDA:38,2,0,0
BRDA:38,3,0,0
BRDA:47,4,0,0
BRDA:47,5,0,0
BRF:7
BRH:0
end_of_record
TN:
SF:src/hooks/useChannel.ts
FN:47,(anonymous_2)
FN:53,(anonymous_3)
FN:56,(anonymous_4)
FNF:3
FNH:0
FNDA:0,(anonymous_2)
FNDA:0,(anonymous_3)
FNDA:0,(anonymous_4)
DA:1,0
DA:2,0
DA:47,0
DA:48,0
DA:49,0
DA:53,0
DA:54,0
DA:56,0
LF:8
LH:0
BRF:0
BRH:0
end_of_record
TN:
SF:src/hooks/useChannels.ts
FN:21,(anonymous_3)
FN:31,(anonymous_4)
FN:40,(anonymous_5)
FN:41,(anonymous_6)
FN:47,(anonymous_7)
FN:48,(anonymous_8)
FN:54,(anonymous_9)
FN:55,(anonymous_10)
FN:66,(anonymous_11)
FN:71,(anonymous_12)
FN:81,(anonymous_13)
FN:91,(anonymous_14)
FN:92,(anonymous_15)
FNF:13
FNH:0
FNDA:0,(anonymous_3)
FNDA:0,(anonymous_4)
FNDA:0,(anonymous_5)
FNDA:0,(anonymous_6)
FNDA:0,(anonymous_7)
FNDA:0,(anonymous_8)
FNDA:0,(anonymous_9)
FNDA:0,(anonymous_10)
FNDA:0,(anonymous_11)
FNDA:0,(anonymous_12)
FNDA:0,(anonymous_13)
FNDA:0,(anonymous_14)
FNDA:0,(anonymous_15)
DA:1,0
DA:2,0
DA:21,0
DA:22,0
DA:29,0
DA:32,0
DA:33,0
DA:39,0
DA:40,0
DA:42,0
DA:46,0
DA:47,0
DA:49,0
DA:53,0
DA:54,0
DA:56,0
DA:60,0
DA:66,0
DA:71,0
DA:72,0
DA:79,0
DA:82,0
DA:83,0
DA:90,0
DA:91,0
DA:93,0
DA:94,0
DA:98,0
LF:28
LH:0
BRDA:21,0,0,0
BRDA:25,1,0,0
BRDA:33,2,0,0
BRDA:33,2,1,0
BRF:4
BRH:0
end_of_record
TN:
SF:src/hooks/useErrorHandler.ts
FN:5,(anonymous_1)
FN:9,(anonymous_2)
FNF:2
FNH:0
FNDA:0,(anonymous_1)
FNDA:0,(anonymous_2)
DA:1,0
DA:5,0
DA:8,0
DA:10,0
DA:11,0
DA:12,0
DA:13,0
DA:14,0
DA:18,0
DA:19,0
DA:20,0
DA:21,0
DA:23,0
DA:26,0
DA:32,0
LF:15
LH:0
BRDA:10,0,0,0
BRDA:10,0,1,0
BRDA:11,1,0,0
BRDA:11,1,1,0
BRDA:13,2,0,0
BRDA:13,2,1,0
BRDA:18,3,0,0
BRDA:18,3,1,0
BRDA:20,4,0,0
BRDA:20,4,1,0
BRDA:23,5,0,0
BRDA:23,5,1,0
BRF:12
BRH:0
end_of_record
TN:
SF:src/hooks/useRealTimeNotifications.ts
FN:36,useRealTimeNotifications
FN:43,(anonymous_4)
FN:54,(anonymous_5)
FN:67,(anonymous_6)
FN:76,(anonymous_7)
FN:82,(anonymous_8)
FN:89,(anonymous_9)
FN:97,(anonymous_10)
FN:189,(anonymous_11)
FN:192,(anonymous_12)
FN:202,(anonymous_13)
FN:223,(anonymous_14)
FN:227,(anonymous_15)
FN:232,(anonymous_16)
FN:243,(anonymous_17)
FN:255,(anonymous_18)
FN:269,(anonymous_19)
FNF:17
FNH:0
FNDA:0,useRealTimeNotifications
FNDA:0,(anonymous_4)
FNDA:0,(anonymous_5)
FNDA:0,(anonymous_6)
FNDA:0,(anonymous_7)
FNDA:0,(anonymous_8)
FNDA:0,(anonymous_9)
FNDA:0,(anonymous_10)
FNDA:0,(anonymous_11)
FNDA:0,(anonymous_12)
FNDA:0,(anonymous_13)
FNDA:0,(anonymous_14)
FNDA:0,(anonymous_15)
FNDA:0,(anonymous_16)
FNDA:0,(anonymous_17)
FNDA:0,(anonymous_18)
FNDA:0,(anonymous_19)
DA:1,0
DA:2,0
DA:36,0
DA:37,0
DA:38,0
DA:39,0
DA:40,0
DA:41,0
DA:43,0
DA:44,0
DA:46,0
DA:48,0
DA:50,0
DA:52,0
DA:54,0
DA:55,0
DA:56,0
DA:59,0
DA:67,0
DA:68,0
DA:69,0
DA:70,0
DA:72,0
DA:76,0
DA:77,0
DA:80,0
DA:81,0
DA:82,0
DA:83,0
DA:84,0
DA:89,0
DA:90,0
DA:93,0
DA:97,0
DA:98,0
DA:100,0
DA:111,0
DA:114,0
DA:123,0
DA:126,0
DA:135,0
DA:138,0
DA:139,0
DA:150,0
DA:154,0
DA:155,0
DA:167,0
DA:170,0
DA:171,0
DA:181,0
DA:184,0
DA:189,0
DA:190,0
DA:192,0
DA:193,0
DA:194,0
DA:200,0
DA:201,0
DA:202,0
DA:203,0
DA:216,0
DA:221,0
DA:223,0
DA:227,0
DA:228,0
DA:229,0
DA:232,0
DA:233,0
DA:234,0
DA:236,0
DA:237,0
DA:243,0
DA:244,0
DA:245,0
DA:251,0
DA:252,0
DA:254,0
DA:255,0
DA:256,0
DA:260,0
DA:263,0
DA:264,0
DA:269,0
DA:270,0
DA:280,0
DA:287,0
LF:86
LH:0
BRDA:44,0,0,0
BRDA:48,1,0,0
BRDA:48,1,1,0
BRDA:80,2,0,0
BRDA:98,3,0,0
BRDA:98,3,1,0
BRDA:98,3,2,0
BRDA:98,3,3,0
BRDA:98,3,4,0
BRDA:98,3,5,0
BRDA:98,3,6,0
BRDA:103,4,0,0
BRDA:103,4,1,0
BRDA:104,5,0,0
BRDA:104,5,1,0
BRDA:108,6,0,0
BRDA:108,6,1,0
BRDA:117,7,0,0
BRDA:117,7,1,0
BRDA:129,8,0,0
BRDA:129,8,1,0
BRDA:138,9,0,0
BRDA:138,10,0,0
BRDA:138,10,1,0
BRDA:140,11,0,0
BRDA:140,11,1,0
BRDA:142,12,0,0
BRDA:142,12,1,0
BRDA:154,13,0,0
BRDA:156,14,0,0
BRDA:156,14,1,0
BRDA:158,15,0,0
BRDA:158,15,1,0
BRDA:170,16,0,0
BRDA:190,17,0,0
BRDA:200,18,0,0
BRDA:228,19,0,0
BRDA:233,20,0,0
BRDA:236,21,0,0
BRDA:251,22,0,0
BRDA:254,23,0,0
BRF:41
BRH:0
end_of_record
TN:
SF:src/hooks/useResponsive.tsx
FN:10,(anonymous_9)
FN:17,(anonymous_10)
FN:18,(anonymous_11)
FN:29,(anonymous_12)
FN:41,(anonymous_13)
FN:55,useIntersectionObserver
FN:61,(anonymous_15)
FN:66,(anonymous_16)
FN:71,(anonymous_17)
FN:78,useScrollDirection
FN:84,(anonymous_19)
FN:85,(anonymous_20)
FN:100,(anonymous_21)
FN:107,useMobileModal
FN:110,(anonymous_23)
FN:116,(anonymous_24)
FN:127,useResponsiveFontSize
FN:130,(anonymous_26)
FN:141,MediaQuery
FNF:19
FNH:0
FNDA:0,(anonymous_9)
FNDA:0,(anonymous_10)
FNDA:0,(anonymous_11)
FNDA:0,(anonymous_12)
FNDA:0,(anonymous_13)
FNDA:0,useIntersectionObserver
FNDA:0,(anonymous_15)
FNDA:0,(anonymous_16)
FNDA:0,(anonymous_17)
FNDA:0,useScrollDirection
FNDA:0,(anonymous_19)
FNDA:0,(anonymous_20)
FNDA:0,(anonymous_21)
FNDA:0,useMobileModal
FNDA:0,(anonymous_23)
FNDA:0,(anonymous_24)
FNDA:0,useResponsiveFontSize
FNDA:0,(anonymous_26)
FNDA:0,MediaQuery
DA:1,0
DA:3,0
DA:10,0
DA:11,0
DA:12,0
DA:13,0
DA:14,0
DA:15,0
DA:17,0
DA:18,0
DA:19,0
DA:20,0
DA:21,0
DA:22,0
DA:23,0
DA:24,0
DA:27,0
DA:28,0
DA:29,0
DA:32,0
DA:41,0
DA:46,0
DA:51,0
DA:55,0
DA:59,0
DA:61,0
DA:62,0
DA:63,0
DA:65,0
DA:66,0
DA:70,0
DA:71,0
DA:74,0
DA:78,0
DA:79,0
DA:82,0
DA:84,0
DA:85,0
DA:86,0
DA:87,0
DA:89,0
DA:93,0
DA:96,0
DA:99,0
DA:100,0
DA:103,0
DA:107,0
DA:108,0
DA:110,0
DA:111,0
DA:113,0
DA:114,0
DA:116,0
DA:117,0
DA:120,0
DA:123,0
DA:127,0
DA:128,0
DA:130,0
DA:131,0
DA:132,0
DA:133,0
DA:134,0
DA:137,0
DA:141,0
DA:152,0
DA:161,0
LF:67
LH:0
BRDA:22,0,0,0
BRDA:22,0,1,0
BRDA:23,1,0,0
BRDA:23,1,1,0
BRDA:48,2,0,0
BRDA:48,2,1,0
BRDA:49,3,0,0
BRDA:49,3,1,0
BRDA:50,4,0,0
BRDA:50,4,1,0
BRDA:50,4,2,0
BRDA:57,5,0,0
BRDA:63,6,0,0
BRDA:87,7,0,0
BRDA:87,7,1,0
BRDA:89,8,0,0
BRDA:90,9,0,0
BRDA:90,9,1,0
BRDA:90,9,2,0
BRDA:96,10,0,0
BRDA:96,10,1,0
BRDA:111,11,0,0
BRDA:131,12,0,0
BRDA:132,13,0,0
BRDA:133,14,0,0
BRDA:145,15,0,0
BRDA:154,16,0,0
BRDA:154,16,1,0
BRDA:155,17,0,0
BRDA:155,17,1,0
BRDA:156,18,0,0
BRDA:156,18,1,0
BRDA:156,18,2,0
BRF:33
BRH:0
end_of_record
TN:
SF:src/hooks/useSignals.ts
FN:31,useSignals
FN:44,(anonymous_5)
FN:53,(anonymous_6)
FN:55,(anonymous_7)
FN:59,(anonymous_8)
FN:64,(anonymous_9)
FN:65,(anonymous_10)
FN:68,(anonymous_11)
FN:69,(anonymous_12)
FN:90,(anonymous_13)
FN:92,(anonymous_14)
FN:93,(anonymous_15)
FN:94,(anonymous_16)
FN:95,(anonymous_17)
FN:97,(anonymous_18)
FN:98,(anonymous_19)
FN:99,(anonymous_20)
FN:100,(anonymous_21)
FN:102,(anonymous_22)
FN:103,(anonymous_23)
FN:105,(anonymous_24)
FN:110,(anonymous_25)
FN:144,(anonymous_26)
FN:153,(anonymous_27)
FN:163,(anonymous_28)
FN:168,(anonymous_29)
FN:182,(anonymous_30)
FN:183,(anonymous_31)
FN:185,(anonymous_32)
FN:186,(anonymous_33)
FN:187,(anonymous_34)
FN:189,(anonymous_35)
FN:190,(anonymous_36)
FN:191,(anonymous_37)
FN:193,(anonymous_38)
FN:203,(anonymous_39)
FN:209,(anonymous_40)
FN:214,(anonymous_41)
FN:215,(anonymous_42)
FNF:39
FNH:0
FNDA:0,useSignals
FNDA:0,(anonymous_5)
FNDA:0,(anonymous_6)
FNDA:0,(anonymous_7)
FNDA:0,(anonymous_8)
FNDA:0,(anonymous_9)
FNDA:0,(anonymous_10)
FNDA:0,(anonymous_11)
FNDA:0,(anonymous_12)
FNDA:0,(anonymous_13)
FNDA:0,(anonymous_14)
FNDA:0,(anonymous_15)
FNDA:0,(anonymous_16)
FNDA:0,(anonymous_17)
FNDA:0,(anonymous_18)
FNDA:0,(anonymous_19)
FNDA:0,(anonymous_20)
FNDA:0,(anonymous_21)
FNDA:0,(anonymous_22)
FNDA:0,(anonymous_23)
FNDA:0,(anonymous_24)
FNDA:0,(anonymous_25)
FNDA:0,(anonymous_26)
FNDA:0,(anonymous_27)
FNDA:0,(anonymous_28)
FNDA:0,(anonymous_29)
FNDA:0,(anonymous_30)
FNDA:0,(anonymous_31)
FNDA:0,(anonymous_32)
FNDA:0,(anonymous_33)
FNDA:0,(anonymous_34)
FNDA:0,(anonymous_35)
FNDA:0,(anonymous_36)
FNDA:0,(anonymous_37)
FNDA:0,(anonymous_38)
FNDA:0,(anonymous_39)
FNDA:0,(anonymous_40)
FNDA:0,(anonymous_41)
FNDA:0,(anonymous_42)
DA:1,0
DA:2,0
DA:4,0
DA:31,0
DA:34,0
DA:35,0
DA:42,0
DA:45,0
DA:46,0
DA:52,0
DA:55,0
DA:56,0
DA:57,0
DA:60,0
DA:64,0
DA:65,0
DA:68,0
DA:69,0
DA:70,0
DA:71,0
DA:72,0
DA:74,0
DA:75,0
DA:76,0
DA:77,0
DA:80,0
DA:81,0
DA:82,0
DA:83,0
DA:86,0
DA:90,0
DA:91,0
DA:92,0
DA:93,0
DA:94,0
DA:95,0
DA:97,0
DA:98,0
DA:99,0
DA:100,0
DA:102,0
DA:103,0
DA:105,0
DA:106,0
DA:110,0
DA:111,0
DA:115,0
DA:131,0
DA:144,0
DA:145,0
DA:151,0
DA:154,0
DA:155,0
DA:162,0
DA:165,0
DA:166,0
DA:169,0
DA:173,0
DA:182,0
DA:183,0
DA:184,0
DA:185,0
DA:186,0
DA:187,0
DA:189,0
DA:190,0
DA:191,0
DA:193,0
DA:195,0
DA:198,0
DA:202,0
DA:204,0
DA:208,0
DA:210,0
DA:214,0
DA:215,0
DA:217,0
DA:234,0
LF:78
LH:0
BRDA:32,0,0,0
BRDA:38,1,0,0
BRDA:46,2,0,0
BRDA:46,2,1,0
BRDA:56,3,0,0
BRDA:70,4,0,0
BRDA:70,5,0,0
BRDA:70,5,1,0
BRDA:71,6,0,0
BRDA:71,7,0,0
BRDA:71,7,1,0
BRDA:72,8,0,0
BRDA:72,9,0,0
BRDA:72,9,1,0
BRDA:74,10,0,0
BRDA:77,11,0,0
BRDA:80,12,0,0
BRDA:83,13,0,0
BRDA:98,14,0,0
BRDA:98,14,1,0
BRDA:99,15,0,0
BRDA:99,15,1,0
BRDA:100,16,0,0
BRDA:100,16,1,0
BRDA:106,17,0,0
BRDA:106,17,1,0
BRDA:106,18,0,0
BRDA:106,18,1,0
BRDA:106,19,0,0
BRDA:106,19,1,0
BRDA:111,20,0,0
BRDA:111,20,1,0
BRDA:111,21,0,0
BRDA:111,21,1,0
BRDA:111,22,0,0
BRDA:111,22,1,0
BRDA:165,23,0,0
BRDA:195,24,0,0
BRDA:195,24,1,0
BRDA:198,25,0,0
BRDA:198,25,1,0
BRDA:204,26,0,0
BRDA:204,26,1,0
BRDA:204,27,0,0
BRDA:204,27,1,0
BRDA:210,28,0,0
BRDA:210,28,1,0
BRDA:210,29,0,0
BRDA:210,29,1,0
BRF:49
BRH:0
end_of_record
TN:
SF:src/hooks/useStripePayments.ts
FN:26,(anonymous_3)
FN:31,(anonymous_4)
FN:67,(anonymous_5)
FN:102,(anonymous_6)
FN:136,(anonymous_7)
FN:168,(anonymous_8)
FN:198,(anonymous_9)
FNF:7
FNH:0
FNDA:0,(anonymous_3)
FNDA:0,(anonymous_4)
FNDA:0,(anonymous_5)
FNDA:0,(anonymous_6)
FNDA:0,(anonymous_7)
FNDA:0,(anonymous_8)
FNDA:0,(anonymous_9)
DA:1,0
DA:26,0
DA:27,0
DA:28,0
DA:30,0
DA:32,0
DA:33,0
DA:34,0
DA:36,0
DA:45,0
DA:46,0
DA:47,0
DA:52,0
DA:53,0
DA:56,0
DA:57,0
DA:58,0
DA:60,0
DA:66,0
DA:68,0
DA:69,0
DA:70,0
DA:72,0
DA:81,0
DA:82,0
DA:83,0
DA:88,0
DA:89,0
DA:92,0
DA:93,0
DA:94,0
DA:96,0
DA:102,0
DA:105,0
DA:106,0
DA:107,0
DA:109,0
DA:116,0
DA:117,0
DA:118,0
DA:123,0
DA:124,0
DA:127,0
DA:128,0
DA:129,0
DA:131,0
DA:135,0
DA:137,0
DA:138,0
DA:139,0
DA:141,0
DA:150,0
DA:151,0
DA:152,0
DA:155,0
DA:158,0
DA:159,0
DA:160,0
DA:162,0
DA:168,0
DA:169,0
DA:170,0
DA:171,0
DA:173,0
DA:180,0
DA:181,0
DA:182,0
DA:187,0
DA:190,0
DA:191,0
DA:192,0
DA:194,0
DA:198,0
DA:199,0
DA:202,0
DA:214,0
LF:76
LH:0
BRDA:45,0,0,0
BRDA:48,1,0,0
BRDA:48,1,1,0
BRDA:56,2,0,0
BRDA:56,2,1,0
BRDA:81,3,0,0
BRDA:84,4,0,0
BRDA:84,4,1,0
BRDA:92,5,0,0
BRDA:92,5,1,0
BRDA:116,6,0,0
BRDA:119,7,0,0
BRDA:119,7,1,0
BRDA:127,8,0,0
BRDA:127,8,1,0
BRDA:147,9,0,0
BRDA:147,9,1,0
BRDA:150,10,0,0
BRDA:152,11,0,0
BRDA:152,11,1,0
BRDA:158,12,0,0
BRDA:158,12,1,0
BRDA:180,13,0,0
BRDA:183,14,0,0
BRDA:183,14,1,0
BRDA:190,15,0,0
BRDA:190,15,1,0
BRF:27
BRH:0
end_of_record
TN:
SF:src/hooks/useSubscriptions.ts
FN:6,(anonymous_4)
FN:16,(anonymous_5)
FN:25,(anonymous_6)
FN:28,(anonymous_7)
FN:34,(anonymous_8)
FN:38,(anonymous_9)
FN:55,(anonymous_10)
FN:58,(anonymous_11)
FN:67,(anonymous_12)
FNF:9
FNH:0
FNDA:0,(anonymous_4)
FNDA:0,(anonymous_5)
FNDA:0,(anonymous_6)
FNDA:0,(anonymous_7)
FNDA:0,(anonymous_8)
FNDA:0,(anonymous_9)
FNDA:0,(anonymous_10)
FNDA:0,(anonymous_11)
FNDA:0,(anonymous_12)
DA:2,0
DA:3,0
DA:6,0
DA:7,0
DA:14,0
DA:17,0
DA:18,0
DA:24,0
DA:26,0
DA:29,0
DA:33,0
DA:36,0
DA:39,0
DA:43,0
DA:55,0
DA:56,0
DA:58,0
DA:60,0
DA:67,0
DA:69,0
LF:20
LH:0
BRDA:10,0,0,0
BRDA:18,1,0,0
BRDA:18,1,1,0
BRF:3
BRH:0
end_of_record
TN:
SF:src/hooks/useUserLimits.ts
FN:53,useUserLimits
FN:57,(anonymous_4)
FN:85,(anonymous_5)
FN:90,(anonymous_6)
FN:95,(anonymous_7)
FN:106,(anonymous_8)
FNF:6
FNH:0
FNDA:0,useUserLimits
FNDA:0,(anonymous_4)
FNDA:0,(anonymous_5)
FNDA:0,(anonymous_6)
FNDA:0,(anonymous_7)
FNDA:0,(anonymous_8)
DA:1,0
DA:13,0
DA:53,0
DA:54,0
DA:55,0
DA:57,0
DA:60,0
DA:66,0
DA:68,0
DA:82,0
DA:85,0
DA:86,0
DA:87,0
DA:90,0
DA:91,0
DA:92,0
DA:95,0
DA:96,0
DA:97,0
DA:106,0
DA:107,0
DA:108,0
DA:117,0
LF:23
LH:0
BRDA:72,0,0,0
BRDA:72,0,1,0
BRDA:77,1,0,0
BRDA:77,1,1,0
BRDA:86,2,0,0
BRDA:91,3,0,0
BRDA:96,4,0,0
BRDA:101,5,0,0
BRDA:101,5,1,0
BRDA:107,6,0,0
BRDA:112,7,0,0
BRDA:112,7,1,0
BRF:12
BRH:0
end_of_record
TN:
SF:src/pages/alerts.tsx
FN:7,(anonymous_4)
FN:154,getServerSideProps
FNF:2
FNH:0
FNDA:0,(anonymous_4)
FNDA:0,getServerSideProps
DA:2,0
DA:3,0
DA:4,0
DA:5,0
DA:7,0
DA:154,0
DA:155,0
DA:160,0
LF:8
LH:0
BRF:0
BRH:0
end_of_record
TN:
SF:src/pages/channels.tsx
FN:97,(anonymous_5)
FN:113,(anonymous_6)
FN:115,(anonymous_7)
FN:121,(anonymous_8)
FN:136,(anonymous_9)
FN:161,(anonymous_10)
FN:169,(anonymous_11)
FN:181,(anonymous_12)
FN:189,(anonymous_13)
FN:192,(anonymous_14)
FN:196,(anonymous_15)
FN:199,(anonymous_16)
FN:207,(anonymous_17)
FN:224,(anonymous_18)
FN:225,(anonymous_19)
FN:225,(anonymous_20)
FN:226,(anonymous_21)
FN:226,(anonymous_22)
FNF:18
FNH:0
FNDA:0,(anonymous_5)
FNDA:0,(anonymous_6)
FNDA:0,(anonymous_7)
FNDA:0,(anonymous_8)
FNDA:0,(anonymous_9)
FNDA:0,(anonymous_10)
FNDA:0,(anonymous_11)
FNDA:0,(anonymous_12)
FNDA:0,(anonymous_13)
FNDA:0,(anonymous_14)
FNDA:0,(anonymous_15)
FNDA:0,(anonymous_16)
FNDA:0,(anonymous_17)
FNDA:0,(anonymous_18)
FNDA:0,(anonymous_19)
FNDA:0,(anonymous_20)
FNDA:0,(anonymous_21)
FNDA:0,(anonymous_22)
DA:1,0
DA:2,0
DA:3,0
DA:9,0
DA:10,0
DA:11,0
DA:19,0
DA:20,0
DA:21,0
DA:22,0
DA:23,0
DA:24,0
DA:29,0
DA:83,0
DA:90,0
DA:97,0
DA:104,0
DA:106,0
DA:107,0
DA:108,0
DA:109,0
DA:111,0
DA:113,0
DA:114,0
DA:115,0
DA:116,0
DA:117,0
DA:118,0
DA:121,0
DA:122,0
DA:124,0
DA:126,0
DA:128,0
DA:131,0
DA:136,0
DA:137,0
DA:144,0
DA:145,0
DA:148,0
DA:149,0
DA:161,0
DA:169,0
DA:181,0
DA:189,0
DA:192,0
DA:196,0
DA:199,0
DA:208,0
DA:224,0
DA:225,0
DA:226,0
DA:259,0
LF:52
LH:0
BRDA:111,0,0,0
BRDA:111,0,1,0
BRDA:114,1,0,0
BRDA:116,2,0,0
BRDA:116,2,1,0
BRDA:116,2,2,0
BRDA:118,3,0,0
BRDA:118,3,1,0
BRDA:122,4,0,0
BRDA:122,4,1,0
BRDA:122,4,2,0
BRDA:122,4,3,0
BRDA:122,4,4,0
BRDA:124,5,0,0
BRDA:124,5,1,0
BRDA:124,6,0,0
BRDA:124,6,1,0
BRDA:126,7,0,0
BRDA:126,7,1,0
BRDA:126,8,0,0
BRDA:126,8,1,0
BRDA:128,9,0,0
BRDA:128,9,1,0
BRDA:128,10,0,0
BRDA:128,10,1,0
BRDA:131,11,0,0
BRDA:131,11,1,0
BRDA:131,12,0,0
BRDA:131,12,1,0
BRDA:148,13,0,0
BRDA:148,14,0,0
BRDA:148,14,1,0
BRDA:207,15,0,0
BRDA:212,16,0,0
BRDA:212,16,1,0
BRDA:233,17,0,0
BRDA:233,17,1,0
BRDA:234,18,0,0
BRDA:234,18,1,0
BRDA:235,19,0,0
BRDA:235,19,1,0
BRDA:236,20,0,0
BRDA:236,20,1,0
BRF:43
BRH:0
end_of_record
TN:
SF:src/pages/dashboard.tsx
FN:86,DashboardPage
FN:91,(anonymous_3)
FN:106,(anonymous_4)
FN:272,(anonymous_5)
FN:311,(anonymous_6)
FNF:5
FNH:0
FNDA:0,DashboardPage
FNDA:0,(anonymous_3)
FNDA:0,(anonymous_4)
FNDA:0,(anonymous_5)
FNDA:0,(anonymous_6)
DA:1,0
DA:2,0
DA:3,0
DA:10,0
DA:11,0
DA:22,0
DA:23,0
DA:26,0
DA:53,0
DA:86,0
DA:87,0
DA:88,0
DA:89,0
DA:91,0
DA:93,0
DA:100,0
DA:103,0
DA:104,0
DA:106,0
DA:110,0
DA:273,0
DA:312,0
LF:22
LH:0
BRDA:104,0,0,0
BRDA:110,1,0,0
BRDA:323,2,0,0
BRDA:323,2,1,0
BRDA:345,3,0,0
BRDA:345,3,1,0
BRDA:347,4,0,0
BRDA:347,4,1,0
BRDA:352,5,0,0
BRDA:355,6,0,0
BRDA:358,7,0,0
BRDA:360,8,0,0
BRDA:360,8,1,0
BRDA:364,9,0,0
BRDA:370,10,0,0
BRDA:370,10,1,0
BRDA:372,11,0,0
BRDA:372,11,1,0
BRDA:377,12,0,0
BRDA:377,12,1,0
BRDA:378,13,0,0
BRDA:378,13,1,0
BRDA:379,14,0,0
BRDA:379,14,1,0
BRF:24
BRH:0
end_of_record
TN:
SF:src/pages/pricing.tsx
FN:86,PricingPage
FN:92,(anonymous_6)
FN:103,(anonymous_7)
FN:108,(anonymous_8)
FN:133,(anonymous_9)
FN:159,(anonymous_10)
FN:203,(anonymous_11)
FN:212,(anonymous_12)
FNF:8
FNH:0
FNDA:0,PricingPage
FNDA:0,(anonymous_6)
FNDA:0,(anonymous_7)
FNDA:0,(anonymous_8)
FNDA:0,(anonymous_9)
FNDA:0,(anonymous_10)
FNDA:0,(anonymous_11)
FNDA:0,(anonymous_12)
DA:1,0
DA:2,0
DA:3,0
DA:4,0
DA:5,0
DA:6,0
DA:7,0
DA:8,0
DA:14,0
DA:29,0
DA:86,0
DA:87,0
DA:88,0
DA:89,0
DA:90,0
DA:92,0
DA:93,0
DA:95,0
DA:96,0
DA:99,0
DA:100,0
DA:103,0
DA:104,0
DA:105,0
DA:108,0
DA:109,0
DA:133,0
DA:160,0
DA:204,0
DA:212,0
LF:30
LH:0
BRDA:93,0,0,0
BRDA:128,1,0,0
BRDA:128,1,1,0
BRDA:135,2,0,0
BRDA:135,2,1,0
BRDA:140,3,0,0
BRDA:140,3,1,0
BRDA:145,4,0,0
BRDA:145,4,1,0
BRDA:149,5,0,0
BRDA:163,6,0,0
BRDA:163,6,1,0
BRDA:168,7,0,0
BRDA:178,8,0,0
BRDA:178,8,1,0
BRDA:190,9,0,0
BRDA:190,9,1,0
BRDA:193,10,0,0
BRDA:193,10,1,0
BRDA:214,11,0,0
BRDA:214,11,1,0
BRDA:216,12,0,0
BRDA:216,12,1,0
BRDA:221,13,0,0
BRDA:221,13,1,0
BRDA:273,14,0,0
BRDA:278,15,0,0
BRDA:278,15,1,0
BRF:28
BRH:0
end_of_record
TN:
SF:src/pages/profile.tsx
FN:95,ProfilePage
FN:101,(anonymous_3)
FN:114,(anonymous_4)
FN:254,(anonymous_5)
FN:259,(anonymous_6)
FN:284,(anonymous_7)
FN:301,(anonymous_8)
FN:321,(anonymous_9)
FN:342,(anonymous_10)
FN:426,(anonymous_11)
FN:452,(anonymous_12)
FN:474,(anonymous_13)
FN:524,(anonymous_14)
FN:541,(anonymous_15)
FN:648,(anonymous_16)
FNF:15
FNH:0
FNDA:0,ProfilePage
FNDA:0,(anonymous_3)
FNDA:0,(anonymous_4)
FNDA:0,(anonymous_5)
FNDA:0,(anonymous_6)
FNDA:0,(anonymous_7)
FNDA:0,(anonymous_8)
FNDA:0,(anonymous_9)
FNDA:0,(anonymous_10)
FNDA:0,(anonymous_11)
FNDA:0,(anonymous_12)
FNDA:0,(anonymous_13)
FNDA:0,(anonymous_14)
FNDA:0,(anonymous_15)
FNDA:0,(anonymous_16)
DA:1,0
DA:2,0
DA:3,0
DA:11,0
DA:12,0
DA:38,0
DA:41,0
DA:78,0
DA:95,0
DA:96,0
DA:97,0
DA:98,0
DA:99,0
DA:101,0
DA:102,0
DA:106,0
DA:114,0
DA:115,0
DA:117,0
DA:119,0
DA:121,0
DA:123,0
DA:255,0
DA:256,0
DA:259,0
DA:284,0
DA:302,0
DA:321,0
DA:343,0
DA:427,0
DA:453,0
DA:475,0
DA:525,0
DA:542,0
DA:649,0
LF:35
LH:0
BRDA:115,0,0,0
BRDA:115,0,1,0
BRDA:115,0,2,0
BRDA:115,0,3,0
BRDA:230,1,0,0
BRDA:230,1,1,0
BRDA:236,2,0,0
BRDA:236,2,1,0
BRDA:242,3,0,0
BRDA:242,3,1,0
BRDA:261,4,0,0
BRDA:261,4,1,0
BRDA:275,5,0,0
BRDA:287,6,0,0
BRDA:287,6,1,0
BRDA:297,7,0,0
BRDA:316,8,0,0
BRDA:325,9,0,0
BRDA:338,10,0,0
BRDA:351,11,0,0
BRDA:369,12,0,0
BRDA:369,12,1,0
BRDA:378,13,0,0
BRDA:378,13,1,0
BRDA:385,14,0,0
BRDA:385,14,1,0
BRDA:392,15,0,0
BRDA:392,15,1,0
BRDA:404,16,0,0
BRDA:424,17,0,0
BRDA:424,17,1,0
BRDA:438,18,0,0
BRDA:438,18,1,0
BRDA:494,19,0,0
BRDA:537,20,0,0
BRDA:537,20,1,0
BRDA:553,21,0,0
BRDA:553,21,1,0
BRDA:565,22,0,0
BRDA:624,23,0,0
BRF:40
BRH:0
end_of_record
TN:
SF:src/pages/ratings.tsx
FN:145,RatingsPage
FN:148,(anonymous_3)
FN:165,(anonymous_4)
FN:251,(anonymous_5)
FN:256,(anonymous_6)
FN:282,(anonymous_7)
FN:306,(anonymous_8)
FN:434,(anonymous_9)
FN:456,(anonymous_10)
FNF:9
FNH:0
FNDA:0,RatingsPage
FNDA:0,(anonymous_3)
FNDA:0,(anonymous_4)
FNDA:0,(anonymous_5)
FNDA:0,(anonymous_6)
FNDA:0,(anonymous_7)
FNDA:0,(anonymous_8)
FNDA:0,(anonymous_9)
FNDA:0,(anonymous_10)
DA:1,0
DA:2,0
DA:3,0
DA:10,0
DA:11,0
DA:31,0
DA:34,0
DA:86,0
DA:138,0
DA:145,0
DA:146,0
DA:148,0
DA:149,0
DA:165,0
DA:166,0
DA:168,0
DA:170,0
DA:172,0
DA:174,0
DA:176,0
DA:178,0
DA:180,0
DA:252,0
DA:253,0
DA:256,0
DA:283,0
DA:307,0
DA:435,0
DA:457,0
LF:29
LH:0
BRDA:166,0,0,0
BRDA:166,0,1,0
BRDA:166,0,2,0
BRDA:166,0,3,0
BRDA:166,0,4,0
BRDA:166,0,5,0
BRDA:166,0,6,0
BRDA:258,1,0,0
BRDA:258,1,1,0
BRDA:272,2,0,0
BRDA:272,2,1,0
BRDA:286,3,0,0
BRDA:286,3,1,0
BRDA:289,4,0,0
BRDA:310,5,0,0
BRDA:310,5,1,0
BRDA:413,6,0,0
BRDA:413,6,1,0
BRDA:460,7,0,0
BRDA:460,7,1,0
BRF:20
BRH:0
end_of_record
TN:
SF:src/pages/signals-optimized.tsx
FN:17,(anonymous_7)
FN:18,(anonymous_8)
FN:18,(anonymous_9)
FN:28,(anonymous_12)
FN:29,(anonymous_13)
FN:29,(anonymous_14)
FN:37,(anonymous_17)
FN:38,(anonymous_18)
FN:38,(anonymous_19)
FN:51,OptimizedSignalsPage
FN:75,(anonymous_23)
FN:79,(anonymous_24)
FN:84,(anonymous_25)
FN:92,(anonymous_26)
FN:117,(anonymous_27)
FN:127,(anonymous_28)
FN:155,(anonymous_29)
FN:162,(anonymous_30)
FN:241,(anonymous_31)
FN:257,(anonymous_32)
FN:278,(anonymous_33)
FNF:21
FNH:0
FNDA:0,(anonymous_7)
FNDA:0,(anonymous_8)
FNDA:0,(anonymous_9)
FNDA:0,(anonymous_12)
FNDA:0,(anonymous_13)
FNDA:0,(anonymous_14)
FNDA:0,(anonymous_17)
FNDA:0,(anonymous_18)
FNDA:0,(anonymous_19)
FNDA:0,OptimizedSignalsPage
FNDA:0,(anonymous_23)
FNDA:0,(anonymous_24)
FNDA:0,(anonymous_25)
FNDA:0,(anonymous_26)
FNDA:0,(anonymous_27)
FNDA:0,(anonymous_28)
FNDA:0,(anonymous_29)
FNDA:0,(anonymous_30)
FNDA:0,(anonymous_31)
FNDA:0,(anonymous_32)
FNDA:0,(anonymous_33)
DA:1,0
DA:3,0
DA:4,0
DA:5,0
DA:6,0
DA:7,0
DA:8,0
DA:9,0
DA:10,0
DA:11,0
DA:12,0
DA:18,0
DA:29,0
DA:38,0
DA:51,0
DA:54,0
DA:55,0
DA:56,0
DA:57,0
DA:58,0
DA:61,0
DA:64,0
DA:70,0
DA:73,0
DA:75,0
DA:76,0
DA:79,0
DA:80,0
DA:81,0
DA:84,0
DA:85,0
DA:86,0
DA:88,0
DA:92,0
DA:93,0
DA:117,0
DA:127,0
DA:155,0
DA:162,0
DA:241,0
DA:258,0
DA:278,0
DA:279,0
DA:281,0
DA:303,0
DA:309,0
DA:310,0
LF:47
LH:0
BRDA:73,0,0,0
BRDA:73,0,1,0
BRDA:119,1,0,0
BRDA:119,1,1,0
BRDA:129,2,0,0
BRDA:129,2,1,0
BRDA:142,3,0,0
BRDA:142,3,1,0
BRDA:165,4,0,0
BRDA:171,5,0,0
BRDA:171,5,1,0
BRDA:187,6,0,0
BRDA:205,7,0,0
BRDA:205,7,1,0
BRDA:220,8,0,0
BRDA:235,9,0,0
BRDA:234,10,0,0
BRDA:234,10,1,0
BRDA:247,11,0,0
BRF:19
BRH:0
end_of_record
TN:
SF:src/pages/signals.tsx
FN:16,SignalsPage
FN:23,(anonymous_8)
FN:35,(anonymous_9)
FN:39,(anonymous_10)
FN:43,(anonymous_11)
FN:47,(anonymous_12)
FN:77,(anonymous_13)
FN:87,(anonymous_14)
FN:143,(anonymous_15)
FN:161,(anonymous_16)
FNF:10
FNH:0
FNDA:0,SignalsPage
FNDA:0,(anonymous_8)
FNDA:0,(anonymous_9)
FNDA:0,(anonymous_10)
FNDA:0,(anonymous_11)
FNDA:0,(anonymous_12)
FNDA:0,(anonymous_13)
FNDA:0,(anonymous_14)
FNDA:0,(anonymous_15)
FNDA:0,(anonymous_16)
DA:1,0
DA:3,0
DA:4,0
DA:5,0
DA:6,0
DA:7,0
DA:8,0
DA:9,0
DA:16,0
DA:17,0
DA:18,0
DA:19,0
DA:20,0
DA:21,0
DA:23,0
DA:24,0
DA:25,0
DA:26,0
DA:27,0
DA:29,0
DA:31,0
DA:35,0
DA:36,0
DA:39,0
DA:40,0
DA:43,0
DA:44,0
DA:47,0
DA:48,0
DA:50,0
DA:53,0
DA:77,0
DA:87,0
DA:144,0
DA:161,0
DA:162,0
DA:164,0
DA:170,0
DA:171,0
LF:39
LH:0
BRDA:27,0,0,0
BRDA:27,0,1,0
BRDA:79,1,0,0
BRDA:79,1,1,0
BRDA:89,2,0,0
BRDA:89,2,1,0
BRDA:127,3,0,0
BRDA:131,4,0,0
BRDA:135,5,0,0
BRF:9
BRH:0
end_of_record
TN:
SF:src/pages/subscription.tsx
FN:36,SubscriptionPage
FN:43,(anonymous_8)
FN:48,(anonymous_9)
FN:84,(anonymous_10)
FN:141,(anonymous_11)
FN:154,(anonymous_12)
FN:198,(anonymous_13)
FN:246,(anonymous_14)
FN:265,(anonymous_15)
FN:291,(anonymous_16)
FN:302,(anonymous_17)
FN:319,getServerSideProps
FNF:12
FNH:0
FNDA:0,SubscriptionPage
FNDA:0,(anonymous_8)
FNDA:0,(anonymous_9)
FNDA:0,(anonymous_10)
FNDA:0,(anonymous_11)
FNDA:0,(anonymous_12)
FNDA:0,(anonymous_13)
FNDA:0,(anonymous_14)
FNDA:0,(anonymous_15)
FNDA:0,(anonymous_16)
FNDA:0,(anonymous_17)
FNDA:0,getServerSideProps
DA:1,0
DA:2,0
DA:3,0
DA:4,0
DA:5,0
DA:6,0
DA:7,0
DA:8,0
DA:9,0
DA:36,0
DA:37,0
DA:38,0
DA:39,0
DA:40,0
DA:41,0
DA:43,0
DA:44,0
DA:45,0
DA:48,0
DA:49,0
DA:50,0
DA:52,0
DA:80,0
DA:84,0
DA:85,0
DA:87,0
DA:135,0
DA:137,0
DA:141,0
DA:142,0
DA:143,0
DA:144,0
DA:146,0
DA:148,0
DA:150,0
DA:154,0
DA:155,0
DA:156,0
DA:161,0
DA:165,0
DA:199,0
DA:246,0
DA:266,0
DA:292,0
DA:302,0
DA:319,0
DA:320,0
LF:47
LH:0
BRDA:165,0,0,0
BRDA:212,1,0,0
BRDA:212,1,1,0
BRDA:214,2,0,0
BRDA:214,2,1,0
BRDA:219,3,0,0
BRDA:219,3,1,0
BRDA:221,4,0,0
BRDA:221,4,1,0
BRDA:243,5,0,0
BRDA:269,6,0,0
BRDA:269,6,1,0
BRDA:272,7,0,0
BRDA:305,8,0,0
BRDA:305,8,1,0
BRF:15
BRH:0
end_of_record
TN:
SF:src/pages/test-login.tsx
FN:8,TestLoginPage
FN:18,(anonymous_2)
FN:37,(anonymous_3)
FN:59,(anonymous_4)
FN:78,(anonymous_5)
FN:87,(anonymous_6)
FNF:6
FNH:0
FNDA:0,TestLoginPage
FNDA:0,(anonymous_2)
FNDA:0,(anonymous_3)
FNDA:0,(anonymous_4)
FNDA:0,(anonymous_5)
FNDA:0,(anonymous_6)
DA:3,0
DA:4,0
DA:5,0
DA:6,0
DA:8,0
DA:9,0
DA:10,0
DA:11,0
DA:12,0
DA:13,0
DA:15,0
DA:16,0
DA:18,0
DA:19,0
DA:20,0
DA:21,0
DA:23,0
DA:24,0
DA:25,0
DA:26,0
DA:28,0
DA:31,0
DA:33,0
DA:37,0
DA:38,0
DA:39,0
DA:40,0
DA:42,0
DA:43,0
DA:44,0
DA:45,0
DA:47,0
DA:53,0
DA:55,0
DA:59,0
DA:61,0
DA:62,0
DA:78,0
DA:87,0
LF:39
LH:0
BRDA:25,0,0,0
BRDA:25,0,1,0
BRDA:31,1,0,0
BRDA:31,1,1,0
BRDA:49,2,0,0
BRDA:49,2,1,0
BRDA:50,3,0,0
BRDA:50,3,1,0
BRDA:53,4,0,0
BRDA:53,4,1,0
BRDA:96,5,0,0
BRDA:96,5,1,0
BRDA:107,6,0,0
BRDA:107,6,1,0
BRDA:116,7,0,0
BRDA:116,7,1,0
BRDA:118,8,0,0
BRDA:126,9,0,0
BRDA:136,10,0,0
BRF:19
BRH:0
end_of_record
TN:
SF:src/pages/auth/forgot-password.tsx
FN:15,ForgotPasswordPage
FN:22,(anonymous_3)
FN:104,(anonymous_4)
FN:140,(anonymous_5)
FNF:4
FNH:0
FNDA:0,ForgotPasswordPage
FNDA:0,(anonymous_3)
FNDA:0,(anonymous_4)
FNDA:0,(anonymous_5)
DA:1,0
DA:2,0
DA:3,0
DA:11,0
DA:12,0
DA:13,0
DA:15,0
DA:17,0
DA:18,0
DA:19,0
DA:20,0
DA:22,0
DA:23,0
DA:24,0
DA:25,0
DA:27,0
DA:28,0
DA:39,0
DA:40,0
DA:42,0
DA:43,0
DA:46,0
DA:48,0
DA:105,0
DA:106,0
DA:140,0
LF:26
LH:0
BRDA:39,0,0,0
BRDA:39,0,1,0
BRDA:43,1,0,0
BRDA:43,1,1,0
BRDA:85,2,0,0
BRDA:123,3,0,0
BRDA:150,4,0,0
BRDA:150,4,1,0
BRDA:152,5,0,0
BRDA:152,5,1,0
BRF:10
BRH:0
end_of_record
TN:
SF:src/pages/auth/login.tsx
FN:12,LoginPage
FN:23,(anonymous_3)
FN:42,(anonymous_4)
FN:43,(anonymous_5)
FN:125,(anonymous_6)
FNF:5
FNH:0
FNDA:0,LoginPage
FNDA:0,(anonymous_3)
FNDA:0,(anonymous_4)
FNDA:0,(anonymous_5)
FNDA:0,(anonymous_6)
DA:3,0
DA:4,0
DA:5,0
DA:6,0
DA:7,0
DA:8,0
DA:9,0
DA:10,0
DA:12,0
DA:13,0
DA:14,0
DA:15,0
DA:19,0
DA:20,0
DA:21,0
DA:23,0
DA:24,0
DA:25,0
DA:26,0
DA:28,0
DA:29,0
DA:30,0
DA:31,0
DA:33,0
DA:36,0
DA:38,0
DA:42,0
DA:43,0
DA:125,0
LF:29
LH:0
BRDA:30,0,0,0
BRDA:30,0,1,0
BRDA:80,1,0,0
BRDA:116,2,0,0
BRDA:116,2,1,0
BRDA:129,3,0,0
BRDA:142,4,0,0
BRDA:142,4,1,0
BRF:8
BRH:0
end_of_record
TN:
SF:src/pages/auth/register.tsx
FN:16,RegisterPage
FN:39,(anonymous_3)
FN:44,(anonymous_4)
FN:100,(anonymous_5)
FN:102,(anonymous_6)
FN:224,(anonymous_7)
FN:237,(anonymous_8)
FN:284,(anonymous_9)
FNF:8
FNH:0
FNDA:0,RegisterPage
FNDA:0,(anonymous_3)
FNDA:0,(anonymous_4)
FNDA:0,(anonymous_5)
FNDA:0,(anonymous_6)
FNDA:0,(anonymous_7)
FNDA:0,(anonymous_8)
FNDA:0,(anonymous_9)
DA:1,0
DA:2,0
DA:3,0
DA:4,0
DA:11,0
DA:12,0
DA:13,0
DA:14,0
DA:16,0
DA:17,0
DA:18,0
DA:19,0
DA:27,0
DA:28,0
DA:29,0
DA:30,0
DA:32,0
DA:39,0
DA:41,0
DA:44,0
DA:45,0
DA:46,0
DA:47,0
DA:49,0
DA:50,0
DA:51,0
DA:52,0
DA:55,0
DA:56,0
DA:57,0
DA:58,0
DA:61,0
DA:62,0
DA:63,0
DA:64,0
DA:67,0
DA:68,0
DA:84,0
DA:85,0
DA:87,0
DA:88,0
DA:90,0
DA:91,0
DA:94,0
DA:96,0
DA:100,0
DA:101,0
DA:102,0
DA:224,0
DA:238,0
DA:285,0
LF:51
LH:0
BRDA:41,0,0,0
BRDA:41,0,1,0
BRDA:49,1,0,0
BRDA:55,2,0,0
BRDA:61,3,0,0
BRDA:84,4,0,0
BRDA:84,4,1,0
BRDA:91,5,0,0
BRDA:91,5,1,0
BRDA:104,6,0,0
BRDA:104,6,1,0
BRDA:139,7,0,0
BRDA:214,8,0,0
BRDA:214,8,1,0
BRDA:227,9,0,0
BRDA:235,10,0,0
BRDA:240,11,0,0
BRDA:246,12,0,0
BRDA:246,12,1,0
BRDA:268,13,0,0
BRDA:268,13,1,0
BRDA:273,14,0,0
BRDA:273,14,1,0
BRDA:273,15,0,0
BRDA:273,15,1,0
BRDA:275,16,0,0
BRDA:275,16,1,0
BRDA:275,17,0,0
BRDA:275,17,1,0
BRDA:289,18,0,0
BRDA:296,19,0,0
BRDA:296,19,1,0
BRDA:338,20,0,0
BRDA:338,20,1,0
BRDA:338,20,2,0
BRDA:338,20,3,0
BRDA:344,21,0,0
BRDA:344,21,1,0
BRF:38
BRH:0
end_of_record
TN:
SF:src/pages/auth/reset-password.tsx
FN:15,ResetPasswordPage
FN:36,(anonymous_3)
FN:41,(anonymous_4)
FN:47,(anonymous_5)
FN:81,(anonymous_6)
FN:192,(anonymous_7)
FN:202,(anonymous_8)
FN:220,(anonymous_9)
FN:253,(anonymous_10)
FN:266,(anonymous_11)
FNF:10
FNH:0
FNDA:0,ResetPasswordPage
FNDA:0,(anonymous_3)
FNDA:0,(anonymous_4)
FNDA:0,(anonymous_5)
FNDA:0,(anonymous_6)
FNDA:0,(anonymous_7)
FNDA:0,(anonymous_8)
FNDA:0,(anonymous_9)
FNDA:0,(anonymous_10)
FNDA:0,(anonymous_11)
DA:1,0
DA:2,0
DA:3,0
DA:4,0
DA:11,0
DA:12,0
DA:13,0
DA:15,0
DA:16,0
DA:17,0
DA:19,0
DA:23,0
DA:24,0
DA:25,0
DA:26,0
DA:27,0
DA:29,0
DA:36,0
DA:38,0
DA:41,0
DA:42,0
DA:43,0
DA:47,0
DA:48,0
DA:49,0
DA:50,0
DA:52,0
DA:53,0
DA:54,0
DA:55,0
DA:58,0
DA:59,0
DA:60,0
DA:61,0
DA:64,0
DA:65,0
DA:79,0
DA:80,0
DA:81,0
DA:82,0
DA:85,0
DA:86,0
DA:89,0
DA:91,0
DA:95,0
DA:193,0
DA:202,0
DA:221,0
DA:254,0
DA:266,0
LF:50
LH:0
BRDA:38,0,0,0
BRDA:38,0,1,0
BRDA:42,1,0,0
BRDA:52,2,0,0
BRDA:58,3,0,0
BRDA:79,4,0,0
BRDA:79,4,1,0
BRDA:86,5,0,0
BRDA:86,5,1,0
BRDA:95,6,0,0
BRDA:154,7,0,0
BRDA:173,8,0,0
BRDA:190,9,0,0
BRDA:190,9,1,0
BRDA:205,10,0,0
BRDA:214,11,0,0
BRDA:223,12,0,0
BRDA:229,13,0,0
BRDA:229,13,1,0
BRDA:251,14,0,0
BRDA:251,14,1,0
BRDA:269,15,0,0
BRDA:275,16,0,0
BRDA:278,17,0,0
BRDA:284,18,0,0
BRDA:284,18,1,0
BRDA:287,19,0,0
BRDA:287,19,1,0
BRDA:296,20,0,0
BRDA:296,20,1,0
BRDA:296,20,2,0
BRDA:298,21,0,0
BRDA:298,21,1,0
BRF:33
BRH:0
end_of_record
TN:
SF:src/pages/channels/[id].tsx
FN:37,ChannelDetailPage
FN:76,(anonymous_5)
FN:89,(anonymous_6)
FN:100,(anonymous_7)
FN:280,(anonymous_8)
FN:285,(anonymous_9)
FN:321,(anonymous_10)
FN:373,(anonymous_11)
FN:487,(anonymous_12)
FN:512,(anonymous_13)
FN:543,getServerSideProps
FNF:11
FNH:0
FNDA:0,ChannelDetailPage
FNDA:0,(anonymous_5)
FNDA:0,(anonymous_6)
FNDA:0,(anonymous_7)
FNDA:0,(anonymous_8)
FNDA:0,(anonymous_9)
FNDA:0,(anonymous_10)
FNDA:0,(anonymous_11)
FNDA:0,(anonymous_12)
FNDA:0,(anonymous_13)
FNDA:0,getServerSideProps
DA:1,0
DA:2,0
DA:3,0
DA:4,0
DA:5,0
DA:6,0
DA:7,0
DA:8,0
DA:37,0
DA:38,0
DA:39,0
DA:40,0
DA:42,0
DA:44,0
DA:52,0
DA:65,0
DA:76,0
DA:77,0
DA:79,0
DA:81,0
DA:83,0
DA:85,0
DA:89,0
DA:90,0
DA:92,0
DA:94,0
DA:96,0
DA:100,0
DA:101,0
DA:103,0
DA:105,0
DA:107,0
DA:109,0
DA:113,0
DA:281,0
DA:282,0
DA:285,0
DA:322,0
DA:374,0
DA:488,0
DA:513,0
DA:543,0
DA:544,0
LF:43
LH:0
BRDA:44,0,0,0
BRDA:52,1,0,0
BRDA:57,2,0,0
BRDA:57,2,1,0
BRDA:65,3,0,0
BRDA:77,4,0,0
BRDA:77,4,1,0
BRDA:77,4,2,0
BRDA:77,4,3,0
BRDA:90,5,0,0
BRDA:90,5,1,0
BRDA:90,5,2,0
BRDA:101,6,0,0
BRDA:101,6,1,0
BRDA:101,6,2,0
BRDA:101,6,3,0
BRDA:287,7,0,0
BRDA:287,7,1,0
BRDA:302,8,0,0
BRDA:310,9,0,0
BRDA:310,9,1,0
BRDA:329,10,0,0
BRDA:329,10,1,0
BRDA:331,11,0,0
BRDA:331,11,1,0
BRDA:346,12,0,0
BRDA:346,12,1,0
BRDA:346,13,0,0
BRDA:346,13,1,0
BRDA:349,14,0,0
BRDA:349,14,1,0
BRDA:349,15,0,0
BRDA:349,15,1,0
BRDA:349,16,0,0
BRDA:349,16,1,0
BRDA:363,17,0,0
BRDA:398,18,0,0
BRDA:398,18,1,0
BRDA:405,19,0,0
BRDA:405,19,1,0
BRDA:405,20,0,0
BRDA:405,20,1,0
BRDA:408,21,0,0
BRDA:408,21,1,0
BRDA:408,22,0,0
BRDA:408,22,1,0
BRDA:408,23,0,0
BRDA:408,23,1,0
BRDA:421,24,0,0
BRDA:469,25,0,0
BRF:50
BRH:0
end_of_record
